Activating environment
CUDA_HOME is set to: /tc1apps/cuda/11.8
Checking GPU availability
CUDA available: True
Current device: Tesla V100-PCIE-32GB
Downloading spaCy model
Collecting en-core-web-sm==3.8.0
  Downloading https://github.com/explosion/spacy-models/releases/download/en_core_web_sm-3.8.0/en_core_web_sm-3.8.0-py3-none-any.whl (12.8 MB)
     ━━━━━━━━━━━━━━━━━━━━━━━━━━━━━━━━━━━━━━━━ 12.8/12.8 MB 17.3 MB/s eta 0:00:00
[38;5;2m✔ Download and installation successful[0m
You can now load the package via spacy.load('en_core_web_sm')
Running script
Using device : cuda
Loading training data...
[Epoch 1] Training Loss: 1.9560
Accuracy: 32.75%, F1 Score: 0.2443

Detailed Report:
               precision    recall  f1-score   support

           0       0.00      0.00      0.00       159
           1       0.26      0.62      0.37       391
           2       0.00      0.00      0.00       116
           3       0.60      0.01      0.02       269
           4       0.40      0.49      0.44       709
           5       0.00      0.00      0.00       124
           6       0.00      0.00      0.00       388
           7       0.00      0.00      0.00       196
           8       0.33      0.62      0.43       628

    accuracy                           0.33      2980
   macro avg       0.18      0.19      0.14      2980
weighted avg       0.25      0.33      0.24      2980

[Epoch 1] Validation Accuracy: 0.3275
Best model saved at cepoch 1 with accuracy: 0.3275
[Epoch 2] Training Loss: 1.7884
Accuracy: 35.00%, F1 Score: 0.2898

Detailed Report:
               precision    recall  f1-score   support

           0       0.00      0.00      0.00       159
           1       0.28      0.35      0.31       391
           2       0.00      0.00      0.00       116
           3       0.35      0.44      0.39       269
           4       0.38      0.59      0.46       709
           5       0.00      0.00      0.00       124
           6       0.39      0.06      0.11       388
           7       0.00      0.00      0.00       196
           8       0.35      0.55      0.43       628

    accuracy                           0.35      2980
   macro avg       0.19      0.22      0.19      2980
weighted avg       0.28      0.35      0.29      2980

[Epoch 2] Validation Accuracy: 0.3500
Best model saved at cepoch 2 with accuracy: 0.3500
[Epoch 3] Training Loss: 1.7357
Accuracy: 35.30%, F1 Score: 0.2968

Detailed Report:
               precision    recall  f1-score   support

           0       0.00      0.00      0.00       159
           1       0.29      0.43      0.35       391
           2       0.00      0.00      0.00       116
           3       0.39      0.41      0.40       269
           4       0.40      0.51      0.45       709
           5       0.00      0.00      0.00       124
           6       0.39      0.08      0.13       388
           7       0.00      0.00      0.00       196
           8       0.33      0.60      0.43       628

    accuracy                           0.35      2980
   macro avg       0.20      0.23      0.20      2980
weighted avg       0.29      0.35      0.30      2980

[Epoch 3] Validation Accuracy: 0.3530
Best model saved at cepoch 3 with accuracy: 0.3530
[Epoch 4] Training Loss: 1.7043
Accuracy: 38.59%, F1 Score: 0.3452

Detailed Report:
               precision    recall  f1-score   support

           0       0.00      0.00      0.00       159
           1       0.35      0.40      0.37       391
           2       0.46      0.16      0.24       116
           3       0.48      0.38      0.42       269
           4       0.39      0.64      0.49       709
           5       0.00      0.00      0.00       124
           6       0.36      0.35      0.35       388
           7       0.00      0.00      0.00       196
           8       0.38      0.46      0.42       628

    accuracy                           0.39      2980
   macro avg       0.27      0.26      0.25      2980
weighted avg       0.33      0.39      0.35      2980

[Epoch 4] Validation Accuracy: 0.3859
Best model saved at cepoch 4 with accuracy: 0.3859
[Epoch 5] Training Loss: 1.6882
Accuracy: 37.21%, F1 Score: 0.3222

Detailed Report:
               precision    recall  f1-score   support

           0       0.00      0.00      0.00       159
           1       0.30      0.46      0.36       391
           2       0.39      0.26      0.31       116
           3       0.43      0.40      0.41       269
           4       0.42      0.52      0.47       709
           5       0.00      0.00      0.00       124
           6       0.35      0.09      0.14       388
           7       0.00      0.00      0.00       196
           8       0.36      0.62      0.45       628

    accuracy                           0.37      2980
   macro avg       0.25      0.26      0.24      2980
weighted avg       0.31      0.37      0.32      2980

[Epoch 5] Validation Accuracy: 0.3721
[Epoch 6] Training Loss: 1.6662
Accuracy: 38.36%, F1 Score: 0.3458

Detailed Report:
               precision    recall  f1-score   support

           0       0.00      0.00      0.00       159
           1       0.34      0.44      0.38       391
           2       0.40      0.32      0.35       116
           3       0.46      0.40      0.43       269
           4       0.38      0.61      0.47       709
           5       0.00      0.00      0.00       124
           6       0.35      0.30      0.32       388
           7       0.00      0.00      0.00       196
           8       0.41      0.44      0.43       628

    accuracy                           0.38      2980
   macro avg       0.26      0.28      0.26      2980
weighted avg       0.32      0.38      0.35      2980

[Epoch 6] Validation Accuracy: 0.3836
[Epoch 7] Training Loss: 1.6516
Accuracy: 38.76%, F1 Score: 0.3485

Detailed Report:
               precision    recall  f1-score   support

           0       0.17      0.01      0.02       159
           1       0.33      0.37      0.35       391
           2       0.39      0.33      0.36       116
           3       0.41      0.48      0.44       269
           4       0.41      0.56      0.47       709
           5       0.67      0.02      0.03       124
           6       0.37      0.23      0.28       388
           7       0.00      0.00      0.00       196
           8       0.39      0.57      0.46       628

    accuracy                           0.39      2980
   macro avg       0.35      0.28      0.27      2980
weighted avg       0.36      0.39      0.35      2980

[Epoch 7] Validation Accuracy: 0.3876
Best model saved at cepoch 7 with accuracy: 0.3876
[Epoch 8] Training Loss: 1.6401
Accuracy: 38.02%, F1 Score: 0.3367

Detailed Report:
               precision    recall  f1-score   support

           0       0.00      0.00      0.00       159
           1       0.31      0.49      0.38       391
           2       0.39      0.30      0.34       116
           3       0.47      0.40      0.43       269
           4       0.36      0.72      0.48       709
           5       0.00      0.00      0.00       124
           6       0.44      0.23      0.31       388
           7       1.00      0.01      0.01       196
           8       0.48      0.32      0.38       628

    accuracy                           0.38      2980
   macro avg       0.38      0.27      0.26      2980
weighted avg       0.41      0.38      0.34      2980

[Epoch 8] Validation Accuracy: 0.3802
[Epoch 9] Training Loss: 1.6280
Accuracy: 37.89%, F1 Score: 0.3471

Detailed Report:
               precision    recall  f1-score   support

           0       0.00      0.00      0.00       159
           1       0.34      0.39      0.36       391
           2       0.42      0.29      0.35       116
           3       0.42      0.46      0.44       269
           4       0.42      0.51      0.46       709
           5       1.00      0.02      0.03       124
           6       0.31      0.44      0.36       388
           7       0.50      0.01      0.01       196
           8       0.38      0.45      0.41       628

    accuracy                           0.38      2980
   macro avg       0.42      0.28      0.27      2980
weighted avg       0.39      0.38      0.35      2980

[Epoch 9] Validation Accuracy: 0.3789
[Epoch 10] Training Loss: 1.6094
Accuracy: 38.93%, F1 Score: 0.3545

Detailed Report:
               precision    recall  f1-score   support

           0       0.00      0.00      0.00       159
           1       0.33      0.44      0.38       391
           2       0.40      0.28      0.32       116
           3       0.40      0.49      0.44       269
           4       0.41      0.62      0.49       709
           5       0.16      0.03      0.05       124
           6       0.37      0.39      0.38       388
           7       0.33      0.01      0.01       196
           8       0.43      0.37      0.40       628

    accuracy                           0.39      2980
   macro avg       0.31      0.29      0.27      2980
weighted avg       0.36      0.39      0.35      2980

[Epoch 10] Validation Accuracy: 0.3893
Best model saved at cepoch 10 with accuracy: 0.3893
[Epoch 11] Training Loss: 1.5877
Accuracy: 38.12%, F1 Score: 0.3537

Detailed Report:
               precision    recall  f1-score   support

           0       0.06      0.01      0.01       159
           1       0.32      0.53      0.40       391
           2       0.38      0.35      0.36       116
           3       0.42      0.43      0.42       269
           4       0.43      0.48      0.45       709
           5       0.25      0.02      0.03       124
           6       0.34      0.41      0.37       388
           7       0.26      0.03      0.05       196
           8       0.41      0.43      0.42       628

    accuracy                           0.38      2980
   macro avg       0.32      0.30      0.28      2980
weighted avg       0.36      0.38      0.35      2980

[Epoch 11] Validation Accuracy: 0.3812
[Epoch 12] Training Loss: 1.5699
Accuracy: 38.26%, F1 Score: 0.3387

Detailed Report:
               precision    recall  f1-score   support

           0       0.09      0.01      0.01       159
           1       0.33      0.43      0.38       391
           2       0.39      0.24      0.30       116
           3       0.41      0.45      0.43       269
           4       0.42      0.55      0.47       709
           5       0.19      0.06      0.09       124
           6       0.47      0.11      0.18       388
           7       0.30      0.02      0.03       196
           8       0.37      0.60      0.46       628

    accuracy                           0.38      2980
   macro avg       0.33      0.27      0.26      2980
weighted avg       0.37      0.38      0.34      2980

[Epoch 12] Validation Accuracy: 0.3826
[Epoch 13] Training Loss: 1.5558
Accuracy: 39.06%, F1 Score: 0.3544

Detailed Report:
               precision    recall  f1-score   support

           0       0.10      0.01      0.01       159
           1       0.34      0.50      0.40       391
           2       0.35      0.38      0.36       116
           3       0.49      0.34      0.40       269
           4       0.40      0.62      0.49       709
           5       0.29      0.04      0.07       124
           6       0.37      0.24      0.29       388
           7       0.29      0.01      0.02       196
           8       0.41      0.46      0.44       628

    accuracy                           0.39      2980
   macro avg       0.34      0.29      0.28      2980
weighted avg       0.37      0.39      0.35      2980

[Epoch 13] Validation Accuracy: 0.3906
Best model saved at cepoch 13 with accuracy: 0.3906
[Epoch 14] Training Loss: 1.5308
Accuracy: 37.75%, F1 Score: 0.3494

Detailed Report:
               precision    recall  f1-score   support

           0       0.15      0.03      0.04       159
           1       0.28      0.55      0.37       391
           2       0.39      0.29      0.33       116
           3       0.39      0.40      0.39       269
           4       0.47      0.44      0.45       709
           5       1.00      0.02      0.03       124
           6       0.37      0.31      0.34       388
           7       0.40      0.01      0.02       196
           8       0.40      0.52      0.45       628

    accuracy                           0.38      2980
   macro avg       0.43      0.29      0.27      2980
weighted avg       0.41      0.38      0.35      2980

[Epoch 14] Validation Accuracy: 0.3775
[Epoch 15] Training Loss: 1.4967
Accuracy: 34.66%, F1 Score: 0.3170

Detailed Report:
               precision    recall  f1-score   support

           0       0.12      0.02      0.03       159
           1       0.38      0.15      0.22       391
           2       0.43      0.28      0.34       116
           3       0.31      0.58      0.41       269
           4       0.46      0.39      0.42       709
           5       0.32      0.05      0.08       124
           6       0.26      0.56      0.36       388
           7       0.33      0.02      0.03       196
           8       0.37      0.44      0.40       628

    accuracy                           0.35      2980
   macro avg       0.33      0.28      0.25      2980
weighted avg       0.36      0.35      0.32      2980

[Epoch 15] Validation Accuracy: 0.3466
[Epoch 16] Training Loss: 1.4837
Accuracy: 37.48%, F1 Score: 0.3523

Detailed Report:
               precision    recall  f1-score   support

           0       0.20      0.06      0.09       159
           1       0.32      0.45      0.37       391
           2       0.35      0.34      0.35       116
           3       0.39      0.42      0.40       269
           4       0.43      0.47      0.45       709
           5       0.28      0.10      0.14       124
           6       0.35      0.25      0.29       388
           7       0.47      0.05      0.08       196
           8       0.38      0.53      0.44       628

    accuracy                           0.37      2980
   macro avg       0.35      0.29      0.29      2980
weighted avg       0.37      0.37      0.35      2980

[Epoch 16] Validation Accuracy: 0.3748
[Epoch 17] Training Loss: 1.4424
Accuracy: 35.74%, F1 Score: 0.3356

Detailed Report:
               precision    recall  f1-score   support

           0       0.14      0.05      0.07       159
           1       0.25      0.71      0.37       391
           2       0.52      0.23      0.32       116
           3       0.57      0.14      0.23       269
           4       0.43      0.42      0.42       709
           5       0.41      0.07      0.12       124
           6       0.38      0.39      0.38       388
           7       0.26      0.05      0.09       196
           8       0.44      0.39      0.42       628

    accuracy                           0.36      2980
   macro avg       0.38      0.27      0.27      2980
weighted avg       0.39      0.36      0.34      2980

[Epoch 17] Validation Accuracy: 0.3574
[Epoch 18] Training Loss: 1.4143
Accuracy: 37.89%, F1 Score: 0.3567

Detailed Report:
               precision    recall  f1-score   support

           0       0.22      0.07      0.10       159
           1       0.34      0.39      0.37       391
           2       0.43      0.34      0.38       116
           3       0.41      0.38      0.39       269
           4       0.39      0.57      0.46       709
           5       0.26      0.09      0.13       124
           6       0.35      0.51      0.41       388
           7       0.35      0.06      0.10       196
           8       0.44      0.31      0.37       628

    accuracy                           0.38      2980
   macro avg       0.35      0.30      0.30      2980
weighted avg       0.37      0.38      0.36      2980

[Epoch 18] Validation Accuracy: 0.3789
Early stopping at epoch 18

----- Starting Evaluation on Test Set -----

Accuracy: 38.67%, F1 Score: 0.3647

Detailed Report:
               precision    recall  f1-score   support

           0       0.16      0.05      0.08       352
           1       0.37      0.40      0.39      1015
           2       0.34      0.29      0.31       263
           3       0.47      0.44      0.45       735
           4       0.40      0.60      0.48      1666
           5       0.28      0.08      0.12       300
           6       0.33      0.49      0.39      1022
           7       0.23      0.05      0.08       430
           8       0.44      0.31      0.36      1667

    accuracy                           0.39      7450
   macro avg       0.34      0.30      0.30      7450
weighted avg       0.37      0.39      0.36      7450

