Activating environment
CUDA_HOME is set to: /tc1apps/cuda/11.8
Checking GPU availability
CUDA available: True
Current device: Tesla V100-PCIE-32GB
Downloading spaCy model
Collecting en-core-web-sm==3.8.0
  Using cached https://github.com/explosion/spacy-models/releases/download/en_core_web_sm-3.8.0/en_core_web_sm-3.8.0-py3-none-any.whl (12.8 MB)
[38;5;2m✔ Download and installation successful[0m
You can now load the package via spacy.load('en_core_web_sm')
Running script
Using device : cuda
Loading training data...
[Epoch 1] Training Loss: 1.9711
Accuracy: 32.42%, F1 Score: 0.2389

Detailed Report:
               precision    recall  f1-score   support

           0       0.00      0.00      0.00       159
           1       0.27      0.55      0.36       391
           2       0.00      0.00      0.00       116
           3       0.00      0.00      0.00       269
           4       0.35      0.60      0.44       709
           5       0.00      0.00      0.00       124
           6       0.00      0.00      0.00       388
           7       0.00      0.00      0.00       196
           8       0.35      0.52      0.41       628

    accuracy                           0.32      2980
   macro avg       0.11      0.19      0.13      2980
weighted avg       0.19      0.32      0.24      2980

[Epoch 1] Validation Accuracy: 0.3242
Best model saved at cepoch 1 with accuracy: 0.3242
[Epoch 2] Training Loss: 1.8042
Accuracy: 31.51%, F1 Score: 0.2513

Detailed Report:
               precision    recall  f1-score   support

           0       0.00      0.00      0.00       159
           1       0.24      0.25      0.25       391
           2       0.00      0.00      0.00       116
           3       0.24      0.58      0.34       269
           4       0.46      0.38      0.42       709
           5       0.00      0.00      0.00       124
           6       0.00      0.00      0.00       388
           7       0.00      0.00      0.00       196
           8       0.32      0.66      0.43       628

    accuracy                           0.32      2980
   macro avg       0.14      0.21      0.16      2980
weighted avg       0.23      0.32      0.25      2980

[Epoch 2] Validation Accuracy: 0.3151
[Epoch 3] Training Loss: 1.7646
Accuracy: 34.93%, F1 Score: 0.2802

Detailed Report:
               precision    recall  f1-score   support

           0       0.00      0.00      0.00       159
           1       0.30      0.46      0.37       391
           2       0.00      0.00      0.00       116
           3       0.40      0.29      0.34       269
           4       0.43      0.48      0.45       709
           5       0.00      0.00      0.00       124
           6       0.67      0.01      0.02       388
           7       0.00      0.00      0.00       196
           8       0.32      0.70      0.44       628

    accuracy                           0.35      2980
   macro avg       0.24      0.22      0.18      2980
weighted avg       0.33      0.35      0.28      2980

[Epoch 3] Validation Accuracy: 0.3493
Best model saved at cepoch 3 with accuracy: 0.3493
[Epoch 4] Training Loss: 1.7271
Accuracy: 35.91%, F1 Score: 0.2921

Detailed Report:
               precision    recall  f1-score   support

           0       0.00      0.00      0.00       159
           1       0.32      0.37      0.34       391
           2       0.50      0.01      0.02       116
           3       0.35      0.46      0.40       269
           4       0.39      0.58      0.47       709
           5       0.00      0.00      0.00       124
           6       0.50      0.03      0.05       388
           7       0.00      0.00      0.00       196
           8       0.34      0.60      0.44       628

    accuracy                           0.36      2980
   macro avg       0.27      0.23      0.19      2980
weighted avg       0.32      0.36      0.29      2980

[Epoch 4] Validation Accuracy: 0.3591
Best model saved at cepoch 4 with accuracy: 0.3591
[Epoch 5] Training Loss: 1.7019
Accuracy: 37.62%, F1 Score: 0.3329

Detailed Report:
               precision    recall  f1-score   support

           0       0.00      0.00      0.00       159
           1       0.35      0.40      0.37       391
           2       0.31      0.08      0.12       116
           3       0.37      0.49      0.42       269
           4       0.38      0.63      0.47       709
           5       0.00      0.00      0.00       124
           6       0.37      0.28      0.32       388
           7       0.00      0.00      0.00       196
           8       0.40      0.43      0.41       628

    accuracy                           0.38      2980
   macro avg       0.24      0.26      0.24      2980
weighted avg       0.31      0.38      0.33      2980

[Epoch 5] Validation Accuracy: 0.3762
Best model saved at cepoch 5 with accuracy: 0.3762
[Epoch 6] Training Loss: 1.6806
Accuracy: 36.61%, F1 Score: 0.3273

Detailed Report:
               precision    recall  f1-score   support

           0       0.00      0.00      0.00       159
           1       0.30      0.43      0.35       391
           2       0.37      0.13      0.19       116
           3       0.35      0.45      0.39       269
           4       0.43      0.48      0.45       709
           5       0.00      0.00      0.00       124
           6       0.38      0.24      0.30       388
           7       0.00      0.00      0.00       196
           8       0.35      0.56      0.43       628

    accuracy                           0.37      2980
   macro avg       0.24      0.25      0.24      2980
weighted avg       0.31      0.37      0.33      2980

[Epoch 6] Validation Accuracy: 0.3661
[Epoch 7] Training Loss: 1.6623
Accuracy: 37.75%, F1 Score: 0.3360

Detailed Report:
               precision    recall  f1-score   support

           0       0.00      0.00      0.00       159
           1       0.35      0.37      0.36       391
           2       0.45      0.22      0.29       116
           3       0.40      0.43      0.42       269
           4       0.40      0.53      0.46       709
           5       0.00      0.00      0.00       124
           6       0.40      0.23      0.29       388
           7       0.00      0.00      0.00       196
           8       0.35      0.60      0.44       628

    accuracy                           0.38      2980
   macro avg       0.26      0.26      0.25      2980
weighted avg       0.32      0.38      0.34      2980

[Epoch 7] Validation Accuracy: 0.3775
Best model saved at cepoch 7 with accuracy: 0.3775
[Epoch 8] Training Loss: 1.6537
Accuracy: 37.21%, F1 Score: 0.3303

Detailed Report:
               precision    recall  f1-score   support

           0       0.00      0.00      0.00       159
           1       0.31      0.45      0.37       391
           2       0.45      0.28      0.35       116
           3       0.39      0.45      0.41       269
           4       0.36      0.69      0.48       709
           5       0.09      0.01      0.01       124
           6       0.38      0.27      0.32       388
           7       0.00      0.00      0.00       196
           8       0.45      0.30      0.36       628

    accuracy                           0.37      2980
   macro avg       0.27      0.27      0.26      2980
weighted avg       0.33      0.37      0.33      2980

[Epoch 8] Validation Accuracy: 0.3721
[Epoch 9] Training Loss: 1.6356
Accuracy: 38.62%, F1 Score: 0.3460

Detailed Report:
               precision    recall  f1-score   support

           0       0.00      0.00      0.00       159
           1       0.34      0.45      0.39       391
           2       0.39      0.28      0.32       116
           3       0.42      0.40      0.41       269
           4       0.42      0.56      0.48       709
           5       0.23      0.02      0.04       124
           6       0.39      0.21      0.27       388
           7       0.00      0.00      0.00       196
           8       0.37      0.57      0.45       628

    accuracy                           0.39      2980
   macro avg       0.28      0.28      0.26      2980
weighted avg       0.34      0.39      0.35      2980

[Epoch 9] Validation Accuracy: 0.3862
Best model saved at cepoch 9 with accuracy: 0.3862
[Epoch 10] Training Loss: 1.6206
Accuracy: 38.29%, F1 Score: 0.3514

Detailed Report:
               precision    recall  f1-score   support

           0       0.00      0.00      0.00       159
           1       0.30      0.52      0.38       391
           2       0.39      0.34      0.36       116
           3       0.43      0.41      0.42       269
           4       0.44      0.51      0.47       709
           5       0.33      0.02      0.03       124
           6       0.35      0.42      0.38       388
           7       0.00      0.00      0.00       196
           8       0.40      0.42      0.41       628

    accuracy                           0.38      2980
   macro avg       0.29      0.29      0.27      2980
weighted avg       0.34      0.38      0.35      2980

[Epoch 10] Validation Accuracy: 0.3829
[Epoch 11] Training Loss: 1.6060
Accuracy: 37.95%, F1 Score: 0.3467

Detailed Report:
               precision    recall  f1-score   support

           0       0.00      0.00      0.00       159
           1       0.30      0.53      0.38       391
           2       0.48      0.24      0.32       116
           3       0.37      0.45      0.41       269
           4       0.43      0.50      0.46       709
           5       0.00      0.00      0.00       124
           6       0.37      0.30      0.33       388
           7       0.44      0.02      0.04       196
           8       0.40      0.47      0.43       628

    accuracy                           0.38      2980
   macro avg       0.31      0.28      0.26      2980
weighted avg       0.36      0.38      0.35      2980

[Epoch 11] Validation Accuracy: 0.3795
[Epoch 12] Training Loss: 1.5949
Accuracy: 36.98%, F1 Score: 0.3319

Detailed Report:
               precision    recall  f1-score   support

           0       0.08      0.01      0.01       159
           1       0.32      0.49      0.39       391
           2       0.31      0.45      0.37       116
           3       0.36      0.44      0.40       269
           4       0.37      0.64      0.47       709
           5       0.31      0.03      0.06       124
           6       0.38      0.35      0.37       388
           7       0.50      0.01      0.02       196
           8       0.49      0.24      0.32       628

    accuracy                           0.37      2980
   macro avg       0.35      0.29      0.27      2980
weighted avg       0.38      0.37      0.33      2980

[Epoch 12] Validation Accuracy: 0.3698
[Epoch 13] Training Loss: 1.5889
Accuracy: 37.95%, F1 Score: 0.3466

Detailed Report:
               precision    recall  f1-score   support

           0       0.14      0.01      0.01       159
           1       0.35      0.42      0.38       391
           2       0.47      0.17      0.25       116
           3       0.41      0.43      0.42       269
           4       0.42      0.50      0.45       709
           5       0.50      0.02      0.03       124
           6       0.36      0.32      0.34       388
           7       0.28      0.03      0.05       196
           8       0.36      0.55      0.43       628

    accuracy                           0.38      2980
   macro avg       0.36      0.27      0.26      2980
weighted avg       0.37      0.38      0.35      2980

[Epoch 13] Validation Accuracy: 0.3795
[Epoch 14] Training Loss: 1.5722
Accuracy: 38.36%, F1 Score: 0.3485

Detailed Report:
               precision    recall  f1-score   support

           0       0.25      0.01      0.02       159
           1       0.32      0.49      0.39       391
           2       0.43      0.30      0.36       116
           3       0.42      0.41      0.42       269
           4       0.41      0.56      0.47       709
           5       0.27      0.03      0.06       124
           6       0.39      0.23      0.29       388
           7       0.20      0.01      0.01       196
           8       0.39      0.50      0.44       628

    accuracy                           0.38      2980
   macro avg       0.34      0.28      0.27      2980
weighted avg       0.36      0.38      0.35      2980

[Epoch 14] Validation Accuracy: 0.3836
Early stopping at epoch 14

----- Starting Evaluation on Test Set -----

Accuracy: 40.15%, F1 Score: 0.3676

Detailed Report:
               precision    recall  f1-score   support

           0       0.43      0.03      0.05       352
           1       0.36      0.52      0.42      1015
           2       0.41      0.25      0.31       263
           3       0.48      0.44      0.46       735
           4       0.42      0.55      0.48      1666
           5       0.27      0.04      0.06       300
           6       0.41      0.23      0.29      1022
           7       0.06      0.00      0.00       430
           8       0.39      0.54      0.45      1667

    accuracy                           0.40      7450
   macro avg       0.36      0.29      0.28      7450
weighted avg       0.38      0.40      0.37      7450

