Activating environment
CUDA_HOME is set to: /tc1apps/cuda/11.8
Checking GPU availability
CUDA available: True
Current device: Tesla V100-PCIE-32GB
Downloading spaCy model
Collecting en-core-web-sm==3.8.0
  Downloading https://github.com/explosion/spacy-models/releases/download/en_core_web_sm-3.8.0/en_core_web_sm-3.8.0-py3-none-any.whl (12.8 MB)
     ━━━━━━━━━━━━━━━━━━━━━━━━━━━━━━━━━━━━━━━━ 12.8/12.8 MB 10.8 MB/s eta 0:00:00
[38;5;2m✔ Download and installation successful[0m
You can now load the package via spacy.load('en_core_web_sm')
Running script
Using device : cuda
Loading training data...
[Epoch 1] Training Loss: 1.8351
Accuracy: 34.23%, F1 Score: 0.2779

Detailed Report:
               precision    recall  f1-score   support

           0       0.00      0.00      0.00       159
           1       0.25      0.29      0.27       391
           2       0.00      0.00      0.00       116
           3       0.30      0.59      0.40       269
           4       0.41      0.53      0.46       709
           5       0.00      0.00      0.00       124
           6       0.39      0.02      0.04       388
           7       0.00      0.00      0.00       196
           8       0.35      0.58      0.43       628

    accuracy                           0.34      2980
   macro avg       0.19      0.22      0.18      2980
weighted avg       0.28      0.34      0.28      2980

[Epoch 1] Validation Accuracy: 0.3423
Best model saved at cepoch 1 with accuracy: 0.3423
[Epoch 2] Training Loss: 1.7472
Accuracy: 36.54%, F1 Score: 0.3051

Detailed Report:
               precision    recall  f1-score   support

           0       0.00      0.00      0.00       159
           1       0.30      0.52      0.38       391
           2       0.60      0.10      0.18       116
           3       0.51      0.37      0.43       269
           4       0.40      0.54      0.46       709
           5       0.00      0.00      0.00       124
           6       0.40      0.03      0.06       388
           7       0.00      0.00      0.00       196
           8       0.34      0.60      0.43       628

    accuracy                           0.37      2980
   macro avg       0.28      0.24      0.22      2980
weighted avg       0.33      0.37      0.31      2980

[Epoch 2] Validation Accuracy: 0.3654
Best model saved at cepoch 2 with accuracy: 0.3654
[Epoch 3] Training Loss: 1.7125
Accuracy: 36.78%, F1 Score: 0.3253

Detailed Report:
               precision    recall  f1-score   support

           0       0.00      0.00      0.00       159
           1       0.33      0.30      0.32       391
           2       0.37      0.35      0.36       116
           3       0.35      0.49      0.41       269
           4       0.42      0.51      0.46       709
           5       0.00      0.00      0.00       124
           6       0.37      0.18      0.24       388
           7       0.00      0.00      0.00       196
           8       0.34      0.60      0.43       628

    accuracy                           0.37      2980
   macro avg       0.24      0.27      0.25      2980
weighted avg       0.31      0.37      0.33      2980

[Epoch 3] Validation Accuracy: 0.3678
Best model saved at cepoch 3 with accuracy: 0.3678
[Epoch 4] Training Loss: 1.6950
Accuracy: 36.01%, F1 Score: 0.3170

Detailed Report:
               precision    recall  f1-score   support

           0       0.00      0.00      0.00       159
           1       0.32      0.42      0.36       391
           2       0.44      0.25      0.32       116
           3       0.39      0.46      0.42       269
           4       0.44      0.36      0.40       709
           5       0.00      0.00      0.00       124
           6       0.44      0.17      0.24       388
           7       0.00      0.00      0.00       196
           8       0.32      0.69      0.44       628

    accuracy                           0.36      2980
   macro avg       0.26      0.26      0.24      2980
weighted avg       0.32      0.36      0.32      2980

[Epoch 4] Validation Accuracy: 0.3601
[Epoch 5] Training Loss: 1.6786
Accuracy: 37.55%, F1 Score: 0.3257

Detailed Report:
               precision    recall  f1-score   support

           0       0.00      0.00      0.00       159
           1       0.35      0.40      0.38       391
           2       0.40      0.29      0.34       116
           3       0.43      0.42      0.43       269
           4       0.40      0.54      0.46       709
           5       0.00      0.00      0.00       124
           6       0.40      0.10      0.16       388
           7       0.00      0.00      0.00       196
           8       0.35      0.62      0.44       628

    accuracy                           0.38      2980
   macro avg       0.26      0.26      0.25      2980
weighted avg       0.32      0.38      0.33      2980

[Epoch 5] Validation Accuracy: 0.3755
Best model saved at cepoch 5 with accuracy: 0.3755
[Epoch 6] Training Loss: 1.6538
Accuracy: 38.49%, F1 Score: 0.3465

Detailed Report:
               precision    recall  f1-score   support

           0       0.00      0.00      0.00       159
           1       0.31      0.47      0.38       391
           2       0.43      0.28      0.34       116
           3       0.42      0.45      0.44       269
           4       0.39      0.58      0.47       709
           5       0.00      0.00      0.00       124
           6       0.44      0.26      0.32       388
           7       0.00      0.00      0.00       196
           8       0.39      0.48      0.43       628

    accuracy                           0.38      2980
   macro avg       0.27      0.28      0.26      2980
weighted avg       0.33      0.38      0.35      2980

[Epoch 6] Validation Accuracy: 0.3849
Best model saved at cepoch 6 with accuracy: 0.3849
[Epoch 7] Training Loss: 1.6396
Accuracy: 38.15%, F1 Score: 0.3407

Detailed Report:
               precision    recall  f1-score   support

           0       0.00      0.00      0.00       159
           1       0.31      0.48      0.38       391
           2       0.45      0.28      0.35       116
           3       0.39      0.50      0.44       269
           4       0.42      0.50      0.46       709
           5       0.33      0.01      0.02       124
           6       0.40      0.19      0.25       388
           7       0.00      0.00      0.00       196
           8       0.38      0.56      0.45       628

    accuracy                           0.38      2980
   macro avg       0.30      0.28      0.26      2980
weighted avg       0.34      0.38      0.34      2980

[Epoch 7] Validation Accuracy: 0.3815
[Epoch 8] Training Loss: 1.6184
Accuracy: 38.42%, F1 Score: 0.3468

Detailed Report:
               precision    recall  f1-score   support

           0       0.23      0.02      0.03       159
           1       0.32      0.45      0.38       391
           2       0.47      0.16      0.24       116
           3       0.44      0.46      0.45       269
           4       0.39      0.58      0.47       709
           5       1.00      0.01      0.02       124
           6       0.40      0.29      0.33       388
           7       0.00      0.00      0.00       196
           8       0.39      0.47      0.43       628

    accuracy                           0.38      2980
   macro avg       0.40      0.27      0.26      2980
weighted avg       0.38      0.38      0.35      2980

[Epoch 8] Validation Accuracy: 0.3842
[Epoch 9] Training Loss: 1.5964
Accuracy: 36.41%, F1 Score: 0.3117

Detailed Report:
               precision    recall  f1-score   support

           0       0.17      0.01      0.01       159
           1       0.34      0.44      0.38       391
           2       0.42      0.32      0.36       116
           3       0.40      0.40      0.40       269
           4       0.44      0.44      0.44       709
           5       0.67      0.02      0.03       124
           6       0.29      0.05      0.08       388
           7       0.33      0.01      0.01       196
           8       0.33      0.70      0.45       628

    accuracy                           0.36      2980
   macro avg       0.38      0.26      0.24      2980
weighted avg       0.37      0.36      0.31      2980

[Epoch 9] Validation Accuracy: 0.3641
[Epoch 10] Training Loss: 1.5781
Accuracy: 37.65%, F1 Score: 0.3406

Detailed Report:
               precision    recall  f1-score   support

           0       0.10      0.01      0.01       159
           1       0.30      0.55      0.39       391
           2       0.39      0.36      0.38       116
           3       0.45      0.41      0.43       269
           4       0.42      0.42      0.42       709
           5       0.43      0.02      0.05       124
           6       0.43      0.19      0.26       388
           7       0.62      0.03      0.05       196
           8       0.37      0.60      0.46       628

    accuracy                           0.38      2980
   macro avg       0.39      0.29      0.27      2980
weighted avg       0.39      0.38      0.34      2980

[Epoch 10] Validation Accuracy: 0.3765
[Epoch 11] Training Loss: 1.5586
Accuracy: 36.85%, F1 Score: 0.3387

Detailed Report:
               precision    recall  f1-score   support

           0       0.60      0.02      0.04       159
           1       0.31      0.54      0.39       391
           2       0.48      0.22      0.30       116
           3       0.44      0.35      0.39       269
           4       0.44      0.37      0.41       709
           5       0.24      0.05      0.08       124
           6       0.35      0.40      0.37       388
           7       0.00      0.00      0.00       196
           8       0.35      0.54      0.43       628

    accuracy                           0.37      2980
   macro avg       0.36      0.28      0.27      2980
weighted avg       0.37      0.37      0.34      2980

[Epoch 11] Validation Accuracy: 0.3685
Early stopping at epoch 11

----- Starting Evaluation on Test Set -----

Accuracy: 38.97%, F1 Score: 0.3594

Detailed Report:
               precision    recall  f1-score   support

           0       0.00      0.00      0.00       352
           1       0.35      0.56      0.43      1015
           2       0.47      0.19      0.27       263
           3       0.51      0.39      0.44       735
           4       0.47      0.39      0.43      1666
           5       0.20      0.04      0.07       300
           6       0.35      0.38      0.36      1022
           7       0.00      0.00      0.00       430
           8       0.37      0.57      0.45      1667

    accuracy                           0.39      7450
   macro avg       0.30      0.28      0.27      7450
weighted avg       0.36      0.39      0.36      7450

