Activating environment
CUDA_HOME is set to: /tc1apps/cuda/11.8
Checking GPU availability
CUDA available: True
Current device: Tesla V100-PCIE-32GB
Downloading spaCy model
Collecting en-core-web-sm==3.8.0
  Downloading https://github.com/explosion/spacy-models/releases/download/en_core_web_sm-3.8.0/en_core_web_sm-3.8.0-py3-none-any.whl (12.8 MB)
     ━━━━━━━━━━━━━━━━━━━━━━━━━━━━━━━━━━━━━━━━ 12.8/12.8 MB 10.4 MB/s eta 0:00:00
[38;5;2m✔ Download and installation successful[0m
You can now load the package via spacy.load('en_core_web_sm')
Running script
Using device : cuda
Loading training data...
[Epoch 1] Training Loss: 1.9361
Accuracy: 34.09%, F1 Score: 0.2672

Detailed Report:
               precision    recall  f1-score   support

           0       0.00      0.00      0.00       159
           1       0.31      0.39      0.34       391
           2       0.00      0.00      0.00       116
           3       0.33      0.22      0.26       269
           4       0.36      0.60      0.45       709
           5       0.00      0.00      0.00       124
           6       0.00      0.00      0.00       388
           7       0.00      0.00      0.00       196
           8       0.34      0.60      0.43       628

    accuracy                           0.34      2980
   macro avg       0.15      0.20      0.17      2980
weighted avg       0.23      0.34      0.27      2980

[Epoch 1] Validation Accuracy: 0.3409
Best model saved at cepoch 1 with accuracy: 0.3409
[Epoch 2] Training Loss: 1.7865
Accuracy: 33.96%, F1 Score: 0.2768

Detailed Report:
               precision    recall  f1-score   support

           0       0.00      0.00      0.00       159
           1       0.28      0.51      0.36       391
           2       0.00      0.00      0.00       116
           3       0.41      0.27      0.33       269
           4       0.44      0.42      0.43       709
           5       0.00      0.00      0.00       124
           6       0.31      0.03      0.06       388
           7       0.00      0.00      0.00       196
           8       0.31      0.69      0.43       628

    accuracy                           0.34      2980
   macro avg       0.19      0.21      0.18      2980
weighted avg       0.28      0.34      0.28      2980

[Epoch 2] Validation Accuracy: 0.3396
[Epoch 3] Training Loss: 1.7460
Accuracy: 36.04%, F1 Score: 0.3141

Detailed Report:
               precision    recall  f1-score   support

           0       0.00      0.00      0.00       159
           1       0.30      0.39      0.34       391
           2       0.00      0.00      0.00       116
           3       0.34      0.49      0.40       269
           4       0.37      0.65      0.47       709
           5       0.00      0.00      0.00       124
           6       0.35      0.30      0.32       388
           7       0.00      0.00      0.00       196
           8       0.42      0.34      0.38       628

    accuracy                           0.36      2980
   macro avg       0.20      0.24      0.21      2980
weighted avg       0.29      0.36      0.31      2980

[Epoch 3] Validation Accuracy: 0.3604
Best model saved at cepoch 3 with accuracy: 0.3604
[Epoch 4] Training Loss: 1.7139
Accuracy: 36.38%, F1 Score: 0.3196

Detailed Report:
               precision    recall  f1-score   support

           0       0.00      0.00      0.00       159
           1       0.33      0.37      0.35       391
           2       0.00      0.00      0.00       116
           3       0.32      0.55      0.40       269
           4       0.44      0.44      0.44       709
           5       0.00      0.00      0.00       124
           6       0.37      0.27      0.31       388
           7       0.00      0.00      0.00       196
           8       0.35      0.60      0.44       628

    accuracy                           0.36      2980
   macro avg       0.20      0.25      0.22      2980
weighted avg       0.30      0.36      0.32      2980

[Epoch 4] Validation Accuracy: 0.3638
Best model saved at cepoch 4 with accuracy: 0.3638
[Epoch 5] Training Loss: 1.6896
Accuracy: 35.91%, F1 Score: 0.3240

Detailed Report:
               precision    recall  f1-score   support

           0       0.00      0.00      0.00       159
           1       0.29      0.49      0.37       391
           2       0.42      0.09      0.15       116
           3       0.38      0.47      0.42       269
           4       0.41      0.48      0.45       709
           5       0.00      0.00      0.00       124
           6       0.34      0.35      0.34       388
           7       0.00      0.00      0.00       196
           8       0.36      0.42      0.39       628

    accuracy                           0.36      2980
   macro avg       0.24      0.26      0.23      2980
weighted avg       0.31      0.36      0.32      2980

[Epoch 5] Validation Accuracy: 0.3591
[Epoch 6] Training Loss: 1.6758
Accuracy: 36.44%, F1 Score: 0.3337

Detailed Report:
               precision    recall  f1-score   support

           0       0.00      0.00      0.00       159
           1       0.29      0.56      0.38       391
           2       0.46      0.22      0.29       116
           3       0.43      0.40      0.42       269
           4       0.47      0.38      0.42       709
           5       0.50      0.01      0.02       124
           6       0.32      0.41      0.36       388
           7       0.00      0.00      0.00       196
           8       0.36      0.48      0.41       628

    accuracy                           0.36      2980
   macro avg       0.31      0.27      0.26      2980
weighted avg       0.34      0.36      0.33      2980

[Epoch 6] Validation Accuracy: 0.3644
Best model saved at cepoch 6 with accuracy: 0.3644
[Epoch 7] Training Loss: 1.6492
Accuracy: 37.42%, F1 Score: 0.3267

Detailed Report:
               precision    recall  f1-score   support

           0       0.00      0.00      0.00       159
           1       0.33      0.39      0.36       391
           2       0.51      0.16      0.25       116
           3       0.46      0.39      0.42       269
           4       0.40      0.53      0.46       709
           5       1.00      0.01      0.02       124
           6       0.44      0.14      0.22       388
           7       0.00      0.00      0.00       196
           8       0.34      0.64      0.44       628

    accuracy                           0.37      2980
   macro avg       0.39      0.25      0.24      2980
weighted avg       0.37      0.37      0.33      2980

[Epoch 7] Validation Accuracy: 0.3742
Best model saved at cepoch 7 with accuracy: 0.3742
[Epoch 8] Training Loss: 1.6399
Accuracy: 37.95%, F1 Score: 0.3418

Detailed Report:
               precision    recall  f1-score   support

           0       0.00      0.00      0.00       159
           1       0.29      0.57      0.38       391
           2       0.46      0.22      0.30       116
           3       0.48      0.40      0.44       269
           4       0.41      0.50      0.45       709
           5       0.33      0.01      0.02       124
           6       0.40      0.22      0.28       388
           7       0.00      0.00      0.00       196
           8       0.39      0.52      0.45       628

    accuracy                           0.38      2980
   macro avg       0.31      0.27      0.26      2980
weighted avg       0.35      0.38      0.34      2980

[Epoch 8] Validation Accuracy: 0.3795
Best model saved at cepoch 8 with accuracy: 0.3795
[Epoch 9] Training Loss: 1.6114
Accuracy: 39.03%, F1 Score: 0.3559

Detailed Report:
               precision    recall  f1-score   support

           0       0.09      0.01      0.01       159
           1       0.31      0.46      0.37       391
           2       0.41      0.30      0.35       116
           3       0.48      0.41      0.44       269
           4       0.41      0.57      0.48       709
           5       0.20      0.01      0.02       124
           6       0.38      0.34      0.36       388
           7       0.00      0.00      0.00       196
           8       0.40      0.48      0.44       628

    accuracy                           0.39      2980
   macro avg       0.30      0.29      0.27      2980
weighted avg       0.35      0.39      0.36      2980

[Epoch 9] Validation Accuracy: 0.3903
Best model saved at cepoch 9 with accuracy: 0.3903
[Epoch 10] Training Loss: 1.5962
Accuracy: 39.46%, F1 Score: 0.3632

Detailed Report:
               precision    recall  f1-score   support

           0       0.21      0.06      0.10       159
           1       0.33      0.38      0.35       391
           2       0.39      0.39      0.39       116
           3       0.44      0.45      0.45       269
           4       0.40      0.60      0.48       709
           5       0.38      0.02      0.05       124
           6       0.41      0.29      0.34       388
           7       0.50      0.01      0.02       196
           8       0.41      0.49      0.45       628

    accuracy                           0.39      2980
   macro avg       0.39      0.30      0.29      2980
weighted avg       0.39      0.39      0.36      2980

[Epoch 10] Validation Accuracy: 0.3946
Best model saved at cepoch 10 with accuracy: 0.3946
[Epoch 11] Training Loss: 1.5804
Accuracy: 38.72%, F1 Score: 0.3576

Detailed Report:
               precision    recall  f1-score   support

           0       0.33      0.01      0.01       159
           1       0.36      0.38      0.37       391
           2       0.39      0.37      0.38       116
           3       0.48      0.41      0.44       269
           4       0.39      0.55      0.46       709
           5       0.21      0.06      0.09       124
           6       0.38      0.36      0.37       388
           7       0.44      0.02      0.04       196
           8       0.39      0.49      0.43       628

    accuracy                           0.39      2980
   macro avg       0.37      0.29      0.29      2980
weighted avg       0.38      0.39      0.36      2980

[Epoch 11] Validation Accuracy: 0.3872
[Epoch 12] Training Loss: 1.5547
Accuracy: 38.72%, F1 Score: 0.3433

Detailed Report:
               precision    recall  f1-score   support

           0       0.29      0.04      0.07       159
           1       0.35      0.40      0.37       391
           2       0.53      0.21      0.30       116
           3       0.40      0.48      0.44       269
           4       0.40      0.55      0.46       709
           5       0.22      0.03      0.06       124
           6       0.45      0.14      0.22       388
           7       0.00      0.00      0.00       196
           8       0.38      0.62      0.47       628

    accuracy                           0.39      2980
   macro avg       0.34      0.27      0.26      2980
weighted avg       0.36      0.39      0.34      2980

[Epoch 12] Validation Accuracy: 0.3872
[Epoch 13] Training Loss: 1.5405
Accuracy: 37.65%, F1 Score: 0.3463

Detailed Report:
               precision    recall  f1-score   support

           0       0.17      0.01      0.02       159
           1       0.31      0.51      0.38       391
           2       0.44      0.30      0.36       116
           3       0.42      0.43      0.42       269
           4       0.41      0.50      0.45       709
           5       0.23      0.04      0.07       124
           6       0.39      0.25      0.30       388
           7       0.29      0.02      0.04       196
           8       0.39      0.50      0.44       628

    accuracy                           0.38      2980
   macro avg       0.34      0.28      0.28      2980
weighted avg       0.36      0.38      0.35      2980

[Epoch 13] Validation Accuracy: 0.3765
[Epoch 14] Training Loss: 1.5192
Accuracy: 38.49%, F1 Score: 0.3558

Detailed Report:
               precision    recall  f1-score   support

           0       0.22      0.04      0.06       159
           1       0.33      0.49      0.39       391
           2       0.47      0.31      0.37       116
           3       0.43      0.46      0.45       269
           4       0.41      0.50      0.45       709
           5       0.35      0.05      0.09       124
           6       0.36      0.28      0.31       388
           7       0.29      0.01      0.02       196
           8       0.39      0.51      0.44       628

    accuracy                           0.38      2980
   macro avg       0.36      0.29      0.29      2980
weighted avg       0.37      0.38      0.36      2980

[Epoch 14] Validation Accuracy: 0.3849
[Epoch 15] Training Loss: 1.4912
Accuracy: 38.29%, F1 Score: 0.3601

Detailed Report:
               precision    recall  f1-score   support

           0       0.34      0.08      0.12       159
           1       0.33      0.45      0.38       391
           2       0.36      0.35      0.35       116
           3       0.43      0.42      0.42       269
           4       0.40      0.52      0.45       709
           5       0.33      0.02      0.05       124
           6       0.36      0.35      0.36       388
           7       0.38      0.06      0.10       196
           8       0.40      0.45      0.43       628

    accuracy                           0.38      2980
   macro avg       0.37      0.30      0.30      2980
weighted avg       0.38      0.38      0.36      2980

[Epoch 15] Validation Accuracy: 0.3829
Early stopping at epoch 15

----- Starting Evaluation on Test Set -----

Accuracy: 39.44%, F1 Score: 0.3706

Detailed Report:
               precision    recall  f1-score   support

           0       0.20      0.04      0.07       352
           1       0.37      0.48      0.42      1015
           2       0.33      0.33      0.33       263
           3       0.49      0.44      0.46       735
           4       0.41      0.53      0.46      1666
           5       0.38      0.04      0.07       300
           6       0.37      0.35      0.36      1022
           7       0.14      0.02      0.04       430
           8       0.39      0.46      0.43      1667

    accuracy                           0.39      7450
   macro avg       0.34      0.30      0.29      7450
weighted avg       0.37      0.39      0.37      7450

