Activating environment
CUDA_HOME is set to: /tc1apps/cuda/11.8
Checking GPU availability
CUDA available: True
Current device: Tesla V100-PCIE-32GB
Downloading spaCy model
Collecting en-core-web-sm==3.8.0
  Downloading https://github.com/explosion/spacy-models/releases/download/en_core_web_sm-3.8.0/en_core_web_sm-3.8.0-py3-none-any.whl (12.8 MB)
     ━━━━━━━━━━━━━━━━━━━━━━━━━━━━━━━━━━━━━━━━ 12.8/12.8 MB 17.8 MB/s eta 0:00:00
[38;5;2m✔ Download and installation successful[0m
You can now load the package via spacy.load('en_core_web_sm')
Running script

🔁 Run 1/5
[Epoch 1] Training Loss: 1.8872
Accuracy: 34.04%, F1 Score: 0.3143, Recall: 0.3404, Precision: 0.4552

Detailed Report:
               precision    recall  f1-score   support

           0       0.25      0.21      0.23        89
           1       0.69      0.22      0.34        89
           2       0.85      0.11      0.19       102
           3       0.18      0.18      0.18        88
           4       0.23      0.67      0.34        70
           5       0.54      0.84      0.66        89
           6       0.34      0.24      0.28        87

    accuracy                           0.34       614
   macro avg       0.44      0.35      0.32       614
weighted avg       0.46      0.34      0.31       614

[Epoch 1] Validation Accuracy: 0.3404
Best model saved at cepoch 1 with accuracy: 0.3404
[Epoch 2] Training Loss: 1.5383
Accuracy: 45.60%, F1 Score: 0.4157, Recall: 0.4560, Precision: 0.4436

Detailed Report:
               precision    recall  f1-score   support

           0       0.30      0.15      0.20        89
           1       0.66      0.49      0.56        89
           2       0.38      0.51      0.44       102
           3       0.29      0.45      0.36        88
           4       0.46      0.74      0.57        70
           5       0.69      0.87      0.77        89
           6       0.33      0.02      0.04        87

    accuracy                           0.46       614
   macro avg       0.44      0.46      0.42       614
weighted avg       0.44      0.46      0.42       614

[Epoch 2] Validation Accuracy: 0.4560
Best model saved at cepoch 2 with accuracy: 0.4560
[Epoch 3] Training Loss: 1.3639
Accuracy: 52.12%, F1 Score: 0.4938, Recall: 0.5212, Precision: 0.5058

Detailed Report:
               precision    recall  f1-score   support

           0       0.38      0.29      0.33        89
           1       0.59      0.65      0.62        89
           2       0.59      0.46      0.52       102
           3       0.38      0.11      0.18        88
           4       0.53      0.79      0.63        70
           5       0.67      0.87      0.75        89
           6       0.38      0.54      0.45        87

    accuracy                           0.52       614
   macro avg       0.50      0.53      0.50       614
weighted avg       0.51      0.52      0.49       614

[Epoch 3] Validation Accuracy: 0.5212
Best model saved at cepoch 3 with accuracy: 0.5212
[Epoch 4] Training Loss: 1.2447
Accuracy: 56.35%, F1 Score: 0.5622, Recall: 0.5635, Precision: 0.6064

Detailed Report:
               precision    recall  f1-score   support

           0       0.57      0.28      0.38        89
           1       0.67      0.60      0.63        89
           2       0.78      0.45      0.57       102
           3       0.34      0.66      0.45        88
           4       0.63      0.73      0.68        70
           5       0.76      0.83      0.79        89
           6       0.48      0.45      0.46        87

    accuracy                           0.56       614
   macro avg       0.60      0.57      0.56       614
weighted avg       0.61      0.56      0.56       614

[Epoch 4] Validation Accuracy: 0.5635
Best model saved at cepoch 4 with accuracy: 0.5635
[Epoch 5] Training Loss: 1.1467
Accuracy: 59.28%, F1 Score: 0.5790, Recall: 0.5928, Precision: 0.6018

Detailed Report:
               precision    recall  f1-score   support

           0       0.52      0.43      0.47        89
           1       0.64      0.63      0.63        89
           2       0.48      0.75      0.59       102
           3       0.64      0.28      0.39        88
           4       0.60      0.76      0.67        70
           5       0.76      0.85      0.80        89
           6       0.59      0.45      0.51        87

    accuracy                           0.59       614
   macro avg       0.60      0.59      0.58       614
weighted avg       0.60      0.59      0.58       614

[Epoch 5] Validation Accuracy: 0.5928
Best model saved at cepoch 5 with accuracy: 0.5928
[Epoch 6] Training Loss: 1.0561
Accuracy: 63.19%, F1 Score: 0.6251, Recall: 0.6319, Precision: 0.6305

Detailed Report:
               precision    recall  f1-score   support

           0       0.55      0.31      0.40        89
           1       0.64      0.71      0.67        89
           2       0.73      0.67      0.70       102
           3       0.49      0.56      0.52        88
           4       0.67      0.74      0.70        70
           5       0.79      0.85      0.82        89
           6       0.54      0.60      0.57        87

    accuracy                           0.63       614
   macro avg       0.63      0.63      0.63       614
weighted avg       0.63      0.63      0.63       614

[Epoch 6] Validation Accuracy: 0.6319
Best model saved at cepoch 6 with accuracy: 0.6319
[Epoch 7] Training Loss: 0.9968
Accuracy: 64.01%, F1 Score: 0.6327, Recall: 0.6401, Precision: 0.6556

Detailed Report:
               precision    recall  f1-score   support

           0       0.52      0.37      0.43        89
           1       0.69      0.69      0.69        89
           2       0.75      0.73      0.74       102
           3       0.44      0.69      0.54        88
           4       0.74      0.71      0.72        70
           5       0.74      0.91      0.81        89
           6       0.73      0.38      0.50        87

    accuracy                           0.64       614
   macro avg       0.66      0.64      0.63       614
weighted avg       0.66      0.64      0.63       614

[Epoch 7] Validation Accuracy: 0.6401
Best model saved at cepoch 7 with accuracy: 0.6401
[Epoch 8] Training Loss: 0.9360
Accuracy: 64.82%, F1 Score: 0.6473, Recall: 0.6482, Precision: 0.6594

Detailed Report:
               precision    recall  f1-score   support

           0       0.55      0.46      0.50        89
           1       0.76      0.60      0.67        89
           2       0.70      0.63      0.66       102
           3       0.55      0.60      0.57        88
           4       0.54      0.84      0.66        70
           5       0.83      0.82      0.82        89
           6       0.65      0.63      0.64        87

    accuracy                           0.65       614
   macro avg       0.65      0.65      0.65       614
weighted avg       0.66      0.65      0.65       614

[Epoch 8] Validation Accuracy: 0.6482
Best model saved at cepoch 8 with accuracy: 0.6482
[Epoch 9] Training Loss: 0.9066
Accuracy: 65.64%, F1 Score: 0.6556, Recall: 0.6564, Precision: 0.6728

Detailed Report:
               precision    recall  f1-score   support

           0       0.50      0.52      0.51        89
           1       0.77      0.57      0.66        89
           2       0.75      0.69      0.72       102
           3       0.53      0.64      0.58        88
           4       0.59      0.77      0.67        70
           5       0.74      0.89      0.81        89
           6       0.80      0.54      0.64        87

    accuracy                           0.66       614
   macro avg       0.67      0.66      0.65       614
weighted avg       0.67      0.66      0.66       614

[Epoch 9] Validation Accuracy: 0.6564
Best model saved at cepoch 9 with accuracy: 0.6564
[Epoch 10] Training Loss: 0.8488
Accuracy: 66.29%, F1 Score: 0.6602, Recall: 0.6629, Precision: 0.6703

Detailed Report:
               precision    recall  f1-score   support

           0       0.56      0.49      0.52        89
           1       0.63      0.74      0.68        89
           2       0.72      0.72      0.72       102
           3       0.54      0.62      0.58        88
           4       0.64      0.76      0.69        70
           5       0.83      0.83      0.83        89
           6       0.76      0.48      0.59        87

    accuracy                           0.66       614
   macro avg       0.67      0.66      0.66       614
weighted avg       0.67      0.66      0.66       614

[Epoch 10] Validation Accuracy: 0.6629
Best model saved at cepoch 10 with accuracy: 0.6629
[Epoch 11] Training Loss: 0.8147
Accuracy: 65.47%, F1 Score: 0.6600, Recall: 0.6547, Precision: 0.6827

Detailed Report:
               precision    recall  f1-score   support

           0       0.52      0.57      0.55        89
           1       0.71      0.65      0.68        89
           2       0.78      0.70      0.74       102
           3       0.59      0.57      0.58        88
           4       0.49      0.83      0.61        70
           5       0.94      0.74      0.83        89
           6       0.70      0.55      0.62        87

    accuracy                           0.65       614
   macro avg       0.67      0.66      0.66       614
weighted avg       0.68      0.65      0.66       614

[Epoch 11] Validation Accuracy: 0.6547
[Epoch 12] Training Loss: 0.7749
Accuracy: 67.10%, F1 Score: 0.6706, Recall: 0.6710, Precision: 0.6887

Detailed Report:
               precision    recall  f1-score   support

           0       0.61      0.51      0.55        89
           1       0.78      0.64      0.70        89
           2       0.77      0.74      0.75       102
           3       0.49      0.67      0.56        88
           4       0.58      0.77      0.66        70
           5       0.80      0.88      0.83        89
           6       0.76      0.51      0.61        87

    accuracy                           0.67       614
   macro avg       0.68      0.67      0.67       614
weighted avg       0.69      0.67      0.67       614

[Epoch 12] Validation Accuracy: 0.6710
Best model saved at cepoch 12 with accuracy: 0.6710
[Epoch 13] Training Loss: 0.7206
Accuracy: 64.50%, F1 Score: 0.6422, Recall: 0.6450, Precision: 0.6477

Detailed Report:
               precision    recall  f1-score   support

           0       0.51      0.49      0.50        89
           1       0.64      0.69      0.66        89
           2       0.60      0.79      0.68       102
           3       0.57      0.49      0.53        88
           4       0.69      0.61      0.65        70
           5       0.85      0.84      0.85        89
           6       0.69      0.56      0.62        87

    accuracy                           0.64       614
   macro avg       0.65      0.64      0.64       614
weighted avg       0.65      0.64      0.64       614

[Epoch 13] Validation Accuracy: 0.6450
[Epoch 14] Training Loss: 0.6883
Accuracy: 66.94%, F1 Score: 0.6695, Recall: 0.6694, Precision: 0.6839

Detailed Report:
               precision    recall  f1-score   support

           0       0.57      0.60      0.58        89
           1       0.65      0.74      0.69        89
           2       0.66      0.74      0.69       102
           3       0.65      0.50      0.56        88
           4       0.56      0.79      0.65        70
           5       0.92      0.76      0.83        89
           6       0.76      0.57      0.65        87

    accuracy                           0.67       614
   macro avg       0.68      0.67      0.67       614
weighted avg       0.68      0.67      0.67       614

[Epoch 14] Validation Accuracy: 0.6694
[Epoch 15] Training Loss: 0.6588
Accuracy: 66.61%, F1 Score: 0.6702, Recall: 0.6661, Precision: 0.6947

Detailed Report:
               precision    recall  f1-score   support

           0       0.58      0.58      0.58        89
           1       0.65      0.71      0.68        89
           2       0.82      0.65      0.73       102
           3       0.55      0.65      0.59        88
           4       0.52      0.80      0.63        70
           5       0.91      0.78      0.84        89
           6       0.78      0.53      0.63        87

    accuracy                           0.67       614
   macro avg       0.69      0.67      0.67       614
weighted avg       0.69      0.67      0.67       614

[Epoch 15] Validation Accuracy: 0.6661
[Epoch 16] Training Loss: 0.6099
Accuracy: 66.61%, F1 Score: 0.6624, Recall: 0.6661, Precision: 0.6663

Detailed Report:
               precision    recall  f1-score   support

           0       0.65      0.49      0.56        89
           1       0.68      0.70      0.69        89
           2       0.71      0.75      0.73       102
           3       0.57      0.51      0.54        88
           4       0.75      0.64      0.69        70
           5       0.75      0.87      0.80        89
           6       0.57      0.69      0.62        87

    accuracy                           0.67       614
   macro avg       0.67      0.66      0.66       614
weighted avg       0.67      0.67      0.66       614

[Epoch 16] Validation Accuracy: 0.6661
[Epoch 17] Training Loss: 0.5691
Accuracy: 66.29%, F1 Score: 0.6662, Recall: 0.6629, Precision: 0.6837

Detailed Report:
               precision    recall  f1-score   support

           0       0.55      0.64      0.59        89
           1       0.70      0.75      0.72        89
           2       0.85      0.60      0.70       102
           3       0.53      0.51      0.52        88
           4       0.59      0.77      0.67        70
           5       0.92      0.74      0.82        89
           6       0.61      0.66      0.63        87

    accuracy                           0.66       614
   macro avg       0.68      0.67      0.67       614
weighted avg       0.68      0.66      0.67       614

[Epoch 17] Validation Accuracy: 0.6629
Early stopping at epoch 17

----- Starting Evaluation on Test Set -----

Accuracy: 66.23%, F1 Score: 0.6636, Recall: 0.6623, Precision: 0.6746

Detailed Report:
               precision    recall  f1-score   support

           0       0.53      0.64      0.58       205
           1       0.71      0.68      0.70       214
           2       0.77      0.53      0.63       215
           3       0.56      0.56      0.56       230
           4       0.69      0.81      0.75       227
           5       0.90      0.80      0.85       214
           6       0.57      0.62      0.59       229

    accuracy                           0.66      1534
   macro avg       0.68      0.66      0.66      1534
weighted avg       0.67      0.66      0.66      1534


🔁 Run 2/5
[Epoch 1] Training Loss: 1.8730
Accuracy: 35.02%, F1 Score: 0.3270, Recall: 0.3502, Precision: 0.4252

Detailed Report:
               precision    recall  f1-score   support

           0       0.23      0.53      0.32        87
           1       0.29      0.43      0.35        83
           2       0.50      0.07      0.12        75
           3       0.25      0.14      0.18        90
           4       0.81      0.22      0.35        95
           5       0.56      0.73      0.63       101
           6       0.29      0.24      0.26        83

    accuracy                           0.35       614
   macro avg       0.42      0.34      0.32       614
weighted avg       0.43      0.35      0.33       614

[Epoch 1] Validation Accuracy: 0.3502
Early stopping at epoch 1

----- Starting Evaluation on Test Set -----

