Activating environment
CUDA_HOME is set to: /tc1apps/cuda/11.8
Checking GPU availability
CUDA available: True
Current device: Tesla V100-PCIE-32GB
Downloading spaCy model
Collecting en-core-web-sm==3.8.0
  Downloading https://github.com/explosion/spacy-models/releases/download/en_core_web_sm-3.8.0/en_core_web_sm-3.8.0-py3-none-any.whl (12.8 MB)
     ━━━━━━━━━━━━━━━━━━━━━━━━━━━━━━━━━━━━━━━━ 12.8/12.8 MB 8.6 MB/s eta 0:00:00
[38;5;2m✔ Download and installation successful[0m
You can now load the package via spacy.load('en_core_web_sm')
Running script
Using device : cuda
Loading training data...
[Epoch 1] Training Loss: 2.0434
Accuracy: 27.25%, F1 Score: 0.1689

Detailed Report:
               precision    recall  f1-score   support

           0       0.00      0.00      0.00       159
           1       0.00      0.00      0.00       391
           2       0.00      0.00      0.00       116
           3       0.00      0.00      0.00       269
           4       0.33      0.44      0.38       709
           5       0.00      0.00      0.00       124
           6       0.00      0.00      0.00       388
           7       0.00      0.00      0.00       196
           8       0.25      0.80      0.38       628

    accuracy                           0.27      2980
   macro avg       0.06      0.14      0.08      2980
weighted avg       0.13      0.27      0.17      2980

[Epoch 1] Validation Accuracy: 0.2725
Best model saved at cepoch 1 with accuracy: 0.2725
[Epoch 2] Training Loss: 1.9637
Accuracy: 28.36%, F1 Score: 0.1763

Detailed Report:
               precision    recall  f1-score   support

           0       0.00      0.00      0.00       159
           1       0.00      0.00      0.00       391
           2       0.00      0.00      0.00       116
           3       0.00      0.00      0.00       269
           4       0.26      0.67      0.38       709
           5       0.00      0.00      0.00       124
           6       0.00      0.00      0.00       388
           7       0.00      0.00      0.00       196
           8       0.31      0.59      0.41       628

    accuracy                           0.28      2980
   macro avg       0.06      0.14      0.09      2980
weighted avg       0.13      0.28      0.18      2980

[Epoch 2] Validation Accuracy: 0.2836
Best model saved at cepoch 2 with accuracy: 0.2836
[Epoch 3] Training Loss: 1.8588
Accuracy: 32.72%, F1 Score: 0.2440

Detailed Report:
               precision    recall  f1-score   support

           0       0.00      0.00      0.00       159
           1       0.28      0.57      0.38       391
           2       0.00      0.00      0.00       116
           3       0.38      0.02      0.04       269
           4       0.38      0.48      0.43       709
           5       0.00      0.00      0.00       124
           6       0.00      0.00      0.00       388
           7       0.00      0.00      0.00       196
           8       0.32      0.64      0.43       628

    accuracy                           0.33      2980
   macro avg       0.15      0.19      0.14      2980
weighted avg       0.23      0.33      0.24      2980

[Epoch 3] Validation Accuracy: 0.3272
Best model saved at cepoch 3 with accuracy: 0.3272
[Epoch 4] Training Loss: 1.8060
Accuracy: 34.03%, F1 Score: 0.2680

Detailed Report:
               precision    recall  f1-score   support

           0       0.00      0.00      0.00       159
           1       0.30      0.49      0.37       391
           2       0.00      0.00      0.00       116
           3       0.39      0.19      0.26       269
           4       0.40      0.51      0.45       709
           5       0.00      0.00      0.00       124
           6       0.00      0.00      0.00       388
           7       0.00      0.00      0.00       196
           8       0.32      0.64      0.43       628

    accuracy                           0.34      2980
   macro avg       0.16      0.21      0.17      2980
weighted avg       0.24      0.34      0.27      2980

[Epoch 4] Validation Accuracy: 0.3403
Best model saved at cepoch 4 with accuracy: 0.3403
[Epoch 5] Training Loss: 1.7770
Accuracy: 33.99%, F1 Score: 0.2714

Detailed Report:
               precision    recall  f1-score   support

           0       0.00      0.00      0.00       159
           1       0.30      0.42      0.35       391
           2       0.00      0.00      0.00       116
           3       0.31      0.35      0.33       269
           4       0.41      0.46      0.44       709
           5       0.00      0.00      0.00       124
           6       1.00      0.00      0.01       388
           7       0.00      0.00      0.00       196
           8       0.32      0.68      0.44       628

    accuracy                           0.34      2980
   macro avg       0.26      0.21      0.17      2980
weighted avg       0.36      0.34      0.27      2980

[Epoch 5] Validation Accuracy: 0.3399
[Epoch 6] Training Loss: 1.7603
Accuracy: 34.70%, F1 Score: 0.2849

Detailed Report:
               precision    recall  f1-score   support

           0       0.00      0.00      0.00       159
           1       0.34      0.28      0.31       391
           2       0.00      0.00      0.00       116
           3       0.31      0.43      0.36       269
           4       0.40      0.51      0.45       709
           5       0.00      0.00      0.00       124
           6       0.38      0.06      0.10       388
           7       0.00      0.00      0.00       196
           8       0.32      0.68      0.44       628

    accuracy                           0.35      2980
   macro avg       0.19      0.22      0.18      2980
weighted avg       0.28      0.35      0.28      2980

[Epoch 6] Validation Accuracy: 0.3470
Best model saved at cepoch 6 with accuracy: 0.3470
[Epoch 7] Training Loss: 1.7495
Accuracy: 35.17%, F1 Score: 0.2939

Detailed Report:
               precision    recall  f1-score   support

           0       0.00      0.00      0.00       159
           1       0.30      0.44      0.36       391
           2       0.00      0.00      0.00       116
           3       0.34      0.37      0.35       269
           4       0.40      0.54      0.46       709
           5       0.00      0.00      0.00       124
           6       0.37      0.07      0.12       388
           7       0.00      0.00      0.00       196
           8       0.34      0.58      0.43       628

    accuracy                           0.35      2980
   macro avg       0.19      0.22      0.19      2980
weighted avg       0.28      0.35      0.29      2980

[Epoch 7] Validation Accuracy: 0.3517
Best model saved at cepoch 7 with accuracy: 0.3517
[Epoch 8] Training Loss: 1.7383
Accuracy: 34.70%, F1 Score: 0.2904

Detailed Report:
               precision    recall  f1-score   support

           0       0.00      0.00      0.00       159
           1       0.31      0.44      0.36       391
           2       0.00      0.00      0.00       116
           3       0.37      0.32      0.34       269
           4       0.42      0.46      0.44       709
           5       0.00      0.00      0.00       124
           6       0.31      0.08      0.13       388
           7       0.00      0.00      0.00       196
           8       0.32      0.66      0.43       628

    accuracy                           0.35      2980
   macro avg       0.19      0.22      0.19      2980
weighted avg       0.28      0.35      0.29      2980

[Epoch 8] Validation Accuracy: 0.3470
[Epoch 9] Training Loss: 1.7310
Accuracy: 34.06%, F1 Score: 0.2871

Detailed Report:
               precision    recall  f1-score   support

           0       0.00      0.00      0.00       159
           1       0.31      0.36      0.33       391
           2       0.00      0.00      0.00       116
           3       0.32      0.32      0.32       269
           4       0.43      0.43      0.43       709
           5       0.00      0.00      0.00       124
           6       0.27      0.11      0.16       388
           7       0.00      0.00      0.00       196
           8       0.32      0.70      0.44       628

    accuracy                           0.34      2980
   macro avg       0.18      0.21      0.19      2980
weighted avg       0.27      0.34      0.29      2980

[Epoch 9] Validation Accuracy: 0.3406
[Epoch 10] Training Loss: 1.7183
Accuracy: 35.74%, F1 Score: 0.3045

Detailed Report:
               precision    recall  f1-score   support

           0       0.00      0.00      0.00       159
           1       0.31      0.42      0.36       391
           2       0.00      0.00      0.00       116
           3       0.36      0.35      0.36       269
           4       0.41      0.50      0.45       709
           5       0.00      0.00      0.00       124
           6       0.33      0.13      0.19       388
           7       0.00      0.00      0.00       196
           8       0.34      0.64      0.44       628

    accuracy                           0.36      2980
   macro avg       0.20      0.23      0.20      2980
weighted avg       0.29      0.36      0.30      2980

[Epoch 10] Validation Accuracy: 0.3574
Best model saved at cepoch 10 with accuracy: 0.3574
[Epoch 11] Training Loss: 1.7094
Accuracy: 34.80%, F1 Score: 0.3035

Detailed Report:
               precision    recall  f1-score   support

           0       0.00      0.00      0.00       159
           1       0.29      0.42      0.34       391
           2       1.00      0.01      0.02       116
           3       0.29      0.50      0.37       269
           4       0.41      0.51      0.45       709
           5       0.00      0.00      0.00       124
           6       0.34      0.17      0.23       388
           7       0.00      0.00      0.00       196
           8       0.35      0.49      0.41       628

    accuracy                           0.35      2980
   macro avg       0.30      0.23      0.20      2980
weighted avg       0.32      0.35      0.30      2980

[Epoch 11] Validation Accuracy: 0.3480
[Epoch 12] Training Loss: 1.7005
Accuracy: 36.01%, F1 Score: 0.3179

Detailed Report:
               precision    recall  f1-score   support

           0       0.00      0.00      0.00       159
           1       0.31      0.45      0.37       391
           2       0.38      0.05      0.09       116
           3       0.33      0.43      0.37       269
           4       0.41      0.52      0.46       709
           5       0.00      0.00      0.00       124
           6       0.34      0.22      0.26       388
           7       0.00      0.00      0.00       196
           8       0.36      0.52      0.42       628

    accuracy                           0.36      2980
   macro avg       0.24      0.24      0.22      2980
weighted avg       0.30      0.36      0.32      2980

[Epoch 12] Validation Accuracy: 0.3601
Best model saved at cepoch 12 with accuracy: 0.3601
[Epoch 13] Training Loss: 1.6953
Accuracy: 36.04%, F1 Score: 0.3144

Detailed Report:
               precision    recall  f1-score   support

           0       0.00      0.00      0.00       159
           1       0.30      0.44      0.36       391
           2       0.38      0.04      0.08       116
           3       0.36      0.41      0.38       269
           4       0.39      0.54      0.45       709
           5       0.00      0.00      0.00       124
           6       0.37      0.18      0.24       388
           7       0.00      0.00      0.00       196
           8       0.36      0.54      0.43       628

    accuracy                           0.36      2980
   macro avg       0.24      0.24      0.22      2980
weighted avg       0.30      0.36      0.31      2980

[Epoch 13] Validation Accuracy: 0.3604
Best model saved at cepoch 13 with accuracy: 0.3604
[Epoch 14] Training Loss: 1.6891
Accuracy: 36.07%, F1 Score: 0.3183

Detailed Report:
               precision    recall  f1-score   support

           0       0.00      0.00      0.00       159
           1       0.33      0.41      0.37       391
           2       0.31      0.04      0.08       116
           3       0.36      0.37      0.36       269
           4       0.39      0.54      0.45       709
           5       0.00      0.00      0.00       124
           6       0.32      0.25      0.28       388
           7       0.00      0.00      0.00       196
           8       0.36      0.52      0.43       628

    accuracy                           0.36      2980
   macro avg       0.23      0.24      0.22      2980
weighted avg       0.30      0.36      0.32      2980

[Epoch 14] Validation Accuracy: 0.3607
Best model saved at cepoch 14 with accuracy: 0.3607
[Epoch 15] Training Loss: 1.6851
Accuracy: 35.67%, F1 Score: 0.3176

Detailed Report:
               precision    recall  f1-score   support

           0       0.00      0.00      0.00       159
           1       0.33      0.40      0.36       391
           2       0.30      0.06      0.10       116
           3       0.37      0.38      0.37       269
           4       0.41      0.49      0.45       709
           5       0.00      0.00      0.00       124
           6       0.31      0.28      0.29       388
           7       0.00      0.00      0.00       196
           8       0.34      0.54      0.42       628

    accuracy                           0.36      2980
   macro avg       0.23      0.24      0.22      2980
weighted avg       0.30      0.36      0.32      2980

[Epoch 15] Validation Accuracy: 0.3567
[Epoch 16] Training Loss: 1.6789
Accuracy: 36.68%, F1 Score: 0.3205

Detailed Report:
               precision    recall  f1-score   support

           0       0.00      0.00      0.00       159
           1       0.31      0.38      0.34       391
           2       0.43      0.09      0.14       116
           3       0.37      0.43      0.40       269
           4       0.38      0.60      0.46       709
           5       0.00      0.00      0.00       124
           6       0.38      0.18      0.25       388
           7       0.00      0.00      0.00       196
           8       0.38      0.52      0.44       628

    accuracy                           0.37      2980
   macro avg       0.25      0.24      0.23      2980
weighted avg       0.31      0.37      0.32      2980

[Epoch 16] Validation Accuracy: 0.3668
Best model saved at cepoch 16 with accuracy: 0.3668
[Epoch 17] Training Loss: 1.6687
Accuracy: 36.58%, F1 Score: 0.3214

Detailed Report:
               precision    recall  f1-score   support

           0       0.00      0.00      0.00       159
           1       0.32      0.43      0.36       391
           2       0.36      0.09      0.14       116
           3       0.36      0.40      0.38       269
           4       0.40      0.55      0.46       709
           5       0.00      0.00      0.00       124
           6       0.39      0.19      0.26       388
           7       0.00      0.00      0.00       196
           8       0.36      0.54      0.43       628

    accuracy                           0.37      2980
   macro avg       0.24      0.24      0.23      2980
weighted avg       0.31      0.37      0.32      2980

[Epoch 17] Validation Accuracy: 0.3658
[Epoch 18] Training Loss: 1.6630
Accuracy: 35.60%, F1 Score: 0.3223

Detailed Report:
               precision    recall  f1-score   support

           0       0.00      0.00      0.00       159
           1       0.28      0.53      0.37       391
           2       0.41      0.17      0.24       116
           3       0.35      0.41      0.38       269
           4       0.40      0.50      0.45       709
           5       0.00      0.00      0.00       124
           6       0.34      0.29      0.31       388
           7       0.50      0.01      0.01       196
           8       0.38      0.40      0.39       628

    accuracy                           0.36      2980
   macro avg       0.30      0.26      0.24      2980
weighted avg       0.34      0.36      0.32      2980

[Epoch 18] Validation Accuracy: 0.3560
