Activating environment
CUDA_HOME is set to: /tc1apps/cuda/11.8
Checking GPU availability
CUDA available: True
Current device: Tesla V100-PCIE-32GB
Downloading spaCy model
Collecting en-core-web-sm==3.8.0
  Downloading https://github.com/explosion/spacy-models/releases/download/en_core_web_sm-3.8.0/en_core_web_sm-3.8.0-py3-none-any.whl (12.8 MB)
     â”â”â”â”â”â”â”â”â”â”â”â”â”â”â”â”â”â”â”â”â”â”â”â”â”â”â”â”â”â”â”â”â”â”â”â”â”â”â”â” 12.8/12.8 MB 9.3 MB/s eta 0:00:00
[38;5;2mâœ” Download and installation successful[0m
You can now load the package via spacy.load('en_core_web_sm')
Running script
[Main] Loading and processing CrowdFlower dataset...
[CrowdFlower] Loaded 40000 rows from data/CrowdFlower/text_emotion.csv
[Original Label Distribution]
label
8     8638
12    8459
5     5209
10    5165
7     3842
11    2187
4     1776
9     1526
6     1323
2      827
3      759
1      179
0      110
Name: count, dtype: int64
[Filtered Label Distribution (min 1000 per class)]
label
8     8638
12    8459
5     5209
10    5165
7     3842
11    2187
4     1776
9     1526
6     1323
Name: count, dtype: int64

[Filtered Sentiment Distribution]
sentiment
neutral      8638
worry        8459
happiness    5209
sadness      5165
love         3842
surprise     2187
fun          1776
relief       1526
hate         1323
Name: count, dtype: int64
[CrowdFlower] Final FILTERED dataset shape: 38125 samples
[Final Label Mapping] {4: 0, 5: 1, 6: 2, 7: 3, 8: 4, 9: 5, 10: 6, 11: 7, 12: 8}
[Main] Splitting dataset into train and test...
[Split] Train size: 29797, Test size: 7450
[Leakage Check] Overlapping samples between train & test: 0
[Main] Saving datasets to disk...
[Main] Done.
