Activating environment
CUDA_HOME is set to: /tc1apps/cuda/11.8
Checking GPU availability
CUDA available: True
Current device: Tesla V100-PCIE-32GB
Downloading spaCy model
Collecting en-core-web-sm==3.8.0
  Downloading https://github.com/explosion/spacy-models/releases/download/en_core_web_sm-3.8.0/en_core_web_sm-3.8.0-py3-none-any.whl (12.8 MB)
     ━━━━━━━━━━━━━━━━━━━━━━━━━━━━━━━━━━━━━━━━ 12.8/12.8 MB 20.9 MB/s eta 0:00:00
[38;5;2m✔ Download and installation successful[0m
You can now load the package via spacy.load('en_core_web_sm')
Running script
Using device : cuda
Loading training data...
[Epoch 1] Training Loss: 2.0141
Accuracy: 28.19%, F1 Score: 0.1751

Detailed Report:
               precision    recall  f1-score   support

           0       0.00      0.00      0.00       159
           1       0.00      0.00      0.00       391
           2       0.00      0.00      0.00       116
           3       0.00      0.00      0.00       269
           4       0.26      0.69      0.38       709
           5       0.00      0.00      0.00       124
           6       0.00      0.00      0.00       388
           7       0.00      0.00      0.00       196
           8       0.31      0.56      0.40       628

    accuracy                           0.28      2980
   macro avg       0.06      0.14      0.09      2980
weighted avg       0.13      0.28      0.18      2980

[Epoch 1] Validation Accuracy: 0.2819
Best model saved at cepoch 1 with accuracy: 0.2819
[Epoch 2] Training Loss: 1.8714
Accuracy: 33.89%, F1 Score: 0.2637

Detailed Report:
               precision    recall  f1-score   support

           0       0.00      0.00      0.00       159
           1       0.31      0.45      0.36       391
           2       0.00      0.00      0.00       116
           3       0.33      0.17      0.23       269
           4       0.35      0.67      0.46       709
           5       0.00      0.00      0.00       124
           6       0.00      0.00      0.00       388
           7       0.00      0.00      0.00       196
           8       0.35      0.50      0.41       628

    accuracy                           0.34      2980
   macro avg       0.15      0.20      0.16      2980
weighted avg       0.23      0.34      0.26      2980

[Epoch 2] Validation Accuracy: 0.3389
Best model saved at cepoch 2 with accuracy: 0.3389
[Epoch 3] Training Loss: 1.7956
Accuracy: 34.63%, F1 Score: 0.2684

Detailed Report:
               precision    recall  f1-score   support

           0       0.00      0.00      0.00       159
           1       0.33      0.39      0.36       391
           2       0.00      0.00      0.00       116
           3       0.51      0.16      0.24       269
           4       0.38      0.60      0.46       709
           5       0.00      0.00      0.00       124
           6       0.00      0.00      0.00       388
           7       0.00      0.00      0.00       196
           8       0.31      0.66      0.42       628

    accuracy                           0.35      2980
   macro avg       0.17      0.20      0.17      2980
weighted avg       0.25      0.35      0.27      2980

[Epoch 3] Validation Accuracy: 0.3463
Best model saved at cepoch 3 with accuracy: 0.3463
[Epoch 4] Training Loss: 1.7645
Accuracy: 34.40%, F1 Score: 0.2700

Detailed Report:
               precision    recall  f1-score   support

           0       0.00      0.00      0.00       159
           1       0.34      0.29      0.31       391
           2       0.00      0.00      0.00       116
           3       0.42      0.31      0.36       269
           4       0.37      0.56      0.45       709
           5       0.00      0.00      0.00       124
           6       0.00      0.00      0.00       388
           7       0.00      0.00      0.00       196
           8       0.31      0.69      0.43       628

    accuracy                           0.34      2980
   macro avg       0.16      0.21      0.17      2980
weighted avg       0.24      0.34      0.27      2980

[Epoch 4] Validation Accuracy: 0.3440
[Epoch 5] Training Loss: 1.7477
Accuracy: 35.17%, F1 Score: 0.2797

Detailed Report:
               precision    recall  f1-score   support

           0       0.00      0.00      0.00       159
           1       0.30      0.50      0.37       391
           2       0.00      0.00      0.00       116
           3       0.58      0.22      0.32       269
           4       0.40      0.53      0.45       709
           5       0.00      0.00      0.00       124
           6       0.25      0.01      0.01       388
           7       0.00      0.00      0.00       196
           8       0.33      0.66      0.44       628

    accuracy                           0.35      2980
   macro avg       0.21      0.21      0.18      2980
weighted avg       0.29      0.35      0.28      2980

[Epoch 5] Validation Accuracy: 0.3517
Best model saved at cepoch 5 with accuracy: 0.3517
[Epoch 6] Training Loss: 1.7222
Accuracy: 34.97%, F1 Score: 0.2991

Detailed Report:
               precision    recall  f1-score   support

           0       0.00      0.00      0.00       159
           1       0.26      0.58      0.36       391
           2       0.00      0.00      0.00       116
           3       0.48      0.38      0.42       269
           4       0.43      0.45      0.44       709
           5       0.00      0.00      0.00       124
           6       0.32      0.10      0.15       388
           7       0.00      0.00      0.00       196
           8       0.34      0.57      0.43       628

    accuracy                           0.35      2980
   macro avg       0.20      0.23      0.20      2980
weighted avg       0.29      0.35      0.30      2980

[Epoch 6] Validation Accuracy: 0.3497
[Epoch 7] Training Loss: 1.7098
Accuracy: 36.68%, F1 Score: 0.3119

Detailed Report:
               precision    recall  f1-score   support

           0       0.00      0.00      0.00       159
           1       0.29      0.49      0.36       391
           2       0.40      0.09      0.14       116
           3       0.45      0.40      0.42       269
           4       0.41      0.56      0.47       709
           5       0.00      0.00      0.00       124
           6       0.44      0.07      0.12       388
           7       0.00      0.00      0.00       196
           8       0.35      0.57      0.44       628

    accuracy                           0.37      2980
   macro avg       0.26      0.24      0.22      2980
weighted avg       0.32      0.37      0.31      2980

[Epoch 7] Validation Accuracy: 0.3668
Best model saved at cepoch 7 with accuracy: 0.3668
[Epoch 8] Training Loss: 1.6884
Accuracy: 36.21%, F1 Score: 0.2997

Detailed Report:
               precision    recall  f1-score   support

           0       0.00      0.00      0.00       159
           1       0.34      0.39      0.36       391
           2       0.39      0.12      0.18       116
           3       0.55      0.30      0.39       269
           4       0.41      0.53      0.46       709
           5       0.00      0.00      0.00       124
           6       0.23      0.03      0.05       388
           7       0.00      0.00      0.00       196
           8       0.32      0.71      0.44       628

    accuracy                           0.36      2980
   macro avg       0.25      0.23      0.21      2980
weighted avg       0.31      0.36      0.30      2980

[Epoch 8] Validation Accuracy: 0.3621
[Epoch 9] Training Loss: 1.6773
Accuracy: 38.26%, F1 Score: 0.3349

Detailed Report:
               precision    recall  f1-score   support

           0       0.00      0.00      0.00       159
           1       0.32      0.45      0.38       391
           2       0.40      0.32      0.35       116
           3       0.52      0.37      0.43       269
           4       0.41      0.59      0.49       709
           5       0.00      0.00      0.00       124
           6       0.43      0.12      0.19       388
           7       0.00      0.00      0.00       196
           8       0.35      0.57      0.43       628

    accuracy                           0.38      2980
   macro avg       0.27      0.27      0.25      2980
weighted avg       0.33      0.38      0.33      2980

[Epoch 9] Validation Accuracy: 0.3826
Best model saved at cepoch 9 with accuracy: 0.3826
[Epoch 10] Training Loss: 1.6593
Accuracy: 38.49%, F1 Score: 0.3394

Detailed Report:
               precision    recall  f1-score   support

           0       0.00      0.00      0.00       159
           1       0.32      0.47      0.38       391
           2       0.39      0.29      0.33       116
           3       0.41      0.46      0.44       269
           4       0.41      0.60      0.49       709
           5       0.00      0.00      0.00       124
           6       0.42      0.15      0.22       388
           7       0.00      0.00      0.00       196
           8       0.38      0.51      0.44       628

    accuracy                           0.38      2980
   macro avg       0.26      0.28      0.26      2980
weighted avg       0.33      0.38      0.34      2980

[Epoch 10] Validation Accuracy: 0.3849
Best model saved at cepoch 10 with accuracy: 0.3849
[Epoch 11] Training Loss: 1.6377
Accuracy: 36.64%, F1 Score: 0.3299

Detailed Report:
               precision    recall  f1-score   support

           0       0.00      0.00      0.00       159
           1       0.32      0.46      0.38       391
           2       0.37      0.31      0.34       116
           3       0.42      0.42      0.42       269
           4       0.46      0.41      0.43       709
           5       0.00      0.00      0.00       124
           6       0.36      0.22      0.27       388
           7       0.00      0.00      0.00       196
           8       0.33      0.61      0.42       628

    accuracy                           0.37      2980
   macro avg       0.25      0.27      0.25      2980
weighted avg       0.32      0.37      0.33      2980

[Epoch 11] Validation Accuracy: 0.3664
[Epoch 12] Training Loss: 1.6377
Accuracy: 37.85%, F1 Score: 0.3254

Detailed Report:
               precision    recall  f1-score   support

           0       0.00      0.00      0.00       159
           1       0.32      0.42      0.36       391
           2       0.46      0.23      0.31       116
           3       0.42      0.45      0.44       269
           4       0.38      0.64      0.48       709
           5       0.00      0.00      0.00       124
           6       0.52      0.09      0.16       388
           7       0.00      0.00      0.00       196
           8       0.38      0.51      0.44       628

    accuracy                           0.38      2980
   macro avg       0.28      0.26      0.24      2980
weighted avg       0.34      0.38      0.33      2980

[Epoch 12] Validation Accuracy: 0.3785
[Epoch 13] Training Loss: 1.6149
Accuracy: 37.01%, F1 Score: 0.3347

Detailed Report:
               precision    recall  f1-score   support

           0       0.11      0.01      0.02       159
           1       0.31      0.49      0.38       391
           2       0.33      0.39      0.36       116
           3       0.45      0.41      0.43       269
           4       0.43      0.45      0.44       709
           5       0.00      0.00      0.00       124
           6       0.39      0.21      0.27       388
           7       0.00      0.00      0.00       196
           8       0.35      0.56      0.43       628

    accuracy                           0.37      2980
   macro avg       0.26      0.28      0.26      2980
weighted avg       0.33      0.37      0.33      2980

[Epoch 13] Validation Accuracy: 0.3701
[Epoch 14] Training Loss: 1.5993
Accuracy: 37.79%, F1 Score: 0.3398

Detailed Report:
               precision    recall  f1-score   support

           0       0.00      0.00      0.00       159
           1       0.31      0.40      0.35       391
           2       0.44      0.28      0.34       116
           3       0.42      0.47      0.45       269
           4       0.41      0.55      0.47       709
           5       0.00      0.00      0.00       124
           6       0.38      0.24      0.29       388
           7       0.00      0.00      0.00       196
           8       0.37      0.52      0.43       628

    accuracy                           0.38      2980
   macro avg       0.26      0.27      0.26      2980
weighted avg       0.32      0.38      0.34      2980

[Epoch 14] Validation Accuracy: 0.3779
[Epoch 15] Training Loss: 1.5717
Accuracy: 37.82%, F1 Score: 0.3399

Detailed Report:
               precision    recall  f1-score   support

           0       0.08      0.01      0.01       159
           1       0.29      0.54      0.38       391
           2       0.43      0.22      0.29       116
           3       0.44      0.42      0.43       269
           4       0.44      0.46      0.45       709
           5       0.00      0.00      0.00       124
           6       0.44      0.21      0.29       388
           7       0.00      0.00      0.00       196
           8       0.37      0.59      0.45       628

    accuracy                           0.38      2980
   macro avg       0.28      0.27      0.26      2980
weighted avg       0.34      0.38      0.34      2980

[Epoch 15] Validation Accuracy: 0.3782
Early stopping at epoch 15

----- Starting Evaluation on Test Set -----

Accuracy: 38.71%, F1 Score: 0.3499

Detailed Report:
               precision    recall  f1-score   support

           0       0.24      0.01      0.02       352
           1       0.33      0.58      0.42      1015
           2       0.43      0.23      0.30       263
           3       0.47      0.44      0.45       735
           4       0.44      0.46      0.45      1666
           5       0.40      0.01      0.01       300
           6       0.39      0.20      0.26      1022
           7       0.00      0.00      0.00       430
           8       0.37      0.57      0.45      1667

    accuracy                           0.39      7450
   macro avg       0.34      0.28      0.26      7450
weighted avg       0.37      0.39      0.35      7450

