Activating environment
CUDA_HOME is set to: /tc1apps/cuda/11.8
Checking GPU availability
CUDA available: True
Current device: Tesla V100-PCIE-32GB
Downloading spaCy model
Collecting en-core-web-sm==3.8.0
  Downloading https://github.com/explosion/spacy-models/releases/download/en_core_web_sm-3.8.0/en_core_web_sm-3.8.0-py3-none-any.whl (12.8 MB)
     ━━━━━━━━━━━━━━━━━━━━━━━━━━━━━━━━━━━━━━━━ 12.8/12.8 MB 9.2 MB/s eta 0:00:00
[38;5;2m✔ Download and installation successful[0m
You can now load the package via spacy.load('en_core_web_sm')
Running script
Using device : cuda
Loading training data...
[Epoch 1] Training Loss: 1.9836
Accuracy: 31.95%, F1 Score: 0.2358

Detailed Report:
               precision    recall  f1-score   support

           0       0.00      0.00      0.00       159
           1       0.26      0.60      0.37       391
           2       0.00      0.00      0.00       116
           3       0.00      0.00      0.00       269
           4       0.35      0.55      0.43       709
           5       0.00      0.00      0.00       124
           6       0.00      0.00      0.00       388
           7       0.00      0.00      0.00       196
           8       0.34      0.52      0.41       628

    accuracy                           0.32      2980
   macro avg       0.11      0.19      0.13      2980
weighted avg       0.19      0.32      0.24      2980

[Epoch 1] Validation Accuracy: 0.3195
Best model saved at cepoch 1 with accuracy: 0.3195
[Epoch 2] Training Loss: 1.8215
Accuracy: 33.89%, F1 Score: 0.2704

Detailed Report:
               precision    recall  f1-score   support

           0       0.00      0.00      0.00       159
           1       0.29      0.41      0.34       391
           2       0.00      0.00      0.00       116
           3       0.33      0.33      0.33       269
           4       0.40      0.49      0.44       709
           5       0.00      0.00      0.00       124
           6       0.00      0.00      0.00       388
           7       0.00      0.00      0.00       196
           8       0.32      0.66      0.43       628

    accuracy                           0.34      2980
   macro avg       0.15      0.21      0.17      2980
weighted avg       0.23      0.34      0.27      2980

[Epoch 2] Validation Accuracy: 0.3389
Best model saved at cepoch 2 with accuracy: 0.3389
[Epoch 3] Training Loss: 1.7748
Accuracy: 34.30%, F1 Score: 0.2656

Detailed Report:
               precision    recall  f1-score   support

           0       0.00      0.00      0.00       159
           1       0.31      0.45      0.37       391
           2       0.00      0.00      0.00       116
           3       0.49      0.14      0.22       269
           4       0.36      0.59      0.45       709
           5       0.00      0.00      0.00       124
           6       0.00      0.00      0.00       388
           7       0.00      0.00      0.00       196
           8       0.33      0.62      0.43       628

    accuracy                           0.34      2980
   macro avg       0.17      0.20      0.16      2980
weighted avg       0.24      0.34      0.27      2980

[Epoch 3] Validation Accuracy: 0.3430
Best model saved at cepoch 3 with accuracy: 0.3430
[Epoch 4] Training Loss: 1.7520
Accuracy: 35.37%, F1 Score: 0.2885

Detailed Report:
               precision    recall  f1-score   support

           0       0.00      0.00      0.00       159
           1       0.28      0.43      0.34       391
           2       0.00      0.00      0.00       116
           3       0.41      0.40      0.41       269
           4       0.41      0.52      0.46       709
           5       0.00      0.00      0.00       124
           6       0.45      0.02      0.04       388
           7       0.00      0.00      0.00       196
           8       0.33      0.64      0.44       628

    accuracy                           0.35      2980
   macro avg       0.21      0.22      0.19      2980
weighted avg       0.30      0.35      0.29      2980

[Epoch 4] Validation Accuracy: 0.3537
Best model saved at cepoch 4 with accuracy: 0.3537
[Epoch 5] Training Loss: 1.7274
Accuracy: 35.97%, F1 Score: 0.2927

Detailed Report:
               precision    recall  f1-score   support

           0       0.00      0.00      0.00       159
           1       0.30      0.49      0.37       391
           2       0.00      0.00      0.00       116
           3       0.49      0.33      0.40       269
           4       0.42      0.51      0.46       709
           5       0.00      0.00      0.00       124
           6       0.50      0.02      0.04       388
           7       0.00      0.00      0.00       196
           8       0.33      0.67      0.44       628

    accuracy                           0.36      2980
   macro avg       0.23      0.23      0.19      2980
weighted avg       0.32      0.36      0.29      2980

[Epoch 5] Validation Accuracy: 0.3597
Best model saved at cepoch 5 with accuracy: 0.3597
[Epoch 6] Training Loss: 1.7040
Accuracy: 35.20%, F1 Score: 0.2879

Detailed Report:
               precision    recall  f1-score   support

           0       0.00      0.00      0.00       159
           1       0.33      0.35      0.34       391
           2       0.50      0.01      0.02       116
           3       0.41      0.43      0.42       269
           4       0.43      0.44      0.44       709
           5       0.00      0.00      0.00       124
           6       0.25      0.04      0.06       388
           7       0.00      0.00      0.00       196
           8       0.31      0.75      0.44       628

    accuracy                           0.35      2980
   macro avg       0.25      0.22      0.19      2980
weighted avg       0.30      0.35      0.29      2980

[Epoch 6] Validation Accuracy: 0.3520
[Epoch 7] Training Loss: 1.6876
Accuracy: 37.72%, F1 Score: 0.3363

Detailed Report:
               precision    recall  f1-score   support

           0       0.00      0.00      0.00       159
           1       0.31      0.49      0.38       391
           2       0.39      0.11      0.17       116
           3       0.44      0.42      0.43       269
           4       0.40      0.58      0.48       709
           5       0.00      0.00      0.00       124
           6       0.37      0.26      0.30       388
           7       0.00      0.00      0.00       196
           8       0.37      0.47      0.42       628

    accuracy                           0.38      2980
   macro avg       0.25      0.26      0.24      2980
weighted avg       0.32      0.38      0.34      2980

[Epoch 7] Validation Accuracy: 0.3772
Best model saved at cepoch 7 with accuracy: 0.3772
[Epoch 8] Training Loss: 1.6669
Accuracy: 35.47%, F1 Score: 0.3084

Detailed Report:
               precision    recall  f1-score   support

           0       0.00      0.00      0.00       159
           1       0.33      0.35      0.34       391
           2       0.45      0.04      0.08       116
           3       0.42      0.42      0.42       269
           4       0.44      0.37      0.40       709
           5       0.00      0.00      0.00       124
           6       0.38      0.21      0.27       388
           7       0.00      0.00      0.00       196
           8       0.31      0.73      0.44       628

    accuracy                           0.35      2980
   macro avg       0.26      0.24      0.22      2980
weighted avg       0.32      0.35      0.31      2980

[Epoch 8] Validation Accuracy: 0.3547
[Epoch 9] Training Loss: 1.6698
Accuracy: 37.72%, F1 Score: 0.3349

Detailed Report:
               precision    recall  f1-score   support

           0       0.00      0.00      0.00       159
           1       0.33      0.49      0.39       391
           2       0.50      0.17      0.26       116
           3       0.54      0.35      0.43       269
           4       0.42      0.50      0.46       709
           5       0.00      0.00      0.00       124
           6       0.35      0.20      0.25       388
           7       0.00      0.00      0.00       196
           8       0.34      0.62      0.44       628

    accuracy                           0.38      2980
   macro avg       0.28      0.26      0.25      2980
weighted avg       0.33      0.38      0.33      2980

[Epoch 9] Validation Accuracy: 0.3772
[Epoch 10] Training Loss: 1.6478
Accuracy: 39.30%, F1 Score: 0.3506

Detailed Report:
               precision    recall  f1-score   support

           0       0.00      0.00      0.00       159
           1       0.35      0.45      0.39       391
           2       0.45      0.25      0.32       116
           3       0.49      0.41      0.45       269
           4       0.39      0.66      0.49       709
           5       0.00      0.00      0.00       124
           6       0.40      0.25      0.31       388
           7       0.00      0.00      0.00       196
           8       0.39      0.46      0.42       628

    accuracy                           0.39      2980
   macro avg       0.27      0.28      0.27      2980
weighted avg       0.33      0.39      0.35      2980

[Epoch 10] Validation Accuracy: 0.3930
Best model saved at cepoch 10 with accuracy: 0.3930
[Epoch 11] Training Loss: 1.6326
Accuracy: 36.71%, F1 Score: 0.3373

Detailed Report:
               precision    recall  f1-score   support

           0       0.08      0.01      0.01       159
           1       0.29      0.54      0.38       391
           2       0.44      0.27      0.33       116
           3       0.34      0.50      0.40       269
           4       0.45      0.40      0.43       709
           5       0.00      0.00      0.00       124
           6       0.36      0.43      0.39       388
           7       0.00      0.00      0.00       196
           8       0.40      0.42      0.41       628

    accuracy                           0.37      2980
   macro avg       0.26      0.29      0.26      2980
weighted avg       0.33      0.37      0.34      2980

[Epoch 11] Validation Accuracy: 0.3671
[Epoch 12] Training Loss: 1.6172
Accuracy: 37.11%, F1 Score: 0.3321

Detailed Report:
               precision    recall  f1-score   support

           0       0.00      0.00      0.00       159
           1       0.27      0.58      0.37       391
           2       0.42      0.23      0.30       116
           3       0.40      0.46      0.43       269
           4       0.42      0.49      0.45       709
           5       0.50      0.01      0.02       124
           6       0.49      0.16      0.24       388
           7       0.00      0.00      0.00       196
           8       0.39      0.51      0.44       628

    accuracy                           0.37      2980
   macro avg       0.32      0.27      0.25      2980
weighted avg       0.36      0.37      0.33      2980

[Epoch 12] Validation Accuracy: 0.3711
[Epoch 13] Training Loss: 1.5989
Accuracy: 38.29%, F1 Score: 0.3482

Detailed Report:
               precision    recall  f1-score   support

           0       0.00      0.00      0.00       159
           1       0.30      0.50      0.38       391
           2       0.42      0.26      0.32       116
           3       0.43      0.45      0.44       269
           4       0.40      0.58      0.47       709
           5       0.50      0.02      0.03       124
           6       0.36      0.40      0.38       388
           7       0.00      0.00      0.00       196
           8       0.44      0.36      0.39       628

    accuracy                           0.38      2980
   macro avg       0.32      0.29      0.27      2980
weighted avg       0.35      0.38      0.35      2980

[Epoch 13] Validation Accuracy: 0.3829
[Epoch 14] Training Loss: 1.5832
Accuracy: 38.99%, F1 Score: 0.3546

Detailed Report:
               precision    recall  f1-score   support

           0       0.20      0.01      0.02       159
           1       0.31      0.49      0.38       391
           2       0.44      0.31      0.36       116
           3       0.41      0.48      0.44       269
           4       0.41      0.56      0.47       709
           5       0.33      0.01      0.02       124
           6       0.41      0.29      0.34       388
           7       0.00      0.00      0.00       196
           8       0.41      0.47      0.44       628

    accuracy                           0.39      2980
   macro avg       0.32      0.29      0.27      2980
weighted avg       0.36      0.39      0.35      2980

[Epoch 14] Validation Accuracy: 0.3899
[Epoch 15] Training Loss: 1.5619
Accuracy: 38.19%, F1 Score: 0.3479

Detailed Report:
               precision    recall  f1-score   support

           0       0.22      0.01      0.02       159
           1       0.33      0.43      0.37       391
           2       0.53      0.18      0.27       116
           3       0.43      0.40      0.41       269
           4       0.42      0.51      0.46       709
           5       0.38      0.02      0.05       124
           6       0.38      0.35      0.36       388
           7       0.00      0.00      0.00       196
           8       0.37      0.54      0.44       628

    accuracy                           0.38      2980
   macro avg       0.34      0.27      0.26      2980
weighted avg       0.35      0.38      0.35      2980

[Epoch 15] Validation Accuracy: 0.3819
Early stopping at epoch 15

----- Starting Evaluation on Test Set -----

Accuracy: 40.24%, F1 Score: 0.3704

Detailed Report:
               precision    recall  f1-score   support

           0       0.19      0.02      0.03       352
           1       0.38      0.48      0.42      1015
           2       0.44      0.15      0.22       263
           3       0.49      0.45      0.47       735
           4       0.44      0.51      0.47      1666
           5       0.40      0.03      0.05       300
           6       0.37      0.35      0.36      1022
           7       0.14      0.00      0.00       430
           8       0.38      0.55      0.45      1667

    accuracy                           0.40      7450
   macro avg       0.36      0.28      0.28      7450
weighted avg       0.38      0.40      0.37      7450

