Activating environment
CUDA_HOME is set to: /tc1apps/cuda/11.8
Checking GPU availability
CUDA available: True
Current device: Tesla V100-PCIE-32GB
Downloading spaCy model
Collecting en-core-web-sm==3.8.0
  Downloading https://github.com/explosion/spacy-models/releases/download/en_core_web_sm-3.8.0/en_core_web_sm-3.8.0-py3-none-any.whl (12.8 MB)
     ━━━━━━━━━━━━━━━━━━━━━━━━━━━━━━━━━━━━━━━━ 12.8/12.8 MB 14.4 MB/s eta 0:00:00
[38;5;2m✔ Download and installation successful[0m
You can now load the package via spacy.load('en_core_web_sm')
Running script

🔁 Run 1/5
[Epoch 1] Training Loss: 1.8691
Accuracy: 35.18%, F1 Score: 0.2550, Recall: 0.3518, Precision: 0.2271

Detailed Report:
               precision    recall  f1-score   support

           0       0.00      0.00      0.00        89
           1       0.26      0.79      0.40        89
           2       0.40      0.58      0.47       102
           3       0.00      0.00      0.00        88
           4       0.24      0.09      0.13        70
           5       0.53      0.87      0.66        89
           6       0.13      0.05      0.07        87

    accuracy                           0.35       614
   macro avg       0.22      0.34      0.25       614
weighted avg       0.23      0.35      0.26       614

[Epoch 1] Validation Accuracy: 0.3518
Best model saved at cepoch 1 with accuracy: 0.3518
[Epoch 2] Training Loss: 1.7230
Accuracy: 39.58%, F1 Score: 0.3508, Recall: 0.3958, Precision: 0.3946

Detailed Report:
               precision    recall  f1-score   support

           0       0.26      0.35      0.30        89
           1       0.41      0.63      0.49        89
           2       0.43      0.49      0.46       102
           3       0.22      0.17      0.19        88
           4       0.35      0.20      0.25        70
           5       0.58      0.85      0.69        89
           6       0.50      0.01      0.02        87

    accuracy                           0.40       614
   macro avg       0.39      0.39      0.34       614
weighted avg       0.39      0.40      0.35       614

[Epoch 2] Validation Accuracy: 0.3958
Best model saved at cepoch 2 with accuracy: 0.3958
[Epoch 3] Training Loss: 1.6407
Accuracy: 40.23%, F1 Score: 0.3462, Recall: 0.4023, Precision: 0.3291

Detailed Report:
               precision    recall  f1-score   support

           0       0.25      0.13      0.18        89
           1       0.39      0.71      0.50        89
           2       0.42      0.54      0.47       102
           3       0.00      0.00      0.00        88
           4       0.26      0.44      0.33        70
           5       0.65      0.83      0.73        89
           6       0.31      0.14      0.19        87

    accuracy                           0.40       614
   macro avg       0.32      0.40      0.34       614
weighted avg       0.33      0.40      0.35       614

[Epoch 3] Validation Accuracy: 0.4023
Best model saved at cepoch 3 with accuracy: 0.4023
[Epoch 4] Training Loss: 1.6074
Accuracy: 43.16%, F1 Score: 0.4017, Recall: 0.4316, Precision: 0.4094

Detailed Report:
               precision    recall  f1-score   support

           0       0.30      0.20      0.24        89
           1       0.43      0.65      0.52        89
           2       0.41      0.58      0.48       102
           3       0.23      0.09      0.13        88
           4       0.33      0.43      0.37        70
           5       0.68      0.81      0.74        89
           6       0.48      0.23      0.31        87

    accuracy                           0.43       614
   macro avg       0.41      0.43      0.40       614
weighted avg       0.41      0.43      0.40       614

[Epoch 4] Validation Accuracy: 0.4316
Best model saved at cepoch 4 with accuracy: 0.4316
[Epoch 5] Training Loss: 1.5634
Accuracy: 42.83%, F1 Score: 0.3969, Recall: 0.4283, Precision: 0.4001

Detailed Report:
               precision    recall  f1-score   support

           0       0.32      0.26      0.28        89
           1       0.48      0.58      0.53        89
           2       0.45      0.52      0.48       102
           3       0.19      0.03      0.06        88
           4       0.29      0.54      0.38        70
           5       0.65      0.81      0.72        89
           6       0.40      0.25      0.31        87

    accuracy                           0.43       614
   macro avg       0.40      0.43      0.39       614
weighted avg       0.40      0.43      0.40       614

[Epoch 5] Validation Accuracy: 0.4283
[Epoch 6] Training Loss: 1.5542
Accuracy: 44.46%, F1 Score: 0.4081, Recall: 0.4446, Precision: 0.4125

Detailed Report:
               precision    recall  f1-score   support

           0       0.36      0.20      0.26        89
           1       0.43      0.66      0.52        89
           2       0.44      0.58      0.50       102
           3       0.20      0.05      0.07        88
           4       0.33      0.50      0.40        70
           5       0.68      0.82      0.74        89
           6       0.43      0.29      0.34        87

    accuracy                           0.44       614
   macro avg       0.41      0.44      0.41       614
weighted avg       0.41      0.44      0.41       614

[Epoch 6] Validation Accuracy: 0.4446
Best model saved at cepoch 6 with accuracy: 0.4446
[Epoch 7] Training Loss: 1.5448
Accuracy: 43.81%, F1 Score: 0.4162, Recall: 0.4381, Precision: 0.4215

Detailed Report:
               precision    recall  f1-score   support

           0       0.30      0.35      0.32        89
           1       0.52      0.57      0.55        89
           2       0.43      0.35      0.39       102
           3       0.26      0.08      0.12        88
           4       0.35      0.60      0.44        70
           5       0.66      0.82      0.73        89
           6       0.41      0.33      0.37        87

    accuracy                           0.44       614
   macro avg       0.42      0.44      0.42       614
weighted avg       0.42      0.44      0.42       614

[Epoch 7] Validation Accuracy: 0.4381
[Epoch 8] Training Loss: 1.5233
Accuracy: 44.30%, F1 Score: 0.4145, Recall: 0.4430, Precision: 0.4261

Detailed Report:
               precision    recall  f1-score   support

           0       0.33      0.28      0.30        89
           1       0.46      0.58      0.51        89
           2       0.46      0.54      0.50       102
           3       0.21      0.07      0.10        88
           4       0.32      0.63      0.42        70
           5       0.73      0.82      0.77        89
           6       0.45      0.20      0.27        87

    accuracy                           0.44       614
   macro avg       0.42      0.45      0.41       614
weighted avg       0.43      0.44      0.41       614

[Epoch 8] Validation Accuracy: 0.4430
[Epoch 9] Training Loss: 1.5119
Accuracy: 46.09%, F1 Score: 0.4321, Recall: 0.4609, Precision: 0.4338

Detailed Report:
               precision    recall  f1-score   support

           0       0.35      0.31      0.33        89
           1       0.52      0.55      0.54        89
           2       0.50      0.52      0.51       102
           3       0.25      0.05      0.08        88
           4       0.37      0.60      0.45        70
           5       0.64      0.82      0.72        89
           6       0.38      0.39      0.38        87

    accuracy                           0.46       614
   macro avg       0.43      0.46      0.43       614
weighted avg       0.43      0.46      0.43       614

[Epoch 9] Validation Accuracy: 0.4609
Best model saved at cepoch 9 with accuracy: 0.4609
[Epoch 10] Training Loss: 1.4917
Accuracy: 46.09%, F1 Score: 0.4335, Recall: 0.4609, Precision: 0.4544

Detailed Report:
               precision    recall  f1-score   support

           0       0.36      0.39      0.38        89
           1       0.47      0.62      0.54        89
           2       0.56      0.48      0.52       102
           3       0.28      0.10      0.15        88
           4       0.33      0.66      0.44        70
           5       0.68      0.83      0.75        89
           6       0.45      0.17      0.25        87

    accuracy                           0.46       614
   macro avg       0.45      0.46      0.43       614
weighted avg       0.45      0.46      0.43       614

[Epoch 10] Validation Accuracy: 0.4609
[Epoch 11] Training Loss: 1.4775
Accuracy: 47.72%, F1 Score: 0.4500, Recall: 0.4772, Precision: 0.4487

Detailed Report:
               precision    recall  f1-score   support

           0       0.36      0.30      0.33        89
           1       0.53      0.57      0.55        89
           2       0.51      0.52      0.51       102
           3       0.22      0.05      0.08        88
           4       0.39      0.61      0.48        70
           5       0.73      0.83      0.77        89
           6       0.38      0.47      0.42        87

    accuracy                           0.48       614
   macro avg       0.45      0.48      0.45       614
weighted avg       0.45      0.48      0.45       614

[Epoch 11] Validation Accuracy: 0.4772
Best model saved at cepoch 11 with accuracy: 0.4772
[Epoch 12] Training Loss: 1.4627
Accuracy: 47.39%, F1 Score: 0.4486, Recall: 0.4739, Precision: 0.4475

Detailed Report:
               precision    recall  f1-score   support

           0       0.39      0.29      0.33        89
           1       0.50      0.64      0.56        89
           2       0.51      0.51      0.51       102
           3       0.23      0.08      0.12        88
           4       0.38      0.66      0.48        70
           5       0.71      0.82      0.76        89
           6       0.38      0.34      0.36        87

    accuracy                           0.47       614
   macro avg       0.44      0.48      0.45       614
weighted avg       0.45      0.47      0.45       614

[Epoch 12] Validation Accuracy: 0.4739
[Epoch 13] Training Loss: 1.4623
Accuracy: 46.58%, F1 Score: 0.4453, Recall: 0.4658, Precision: 0.4593

Detailed Report:
               precision    recall  f1-score   support

           0       0.35      0.38      0.37        89
           1       0.50      0.53      0.51        89
           2       0.58      0.41      0.48       102
           3       0.28      0.10      0.15        88
           4       0.36      0.71      0.48        70
           5       0.67      0.83      0.74        89
           6       0.44      0.34      0.39        87

    accuracy                           0.47       614
   macro avg       0.45      0.47      0.44       614
weighted avg       0.46      0.47      0.45       614

[Epoch 13] Validation Accuracy: 0.4658
[Epoch 14] Training Loss: 1.4379
Accuracy: 49.35%, F1 Score: 0.4683, Recall: 0.4935, Precision: 0.4591

Detailed Report:
               precision    recall  f1-score   support

           0       0.36      0.34      0.35        89
           1       0.53      0.61      0.57        89
           2       0.52      0.57      0.54       102
           3       0.19      0.06      0.09        88
           4       0.46      0.64      0.54        70
           5       0.72      0.81      0.76        89
           6       0.41      0.45      0.43        87

    accuracy                           0.49       614
   macro avg       0.46      0.50      0.47       614
weighted avg       0.46      0.49      0.47       614

[Epoch 14] Validation Accuracy: 0.4935
Best model saved at cepoch 14 with accuracy: 0.4935
[Epoch 15] Training Loss: 1.4454
Accuracy: 47.72%, F1 Score: 0.4547, Recall: 0.4772, Precision: 0.4671

Detailed Report:
               precision    recall  f1-score   support

           0       0.36      0.34      0.35        89
           1       0.55      0.54      0.55        89
           2       0.63      0.44      0.52       102
           3       0.25      0.08      0.12        88
           4       0.38      0.74      0.50        70
           5       0.66      0.83      0.74        89
           6       0.39      0.43      0.41        87

    accuracy                           0.48       614
   macro avg       0.46      0.49      0.45       614
weighted avg       0.47      0.48      0.45       614

[Epoch 15] Validation Accuracy: 0.4772
[Epoch 16] Training Loss: 1.4361
Accuracy: 49.84%, F1 Score: 0.4773, Recall: 0.4984, Precision: 0.4755

Detailed Report:
               precision    recall  f1-score   support

           0       0.36      0.31      0.34        89
           1       0.56      0.58      0.57        89
           2       0.53      0.61      0.57       102
           3       0.26      0.10      0.15        88
           4       0.42      0.67      0.52        70
           5       0.72      0.80      0.76        89
           6       0.45      0.43      0.44        87

    accuracy                           0.50       614
   macro avg       0.47      0.50      0.48       614
weighted avg       0.48      0.50      0.48       614

[Epoch 16] Validation Accuracy: 0.4984
Best model saved at cepoch 16 with accuracy: 0.4984
[Epoch 17] Training Loss: 1.4158
Accuracy: 48.70%, F1 Score: 0.4655, Recall: 0.4870, Precision: 0.4653

Detailed Report:
               precision    recall  f1-score   support

           0       0.36      0.42      0.39        89
           1       0.54      0.58      0.56        89
           2       0.58      0.49      0.53       102
           3       0.21      0.08      0.11        88
           4       0.42      0.69      0.52        70
           5       0.67      0.82      0.74        89
           6       0.46      0.37      0.41        87

    accuracy                           0.49       614
   macro avg       0.46      0.49      0.47       614
weighted avg       0.47      0.49      0.47       614

[Epoch 17] Validation Accuracy: 0.4870
[Epoch 18] Training Loss: 1.4062
Accuracy: 50.16%, F1 Score: 0.4855, Recall: 0.5016, Precision: 0.4873

Detailed Report:
               precision    recall  f1-score   support

           0       0.37      0.36      0.37        89
           1       0.54      0.61      0.57        89
           2       0.55      0.53      0.54       102
           3       0.33      0.16      0.21        88
           4       0.43      0.70      0.53        70
           5       0.73      0.82      0.77        89
           6       0.44      0.37      0.40        87

    accuracy                           0.50       614
   macro avg       0.48      0.51      0.49       614
weighted avg       0.49      0.50      0.49       614

[Epoch 18] Validation Accuracy: 0.5016
Best model saved at cepoch 18 with accuracy: 0.5016
[Epoch 19] Training Loss: 1.4028
Accuracy: 49.19%, F1 Score: 0.4706, Recall: 0.4919, Precision: 0.4775

Detailed Report:
               precision    recall  f1-score   support

           0       0.40      0.37      0.39        89
           1       0.57      0.56      0.56        89
           2       0.58      0.47      0.52       102
           3       0.28      0.09      0.14        88
           4       0.40      0.73      0.52        70
           5       0.69      0.82      0.75        89
           6       0.39      0.45      0.42        87

    accuracy                           0.49       614
   macro avg       0.47      0.50      0.47       614
weighted avg       0.48      0.49      0.47       614

[Epoch 19] Validation Accuracy: 0.4919
[Epoch 20] Training Loss: 1.3960
Accuracy: 51.14%, F1 Score: 0.4911, Recall: 0.5114, Precision: 0.4854

Detailed Report:
               precision    recall  f1-score   support

           0       0.42      0.34      0.37        89
           1       0.53      0.65      0.58        89
           2       0.54      0.62      0.58       102
           3       0.28      0.14      0.18        88
           4       0.49      0.63      0.55        70
           5       0.70      0.82      0.76        89
           6       0.43      0.39      0.41        87

    accuracy                           0.51       614
   macro avg       0.48      0.51      0.49       614
weighted avg       0.49      0.51      0.49       614

[Epoch 20] Validation Accuracy: 0.5114
Best model saved at cepoch 20 with accuracy: 0.5114
[Epoch 21] Training Loss: 1.3811
Accuracy: 50.00%, F1 Score: 0.4812, Recall: 0.5000, Precision: 0.4938

Detailed Report:
               precision    recall  f1-score   support

           0       0.38      0.44      0.41        89
           1       0.57      0.54      0.55        89
           2       0.64      0.46      0.54       102
           3       0.28      0.10      0.15        88
           4       0.41      0.77      0.54        70
           5       0.70      0.82      0.76        89
           6       0.42      0.43      0.42        87

    accuracy                           0.50       614
   macro avg       0.49      0.51      0.48       614
weighted avg       0.49      0.50      0.48       614

[Epoch 21] Validation Accuracy: 0.5000
[Epoch 22] Training Loss: 1.3876
Accuracy: 51.30%, F1 Score: 0.4941, Recall: 0.5130, Precision: 0.4953

Detailed Report:
               precision    recall  f1-score   support

           0       0.45      0.33      0.38        89
           1       0.52      0.64      0.58        89
           2       0.54      0.60      0.57       102
           3       0.36      0.18      0.24        88
           4       0.45      0.66      0.53        70
           5       0.70      0.83      0.76        89
           6       0.44      0.37      0.40        87

    accuracy                           0.51       614
   macro avg       0.49      0.51      0.49       614
weighted avg       0.50      0.51      0.49       614

[Epoch 22] Validation Accuracy: 0.5130
Best model saved at cepoch 22 with accuracy: 0.5130
[Epoch 23] Training Loss: 1.3901
Accuracy: 53.09%, F1 Score: 0.5273, Recall: 0.5309, Precision: 0.5353

Detailed Report:
               precision    recall  f1-score   support

           0       0.41      0.43      0.42        89
           1       0.63      0.60      0.61        89
           2       0.64      0.48      0.55       102
           3       0.35      0.33      0.34        88
           4       0.46      0.69      0.55        70
           5       0.72      0.82      0.76        89
           6       0.51      0.41      0.46        87

    accuracy                           0.53       614
   macro avg       0.53      0.54      0.53       614
weighted avg       0.54      0.53      0.53       614

[Epoch 23] Validation Accuracy: 0.5309
Best model saved at cepoch 23 with accuracy: 0.5309
[Epoch 24] Training Loss: 1.3726
Accuracy: 52.44%, F1 Score: 0.5049, Recall: 0.5244, Precision: 0.5050

Detailed Report:
               precision    recall  f1-score   support

           0       0.43      0.34      0.38        89
           1       0.58      0.61      0.59        89
           2       0.54      0.63      0.58       102
           3       0.35      0.15      0.21        88
           4       0.48      0.64      0.55        70
           5       0.70      0.83      0.76        89
           6       0.43      0.48      0.46        87

    accuracy                           0.52       614
   macro avg       0.50      0.53      0.50       614
weighted avg       0.50      0.52      0.50       614

[Epoch 24] Validation Accuracy: 0.5244
[Epoch 25] Training Loss: 1.3708
Accuracy: 52.12%, F1 Score: 0.5100, Recall: 0.5212, Precision: 0.5156

Detailed Report:
               precision    recall  f1-score   support

           0       0.44      0.37      0.40        89
           1       0.55      0.63      0.59        89
           2       0.61      0.50      0.55       102
           3       0.35      0.22      0.27        88
           4       0.44      0.73      0.55        70
           5       0.74      0.81      0.77        89
           6       0.43      0.44      0.43        87

    accuracy                           0.52       614
   macro avg       0.51      0.53      0.51       614
weighted avg       0.52      0.52      0.51       614

[Epoch 25] Validation Accuracy: 0.5212
[Epoch 26] Training Loss: 1.3732
Accuracy: 52.28%, F1 Score: 0.5112, Recall: 0.5228, Precision: 0.5126

Detailed Report:
               precision    recall  f1-score   support

           0       0.40      0.44      0.42        89
           1       0.55      0.58      0.57        89
           2       0.58      0.53      0.55       102
           3       0.39      0.23      0.29        88
           4       0.47      0.64      0.55        70
           5       0.70      0.85      0.77        89
           6       0.47      0.40      0.43        87

    accuracy                           0.52       614
   macro avg       0.51      0.53      0.51       614
weighted avg       0.51      0.52      0.51       614

[Epoch 26] Validation Accuracy: 0.5228
[Epoch 27] Training Loss: 1.3603
Accuracy: 52.44%, F1 Score: 0.5150, Recall: 0.5244, Precision: 0.5227

Detailed Report:
               precision    recall  f1-score   support

           0       0.47      0.29      0.36        89
           1       0.61      0.56      0.58        89
           2       0.62      0.57      0.59       102
           3       0.31      0.25      0.28        88
           4       0.45      0.74      0.56        70
           5       0.74      0.81      0.77        89
           6       0.42      0.48      0.45        87

    accuracy                           0.52       614
   macro avg       0.52      0.53      0.51       614
weighted avg       0.52      0.52      0.51       614

[Epoch 27] Validation Accuracy: 0.5244
[Epoch 28] Training Loss: 1.3606
Accuracy: 53.58%, F1 Score: 0.5231, Recall: 0.5358, Precision: 0.5312

Detailed Report:
               precision    recall  f1-score   support

           0       0.45      0.47      0.46        89
           1       0.50      0.62      0.56        89
           2       0.59      0.59      0.59       102
           3       0.49      0.24      0.32        88
           4       0.48      0.69      0.56        70
           5       0.72      0.81      0.76        89
           6       0.46      0.36      0.40        87

    accuracy                           0.54       614
   macro avg       0.53      0.54      0.52       614
weighted avg       0.53      0.54      0.52       614

[Epoch 28] Validation Accuracy: 0.5358
Best model saved at cepoch 28 with accuracy: 0.5358
[Epoch 29] Training Loss: 1.3485
Accuracy: 53.42%, F1 Score: 0.5298, Recall: 0.5342, Precision: 0.5431

Detailed Report:
               precision    recall  f1-score   support

           0       0.46      0.29      0.36        89
           1       0.68      0.53      0.59        89
           2       0.62      0.55      0.58       102
           3       0.34      0.38      0.36        88
           4       0.45      0.74      0.56        70
           5       0.74      0.81      0.77        89
           6       0.47      0.48      0.48        87

    accuracy                           0.53       614
   macro avg       0.54      0.54      0.53       614
weighted avg       0.54      0.53      0.53       614

[Epoch 29] Validation Accuracy: 0.5342
[Epoch 30] Training Loss: 1.3548
Accuracy: 53.09%, F1 Score: 0.5185, Recall: 0.5309, Precision: 0.5247

Detailed Report:
               precision    recall  f1-score   support

           0       0.42      0.52      0.46        89
           1       0.54      0.64      0.59        89
           2       0.60      0.51      0.55       102
           3       0.39      0.20      0.27        88
           4       0.48      0.70      0.57        70
           5       0.77      0.82      0.79        89
           6       0.44      0.36      0.39        87

    accuracy                           0.53       614
   macro avg       0.52      0.54      0.52       614
weighted avg       0.52      0.53      0.52       614

[Epoch 30] Validation Accuracy: 0.5309

----- Starting Evaluation on Test Set -----

Accuracy: 53.46%, F1 Score: 0.5221, Recall: 0.5346, Precision: 0.5224

Detailed Report:
               precision    recall  f1-score   support

           0       0.38      0.49      0.43       205
           1       0.63      0.64      0.63       214
           2       0.51      0.48      0.50       215
           3       0.40      0.23      0.30       230
           4       0.57      0.70      0.63       227
           5       0.73      0.87      0.79       214
           6       0.43      0.35      0.39       229

    accuracy                           0.53      1534
   macro avg       0.52      0.54      0.52      1534
weighted avg       0.52      0.53      0.52      1534


🔁 Run 2/5
[Epoch 1] Training Loss: 1.8887
Accuracy: 32.08%, F1 Score: 0.2673, Recall: 0.3208, Precision: 0.2509

Detailed Report:
               precision    recall  f1-score   support

           0       0.19      0.33      0.24        87
           1       0.31      0.72      0.43        83
           2       0.27      0.36      0.31        75
           3       0.00      0.00      0.00        90
           4       0.35      0.19      0.24        95
           5       0.58      0.62      0.60       101
           6       0.00      0.00      0.00        83

    accuracy                           0.32       614
   macro avg       0.24      0.32      0.26       614
weighted avg       0.25      0.32      0.27       614

[Epoch 1] Validation Accuracy: 0.3208
[Epoch 2] Training Loss: 1.7470
Accuracy: 36.16%, F1 Score: 0.2932, Recall: 0.3616, Precision: 0.2968

Detailed Report:
               precision    recall  f1-score   support

           0       0.24      0.06      0.09        87
           1       0.33      0.71      0.45        83
           2       0.33      0.44      0.38        75
           3       0.17      0.01      0.02        90
           4       0.31      0.40      0.35        95
           5       0.55      0.81      0.65       101
           6       0.12      0.05      0.07        83

    accuracy                           0.36       614
   macro avg       0.29      0.35      0.29       614
weighted avg       0.30      0.36      0.29       614

[Epoch 2] Validation Accuracy: 0.3616
[Epoch 3] Training Loss: 1.6498
Accuracy: 38.44%, F1 Score: 0.3583, Recall: 0.3844, Precision: 0.3563

Detailed Report:
               precision    recall  f1-score   support

           0       0.28      0.36      0.32        87
           1       0.43      0.59      0.50        83
           2       0.31      0.35      0.33        75
           3       0.20      0.03      0.06        90
           4       0.31      0.36      0.33        95
           5       0.68      0.76      0.72       101
           6       0.23      0.19      0.21        83

    accuracy                           0.38       614
   macro avg       0.35      0.38      0.35       614
weighted avg       0.36      0.38      0.36       614

[Epoch 3] Validation Accuracy: 0.3844
Early stopping at epoch 3

----- Starting Evaluation on Test Set -----

Accuracy: 41.40%, F1 Score: 0.3837, Recall: 0.4140, Precision: 0.3887

Detailed Report:
               precision    recall  f1-score   support

           0       0.27      0.40      0.32       205
           1       0.48      0.60      0.53       214
           2       0.40      0.43      0.41       215
           3       0.26      0.05      0.08       230
           4       0.38      0.47      0.42       227
           5       0.63      0.80      0.70       214
           6       0.31      0.20      0.24       229

    accuracy                           0.41      1534
   macro avg       0.39      0.42      0.39      1534
weighted avg       0.39      0.41      0.38      1534


🔁 Run 3/5
[Epoch 1] Training Loss: 1.8817
Accuracy: 31.27%, F1 Score: 0.2394, Recall: 0.3127, Precision: 0.3141

Detailed Report:
               precision    recall  f1-score   support

           0       0.18      0.08      0.11        75
           1       0.47      0.43      0.45       101
           2       0.38      0.06      0.10        88
           3       0.00      0.00      0.00        95
           4       0.50      0.04      0.07        80
           5       0.48      0.86      0.62        81
           6       0.20      0.69      0.31        94

    accuracy                           0.31       614
   macro avg       0.32      0.31      0.24       614
weighted avg       0.31      0.31      0.24       614

[Epoch 1] Validation Accuracy: 0.3127
Early stopping at epoch 1

----- Starting Evaluation on Test Set -----

Accuracy: 33.44%, F1 Score: 0.2637, Recall: 0.3344, Precision: 0.3886

Detailed Report:
               precision    recall  f1-score   support

           0       0.25      0.12      0.16       205
           1       0.49      0.47      0.48       214
           2       0.50      0.11      0.18       215
           3       0.00      0.00      0.00       230
           4       0.79      0.05      0.09       227
           5       0.50      0.89      0.64       214
           6       0.21      0.71      0.32       229

    accuracy                           0.33      1534
   macro avg       0.39      0.34      0.27      1534
weighted avg       0.39      0.33      0.26      1534


🔁 Run 4/5
[Epoch 1] Training Loss: 1.9204
Accuracy: 31.27%, F1 Score: 0.2179, Recall: 0.3127, Precision: 0.2488

Detailed Report:
               precision    recall  f1-score   support

           0       0.40      0.02      0.04        92
           1       0.30      0.68      0.42        95
           2       0.25      0.62      0.36        94
           3       0.09      0.05      0.06        84
           4       0.17      0.01      0.02        89
           5       0.54      0.83      0.66        75
           6       0.00      0.00      0.00        85

    accuracy                           0.31       614
   macro avg       0.25      0.32      0.22       614
weighted avg       0.25      0.31      0.22       614

[Epoch 1] Validation Accuracy: 0.3127
Early stopping at epoch 1

----- Starting Evaluation on Test Set -----

Accuracy: 33.64%, F1 Score: 0.2441, Recall: 0.3364, Precision: 0.3176

Detailed Report:
               precision    recall  f1-score   support

           0       0.35      0.03      0.05       205
           1       0.30      0.73      0.42       214
           2       0.26      0.68      0.38       215
           3       0.20      0.08      0.11       230
           4       0.44      0.05      0.09       227
           5       0.56      0.83      0.67       214
           6       0.12      0.00      0.01       229

    accuracy                           0.34      1534
   macro avg       0.32      0.34      0.25      1534
weighted avg       0.32      0.34      0.24      1534


🔁 Run 5/5
[Epoch 1] Training Loss: 1.9172
Accuracy: 30.46%, F1 Score: 0.2387, Recall: 0.3046, Precision: 0.2927

Detailed Report:
               precision    recall  f1-score   support

           0       0.44      0.08      0.14        87
           1       0.26      0.78      0.39        90
           2       0.57      0.11      0.19        71
           3       0.00      0.00      0.00        85
           4       0.23      0.31      0.26       105
           5       0.52      0.74      0.61        88
           6       0.10      0.05      0.06        88

    accuracy                           0.30       614
   macro avg       0.30      0.30      0.23       614
weighted avg       0.29      0.30      0.24       614

[Epoch 1] Validation Accuracy: 0.3046
Early stopping at epoch 1

----- Starting Evaluation on Test Set -----

Accuracy: 30.96%, F1 Score: 0.2272, Recall: 0.3096, Precision: 0.2527

Detailed Report:
               precision    recall  f1-score   support

           0       0.25      0.02      0.04       205
           1       0.26      0.79      0.39       214
           2       0.37      0.07      0.12       215
           3       0.00      0.00      0.00       230
           4       0.26      0.39      0.31       227
           5       0.52      0.85      0.65       214
           6       0.14      0.08      0.10       229

    accuracy                           0.31      1534
   macro avg       0.26      0.31      0.23      1534
weighted avg       0.25      0.31      0.23      1534


📊 Final Test Accuracy over 5 runs: 0.3858 ± 0.0822
📊 Final Test Recall over 5 runs: 0.3858 ± 0.0822
📊 Final Test Precision over 5 runs: 0.3740 ± 0.0898
📊 Final Test F1 Score over 5 runs: 0.3282 ± 0.1115
