Activating environment
CUDA_HOME is set to: /tc1apps/cuda/11.8
Checking GPU availability
CUDA available: True
Current device: Tesla V100-PCIE-32GB
Downloading spaCy model
Collecting en-core-web-sm==3.8.0
  Downloading https://github.com/explosion/spacy-models/releases/download/en_core_web_sm-3.8.0/en_core_web_sm-3.8.0-py3-none-any.whl (12.8 MB)
     ━━━━━━━━━━━━━━━━━━━━━━━━━━━━━━━━━━━━━━━━ 12.8/12.8 MB 8.3 MB/s eta 0:00:00
[38;5;2m✔ Download and installation successful[0m
You can now load the package via spacy.load('en_core_web_sm')
Running script
Using device : cuda
Loading training data...
[Epoch 1] Training Loss: 1.8845
Accuracy: 31.41%, F1 Score: 0.2480

Detailed Report:
               precision    recall  f1-score   support

           0       0.00      0.00      0.00       159
           1       0.34      0.32      0.33       391
           2       0.00      0.00      0.00       116
           3       0.35      0.32      0.33       269
           4       0.44      0.26      0.33       709
           5       0.00      0.00      0.00       124
           6       0.29      0.04      0.07       388
           7       0.00      0.00      0.00       196
           8       0.28      0.84      0.42       628

    accuracy                           0.31      2980
   macro avg       0.19      0.20      0.16      2980
weighted avg       0.28      0.31      0.25      2980

[Epoch 1] Validation Accuracy: 0.3141
Best model saved at cepoch 1 with accuracy: 0.3141
[Epoch 2] Training Loss: 1.7798
Accuracy: 33.83%, F1 Score: 0.2912

Detailed Report:
               precision    recall  f1-score   support

           0       0.00      0.00      0.00       159
           1       0.31      0.26      0.28       391
           2       0.00      0.00      0.00       116
           3       0.27      0.48      0.35       269
           4       0.43      0.44      0.44       709
           5       0.00      0.00      0.00       124
           6       0.33      0.18      0.23       388
           7       0.00      0.00      0.00       196
           8       0.32      0.63      0.42       628

    accuracy                           0.34      2980
   macro avg       0.18      0.22      0.19      2980
weighted avg       0.28      0.34      0.29      2980

[Epoch 2] Validation Accuracy: 0.3383
Best model saved at cepoch 2 with accuracy: 0.3383
[Epoch 3] Training Loss: 1.7485
Accuracy: 33.99%, F1 Score: 0.2876

Detailed Report:
               precision    recall  f1-score   support

           0       0.00      0.00      0.00       159
           1       0.31      0.34      0.32       391
           2       0.00      0.00      0.00       116
           3       0.31      0.42      0.36       269
           4       0.43      0.41      0.42       709
           5       0.00      0.00      0.00       124
           6       0.39      0.11      0.18       388
           7       0.00      0.00      0.00       196
           8       0.31      0.68      0.43       628

    accuracy                           0.34      2980
   macro avg       0.19      0.22      0.19      2980
weighted avg       0.29      0.34      0.29      2980

[Epoch 3] Validation Accuracy: 0.3399
Best model saved at cepoch 3 with accuracy: 0.3399
[Epoch 4] Training Loss: 1.7291
Accuracy: 36.48%, F1 Score: 0.3127

Detailed Report:
               precision    recall  f1-score   support

           0       0.00      0.00      0.00       159
           1       0.33      0.45      0.38       391
           2       0.00      0.00      0.00       116
           3       0.36      0.36      0.36       269
           4       0.40      0.57      0.47       709
           5       0.00      0.00      0.00       124
           6       0.39      0.15      0.22       388
           7       0.00      0.00      0.00       196
           8       0.35      0.57      0.43       628

    accuracy                           0.36      2980
   macro avg       0.20      0.23      0.21      2980
weighted avg       0.29      0.36      0.31      2980

[Epoch 4] Validation Accuracy: 0.3648
Best model saved at cepoch 4 with accuracy: 0.3648
[Epoch 5] Training Loss: 1.7081
Accuracy: 35.47%, F1 Score: 0.3171

Detailed Report:
               precision    recall  f1-score   support

           0       0.00      0.00      0.00       159
           1       0.28      0.47      0.35       391
           2       0.43      0.03      0.05       116
           3       0.34      0.43      0.38       269
           4       0.43      0.48      0.45       709
           5       0.00      0.00      0.00       124
           6       0.32      0.30      0.31       388
           7       0.00      0.00      0.00       196
           8       0.36      0.47      0.41       628

    accuracy                           0.35      2980
   macro avg       0.24      0.24      0.22      2980
weighted avg       0.30      0.35      0.32      2980

[Epoch 5] Validation Accuracy: 0.3547
[Epoch 6] Training Loss: 1.6934
Accuracy: 36.68%, F1 Score: 0.3222

Detailed Report:
               precision    recall  f1-score   support

           0       0.00      0.00      0.00       159
           1       0.33      0.41      0.36       391
           2       0.43      0.05      0.09       116
           3       0.37      0.39      0.38       269
           4       0.39      0.57      0.46       709
           5       0.00      0.00      0.00       124
           6       0.38      0.22      0.28       388
           7       0.00      0.00      0.00       196
           8       0.35      0.53      0.42       628

    accuracy                           0.37      2980
   macro avg       0.25      0.24      0.22      2980
weighted avg       0.31      0.37      0.32      2980

[Epoch 6] Validation Accuracy: 0.3668
Best model saved at cepoch 6 with accuracy: 0.3668
[Epoch 7] Training Loss: 1.6784
Accuracy: 36.85%, F1 Score: 0.3317

Detailed Report:
               precision    recall  f1-score   support

           0       0.00      0.00      0.00       159
           1       0.33      0.40      0.36       391
           2       0.36      0.14      0.20       116
           3       0.37      0.41      0.39       269
           4       0.40      0.55      0.46       709
           5       0.00      0.00      0.00       124
           6       0.33      0.36      0.34       388
           7       0.00      0.00      0.00       196
           8       0.37      0.46      0.41       628

    accuracy                           0.37      2980
   macro avg       0.24      0.26      0.24      2980
weighted avg       0.31      0.37      0.33      2980

[Epoch 7] Validation Accuracy: 0.3685
Best model saved at cepoch 7 with accuracy: 0.3685
[Epoch 8] Training Loss: 1.6633
Accuracy: 36.34%, F1 Score: 0.3219

Detailed Report:
               precision    recall  f1-score   support

           0       0.00      0.00      0.00       159
           1       0.30      0.49      0.37       391
           2       0.43      0.19      0.26       116
           3       0.40      0.39      0.39       269
           4       0.44      0.39      0.42       709
           5       0.00      0.00      0.00       124
           6       0.39      0.19      0.26       388
           7       0.00      0.00      0.00       196
           8       0.34      0.66      0.45       628

    accuracy                           0.36      2980
   macro avg       0.26      0.26      0.24      2980
weighted avg       0.32      0.36      0.32      2980

[Epoch 8] Validation Accuracy: 0.3634
[Epoch 9] Training Loss: 1.6514
Accuracy: 37.21%, F1 Score: 0.3359

Detailed Report:
               precision    recall  f1-score   support

           0       0.00      0.00      0.00       159
           1       0.29      0.55      0.38       391
           2       0.49      0.19      0.27       116
           3       0.37      0.44      0.40       269
           4       0.44      0.47      0.46       709
           5       0.00      0.00      0.00       124
           6       0.38      0.25      0.30       388
           7       0.00      0.00      0.00       196
           8       0.37      0.51      0.43       628

    accuracy                           0.37      2980
   macro avg       0.26      0.27      0.25      2980
weighted avg       0.32      0.37      0.34      2980

[Epoch 9] Validation Accuracy: 0.3721
Best model saved at cepoch 9 with accuracy: 0.3721
[Epoch 10] Training Loss: 1.6401
Accuracy: 37.52%, F1 Score: 0.3323

Detailed Report:
               precision    recall  f1-score   support

           0       0.00      0.00      0.00       159
           1       0.35      0.36      0.35       391
           2       0.39      0.24      0.30       116
           3       0.42      0.41      0.41       269
           4       0.38      0.59      0.46       709
           5       0.00      0.00      0.00       124
           6       0.41      0.20      0.27       388
           7       0.00      0.00      0.00       196
           8       0.36      0.54      0.44       628

    accuracy                           0.38      2980
   macro avg       0.26      0.26      0.25      2980
weighted avg       0.32      0.38      0.33      2980

[Epoch 10] Validation Accuracy: 0.3752
Best model saved at cepoch 10 with accuracy: 0.3752
[Epoch 11] Training Loss: 1.6223
Accuracy: 37.35%, F1 Score: 0.3364

Detailed Report:
               precision    recall  f1-score   support

           0       0.43      0.02      0.04       159
           1       0.33      0.45      0.38       391
           2       0.42      0.22      0.28       116
           3       0.38      0.47      0.42       269
           4       0.41      0.46      0.43       709
           5       0.33      0.01      0.02       124
           6       0.40      0.23      0.29       388
           7       1.00      0.01      0.01       196
           8       0.36      0.58      0.44       628

    accuracy                           0.37      2980
   macro avg       0.45      0.27      0.26      2980
weighted avg       0.42      0.37      0.34      2980

[Epoch 11] Validation Accuracy: 0.3735
[Epoch 12] Training Loss: 1.6157
Accuracy: 38.26%, F1 Score: 0.3436

Detailed Report:
               precision    recall  f1-score   support

           0       0.13      0.03      0.04       159
           1       0.31      0.44      0.37       391
           2       0.47      0.24      0.32       116
           3       0.49      0.33      0.39       269
           4       0.38      0.63      0.47       709
           5       0.00      0.00      0.00       124
           6       0.42      0.23      0.30       388
           7       0.00      0.00      0.00       196
           8       0.41      0.50      0.45       628

    accuracy                           0.38      2980
   macro avg       0.29      0.27      0.26      2980
weighted avg       0.34      0.38      0.34      2980

[Epoch 12] Validation Accuracy: 0.3826
Best model saved at cepoch 12 with accuracy: 0.3826
[Epoch 13] Training Loss: 1.6004
Accuracy: 38.32%, F1 Score: 0.3420

Detailed Report:
               precision    recall  f1-score   support

           0       0.25      0.03      0.05       159
           1       0.31      0.40      0.35       391
           2       0.44      0.26      0.33       116
           3       0.47      0.33      0.39       269
           4       0.37      0.66      0.48       709
           5       0.00      0.00      0.00       124
           6       0.43      0.22      0.29       388
           7       0.00      0.00      0.00       196
           8       0.41      0.48      0.44       628

    accuracy                           0.38      2980
   macro avg       0.30      0.27      0.26      2980
weighted avg       0.35      0.38      0.34      2980

[Epoch 13] Validation Accuracy: 0.3832
Best model saved at cepoch 13 with accuracy: 0.3832
[Epoch 14] Training Loss: 1.5846
Accuracy: 37.95%, F1 Score: 0.3488

Detailed Report:
               precision    recall  f1-score   support

           0       0.40      0.01      0.02       159
           1       0.32      0.44      0.37       391
           2       0.51      0.22      0.31       116
           3       0.37      0.48      0.42       269
           4       0.41      0.52      0.46       709
           5       0.19      0.04      0.07       124
           6       0.37      0.35      0.36       388
           7       0.50      0.01      0.01       196
           8       0.40      0.45      0.43       628

    accuracy                           0.38      2980
   macro avg       0.38      0.28      0.27      2980
weighted avg       0.39      0.38      0.35      2980

[Epoch 14] Validation Accuracy: 0.3795
[Epoch 15] Training Loss: 1.5747
Accuracy: 37.21%, F1 Score: 0.3473

Detailed Report:
               precision    recall  f1-score   support

           0       0.24      0.03      0.05       159
           1       0.29      0.52      0.37       391
           2       0.29      0.43      0.34       116
           3       0.42      0.43      0.43       269
           4       0.43      0.46      0.45       709
           5       0.17      0.01      0.02       124
           6       0.35      0.39      0.37       388
           7       0.43      0.03      0.06       196
           8       0.41      0.40      0.41       628

    accuracy                           0.37      2980
   macro avg       0.34      0.30      0.28      2980
weighted avg       0.37      0.37      0.35      2980

[Epoch 15] Validation Accuracy: 0.3721
[Epoch 16] Training Loss: 1.5622
Accuracy: 38.26%, F1 Score: 0.3531

Detailed Report:
               precision    recall  f1-score   support

           0       0.27      0.05      0.08       159
           1       0.32      0.42      0.36       391
           2       0.48      0.25      0.33       116
           3       0.41      0.44      0.42       269
           4       0.42      0.51      0.46       709
           5       0.24      0.09      0.13       124
           6       0.41      0.24      0.30       388
           7       0.14      0.01      0.01       196
           8       0.38      0.56      0.45       628

    accuracy                           0.38      2980
   macro avg       0.34      0.29      0.28      2980
weighted avg       0.36      0.38      0.35      2980

[Epoch 16] Validation Accuracy: 0.3826
[Epoch 17] Training Loss: 1.5482
Accuracy: 37.28%, F1 Score: 0.3466

Detailed Report:
               precision    recall  f1-score   support

           0       0.21      0.04      0.06       159
           1       0.29      0.52      0.37       391
           2       0.42      0.30      0.35       116
           3       0.43      0.40      0.42       269
           4       0.41      0.51      0.45       709
           5       0.23      0.02      0.04       124
           6       0.36      0.27      0.31       388
           7       0.29      0.03      0.06       196
           8       0.40      0.45      0.42       628

    accuracy                           0.37      2980
   macro avg       0.34      0.28      0.28      2980
weighted avg       0.36      0.37      0.35      2980

[Epoch 17] Validation Accuracy: 0.3728
[Epoch 18] Training Loss: 1.5241
Accuracy: 37.28%, F1 Score: 0.3492

Detailed Report:
               precision    recall  f1-score   support

           0       0.22      0.05      0.08       159
           1       0.31      0.42      0.36       391
           2       0.44      0.23      0.30       116
           3       0.39      0.42      0.40       269
           4       0.41      0.51      0.45       709
           5       0.21      0.05      0.08       124
           6       0.35      0.34      0.35       388
           7       0.35      0.04      0.06       196
           8       0.39      0.46      0.42       628

    accuracy                           0.37      2980
   macro avg       0.34      0.28      0.28      2980
weighted avg       0.36      0.37      0.35      2980

[Epoch 18] Validation Accuracy: 0.3728
Early stopping at epoch 18

----- Starting Evaluation on Test Set -----

Accuracy: 39.02%, F1 Score: 0.3652

Detailed Report:
               precision    recall  f1-score   support

           0       0.13      0.03      0.05       352
           1       0.37      0.49      0.42      1015
           2       0.40      0.17      0.24       263
           3       0.45      0.45      0.45       735
           4       0.42      0.52      0.47      1666
           5       0.18      0.05      0.07       300
           6       0.35      0.34      0.35      1022
           7       0.20      0.03      0.05       430
           8       0.39      0.47      0.43      1667

    accuracy                           0.39      7450
   macro avg       0.32      0.28      0.28      7450
weighted avg       0.36      0.39      0.37      7450

