Activating environment
CUDA_HOME is set to: /tc1apps/cuda/11.8
Checking GPU availability
CUDA available: True
Current device: Tesla V100-PCIE-32GB
Downloading spaCy model
Collecting en-core-web-sm==3.8.0
  Downloading https://github.com/explosion/spacy-models/releases/download/en_core_web_sm-3.8.0/en_core_web_sm-3.8.0-py3-none-any.whl (12.8 MB)
     ━━━━━━━━━━━━━━━━━━━━━━━━━━━━━━━━━━━━━━━━ 12.8/12.8 MB 14.0 MB/s eta 0:00:00
[38;5;2m✔ Download and installation successful[0m
You can now load the package via spacy.load('en_core_web_sm')
Running script
Using device : cuda
Loading training data...
[Epoch 1] Training Loss: 1.9790
Accuracy: 30.77%, F1 Score: 0.2175

Detailed Report:
               precision    recall  f1-score   support

           0       0.00      0.00      0.00       159
           1       0.25      0.20      0.22       391
           2       0.00      0.00      0.00       116
           3       1.00      0.00      0.01       269
           4       0.31      0.65      0.42       709
           5       0.00      0.00      0.00       124
           6       0.00      0.00      0.00       388
           7       0.00      0.00      0.00       196
           8       0.32      0.60      0.42       628

    accuracy                           0.31      2980
   macro avg       0.21      0.16      0.12      2980
weighted avg       0.26      0.31      0.22      2980

[Epoch 1] Validation Accuracy: 0.3077
Best model saved at cepoch 1 with accuracy: 0.3077
[Epoch 2] Training Loss: 1.8197
Accuracy: 32.45%, F1 Score: 0.2650

Detailed Report:
               precision    recall  f1-score   support

           0       0.00      0.00      0.00       159
           1       0.23      0.48      0.31       391
           2       0.00      0.00      0.00       116
           3       0.27      0.43      0.33       269
           4       0.41      0.51      0.45       709
           5       0.00      0.00      0.00       124
           6       0.00      0.00      0.00       388
           7       0.00      0.00      0.00       196
           8       0.36      0.48      0.41       628

    accuracy                           0.32      2980
   macro avg       0.14      0.21      0.17      2980
weighted avg       0.23      0.32      0.27      2980

[Epoch 2] Validation Accuracy: 0.3245
Best model saved at cepoch 2 with accuracy: 0.3245
[Epoch 3] Training Loss: 1.7695
Accuracy: 34.56%, F1 Score: 0.2688

Detailed Report:
               precision    recall  f1-score   support

           0       0.00      0.00      0.00       159
           1       0.30      0.46      0.36       391
           2       0.00      0.00      0.00       116
           3       0.42      0.16      0.23       269
           4       0.35      0.68      0.47       709
           5       0.00      0.00      0.00       124
           6       0.50      0.01      0.01       388
           7       0.00      0.00      0.00       196
           8       0.35      0.52      0.42       628

    accuracy                           0.35      2980
   macro avg       0.21      0.20      0.17      2980
weighted avg       0.30      0.35      0.27      2980

[Epoch 3] Validation Accuracy: 0.3456
Best model saved at cepoch 3 with accuracy: 0.3456
[Epoch 4] Training Loss: 1.7413
Accuracy: 35.13%, F1 Score: 0.2984

Detailed Report:
               precision    recall  f1-score   support

           0       0.00      0.00      0.00       159
           1       0.30      0.23      0.26       391
           2       0.00      0.00      0.00       116
           3       0.34      0.44      0.38       269
           4       0.38      0.59      0.46       709
           5       0.00      0.00      0.00       124
           6       0.34      0.18      0.23       388
           7       0.00      0.00      0.00       196
           8       0.34      0.56      0.42       628

    accuracy                           0.35      2980
   macro avg       0.19      0.22      0.20      2980
weighted avg       0.28      0.35      0.30      2980

[Epoch 4] Validation Accuracy: 0.3513
Best model saved at cepoch 4 with accuracy: 0.3513
[Epoch 5] Training Loss: 1.7057
Accuracy: 36.48%, F1 Score: 0.3096

Detailed Report:
               precision    recall  f1-score   support

           0       0.00      0.00      0.00       159
           1       0.31      0.39      0.34       391
           2       0.00      0.00      0.00       116
           3       0.37      0.46      0.41       269
           4       0.37      0.63      0.47       709
           5       0.00      0.00      0.00       124
           6       0.43      0.13      0.19       388
           7       0.00      0.00      0.00       196
           8       0.37      0.50      0.43       628

    accuracy                           0.36      2980
   macro avg       0.21      0.23      0.21      2980
weighted avg       0.30      0.36      0.31      2980

[Epoch 5] Validation Accuracy: 0.3648
Best model saved at cepoch 5 with accuracy: 0.3648
[Epoch 6] Training Loss: 1.6958
Accuracy: 36.07%, F1 Score: 0.3131

Detailed Report:
               precision    recall  f1-score   support

           0       0.00      0.00      0.00       159
           1       0.31      0.37      0.34       391
           2       0.36      0.04      0.08       116
           3       0.34      0.49      0.40       269
           4       0.43      0.47      0.45       709
           5       0.00      0.00      0.00       124
           6       0.41      0.16      0.23       388
           7       0.00      0.00      0.00       196
           8       0.33      0.63      0.44       628

    accuracy                           0.36      2980
   macro avg       0.24      0.24      0.22      2980
weighted avg       0.31      0.36      0.31      2980

[Epoch 6] Validation Accuracy: 0.3607
[Epoch 7] Training Loss: 1.6783
Accuracy: 36.58%, F1 Score: 0.3210

Detailed Report:
               precision    recall  f1-score   support

           0       0.00      0.00      0.00       159
           1       0.32      0.47      0.38       391
           2       0.45      0.04      0.08       116
           3       0.41      0.42      0.41       269
           4       0.42      0.44      0.43       709
           5       0.00      0.00      0.00       124
           6       0.36      0.21      0.27       388
           7       0.00      0.00      0.00       196
           8       0.34      0.63      0.44       628

    accuracy                           0.37      2980
   macro avg       0.26      0.25      0.22      2980
weighted avg       0.32      0.37      0.32      2980

[Epoch 7] Validation Accuracy: 0.3658
Best model saved at cepoch 7 with accuracy: 0.3658
[Epoch 8] Training Loss: 1.6543
Accuracy: 37.79%, F1 Score: 0.3435

Detailed Report:
               precision    recall  f1-score   support

           0       0.00      0.00      0.00       159
           1       0.32      0.48      0.38       391
           2       0.43      0.25      0.32       116
           3       0.39      0.48      0.43       269
           4       0.41      0.51      0.46       709
           5       0.00      0.00      0.00       124
           6       0.35      0.36      0.36       388
           7       0.00      0.00      0.00       196
           8       0.40      0.44      0.42       628

    accuracy                           0.38      2980
   macro avg       0.25      0.28      0.26      2980
weighted avg       0.32      0.38      0.34      2980

[Epoch 8] Validation Accuracy: 0.3779
Best model saved at cepoch 8 with accuracy: 0.3779
[Epoch 9] Training Loss: 1.6482
Accuracy: 37.48%, F1 Score: 0.3282

Detailed Report:
               precision    recall  f1-score   support

           0       0.00      0.00      0.00       159
           1       0.35      0.35      0.35       391
           2       0.34      0.22      0.27       116
           3       0.45      0.42      0.43       269
           4       0.39      0.59      0.47       709
           5       1.00      0.01      0.02       124
           6       0.42      0.15      0.22       388
           7       0.00      0.00      0.00       196
           8       0.34      0.58      0.43       628

    accuracy                           0.37      2980
   macro avg       0.37      0.26      0.24      2980
weighted avg       0.36      0.37      0.33      2980

[Epoch 9] Validation Accuracy: 0.3748
[Epoch 10] Training Loss: 1.6225
Accuracy: 37.48%, F1 Score: 0.3348

Detailed Report:
               precision    recall  f1-score   support

           0       0.00      0.00      0.00       159
           1       0.33      0.43      0.37       391
           2       0.37      0.28      0.32       116
           3       0.42      0.45      0.43       269
           4       0.42      0.47      0.44       709
           5       0.00      0.00      0.00       124
           6       0.40      0.21      0.27       388
           7       0.00      0.00      0.00       196
           8       0.35      0.61      0.44       628

    accuracy                           0.37      2980
   macro avg       0.25      0.27      0.25      2980
weighted avg       0.32      0.37      0.33      2980

[Epoch 10] Validation Accuracy: 0.3748
[Epoch 11] Training Loss: 1.6067
Accuracy: 37.68%, F1 Score: 0.3436

Detailed Report:
               precision    recall  f1-score   support

           0       0.00      0.00      0.00       159
           1       0.30      0.58      0.39       391
           2       0.41      0.28      0.33       116
           3       0.39      0.46      0.42       269
           4       0.43      0.45      0.44       709
           5       0.50      0.01      0.02       124
           6       0.38      0.32      0.35       388
           7       0.00      0.00      0.00       196
           8       0.39      0.48      0.43       628

    accuracy                           0.38      2980
   macro avg       0.31      0.28      0.26      2980
weighted avg       0.35      0.38      0.34      2980

[Epoch 11] Validation Accuracy: 0.3768
[Epoch 12] Training Loss: 1.5854
Accuracy: 36.64%, F1 Score: 0.3326

Detailed Report:
               precision    recall  f1-score   support

           0       0.20      0.01      0.02       159
           1       0.29      0.58      0.39       391
           2       0.46      0.21      0.29       116
           3       0.35      0.51      0.41       269
           4       0.46      0.37      0.41       709
           5       0.33      0.01      0.02       124
           6       0.37      0.26      0.30       388
           7       0.67      0.01      0.02       196
           8       0.38      0.54      0.44       628

    accuracy                           0.37      2980
   macro avg       0.39      0.28      0.26      2980
weighted avg       0.39      0.37      0.33      2980

[Epoch 12] Validation Accuracy: 0.3664
[Epoch 13] Training Loss: 1.5730
Accuracy: 37.79%, F1 Score: 0.3504

Detailed Report:
               precision    recall  f1-score   support

           0       0.00      0.00      0.00       159
           1       0.33      0.46      0.39       391
           2       0.29      0.42      0.34       116
           3       0.42      0.41      0.42       269
           4       0.41      0.51      0.45       709
           5       0.33      0.04      0.07       124
           6       0.38      0.35      0.37       388
           7       0.26      0.03      0.05       196
           8       0.38      0.44      0.41       628

    accuracy                           0.38      2980
   macro avg       0.31      0.30      0.28      2980
weighted avg       0.35      0.38      0.35      2980

[Epoch 13] Validation Accuracy: 0.3779
Early stopping at epoch 13

----- Starting Evaluation on Test Set -----

Accuracy: 39.85%, F1 Score: 0.3722

Detailed Report:
               precision    recall  f1-score   support

           0       0.14      0.00      0.01       352
           1       0.38      0.50      0.43      1015
           2       0.26      0.42      0.32       263
           3       0.48      0.44      0.46       735
           4       0.44      0.54      0.48      1666
           5       0.41      0.05      0.08       300
           6       0.38      0.35      0.36      1022
           7       0.12      0.02      0.03       430
           8       0.39      0.45      0.42      1667

    accuracy                           0.40      7450
   macro avg       0.33      0.31      0.29      7450
weighted avg       0.38      0.40      0.37      7450

