Activating environment
CUDA_HOME is set to: /tc1apps/cuda/11.8
Checking GPU availability
CUDA available: True
Current device: Tesla V100-PCIE-32GB
Downloading spaCy model
Collecting en-core-web-sm==3.8.0
  Downloading https://github.com/explosion/spacy-models/releases/download/en_core_web_sm-3.8.0/en_core_web_sm-3.8.0-py3-none-any.whl (12.8 MB)
     ━━━━━━━━━━━━━━━━━━━━━━━━━━━━━━━━━━━━━━━━ 12.8/12.8 MB 14.5 MB/s eta 0:00:00
[38;5;2m✔ Download and installation successful[0m
You can now load the package via spacy.load('en_core_web_sm')
Running script

🔁 Run 1/5
[Epoch 1] Training Loss: 1.9430
Accuracy: 26.22%, F1 Score: 0.1569, Recall: 0.2622, Precision: 0.2516

Detailed Report:
               precision    recall  f1-score   support

           0       0.00      0.00      0.00        89
           1       0.00      0.00      0.00        89
           2       0.00      0.00      0.00       102
           3       0.17      0.05      0.07        88
           4       1.00      0.01      0.03        70
           5       0.61      0.81      0.70        89
           6       0.18      0.97      0.30        87

    accuracy                           0.26       614
   macro avg       0.28      0.26      0.16       614
weighted avg       0.25      0.26      0.16       614

[Epoch 1] Validation Accuracy: 0.2622
Best model saved at cepoch 1 with accuracy: 0.2622
[Epoch 2] Training Loss: 1.6864
Accuracy: 31.11%, F1 Score: 0.2695, Recall: 0.3111, Precision: 0.2974

Detailed Report:
               precision    recall  f1-score   support

           0       0.21      0.29      0.24        89
           1       0.31      0.53      0.39        89
           2       0.25      0.02      0.04       102
           3       0.25      0.05      0.08        88
           4       0.17      0.16      0.16        70
           5       0.68      0.83      0.75        89
           6       0.20      0.31      0.24        87

    accuracy                           0.31       614
   macro avg       0.29      0.31      0.27       614
weighted avg       0.30      0.31      0.27       614

[Epoch 2] Validation Accuracy: 0.3111
Best model saved at cepoch 2 with accuracy: 0.3111
[Epoch 3] Training Loss: 1.5388
Accuracy: 42.35%, F1 Score: 0.3833, Recall: 0.4235, Precision: 0.4323

Detailed Report:
               precision    recall  f1-score   support

           0       0.56      0.10      0.17        89
           1       0.63      0.36      0.46        89
           2       0.38      0.48      0.42       102
           3       0.00      0.00      0.00        88
           4       0.31      0.73      0.44        70
           5       0.85      0.83      0.84        89
           6       0.27      0.52      0.36        87

    accuracy                           0.42       614
   macro avg       0.43      0.43      0.38       614
weighted avg       0.43      0.42      0.38       614

[Epoch 3] Validation Accuracy: 0.4235
Best model saved at cepoch 3 with accuracy: 0.4235
[Epoch 4] Training Loss: 1.3766
Accuracy: 46.74%, F1 Score: 0.4232, Recall: 0.4674, Precision: 0.4783

Detailed Report:
               precision    recall  f1-score   support

           0       0.67      0.22      0.34        89
           1       0.61      0.66      0.64        89
           2       0.29      0.75      0.42       102
           3       0.18      0.03      0.06        88
           4       0.55      0.74      0.63        70
           5       0.77      0.76      0.77        89
           6       0.31      0.09      0.14        87

    accuracy                           0.47       614
   macro avg       0.48      0.47      0.43       614
weighted avg       0.48      0.47      0.42       614

[Epoch 4] Validation Accuracy: 0.4674
Best model saved at cepoch 4 with accuracy: 0.4674
[Epoch 5] Training Loss: 1.3310
Accuracy: 49.02%, F1 Score: 0.4570, Recall: 0.4902, Precision: 0.5037

Detailed Report:
               precision    recall  f1-score   support

           0       0.56      0.20      0.30        89
           1       0.55      0.67      0.61        89
           2       0.41      0.69      0.51       102
           3       0.14      0.14      0.14        88
           4       0.55      0.74      0.63        70
           5       0.76      0.87      0.81        89
           6       0.57      0.14      0.22        87

    accuracy                           0.49       614
   macro avg       0.51      0.49      0.46       614
weighted avg       0.50      0.49      0.46       614

[Epoch 5] Validation Accuracy: 0.4902
Best model saved at cepoch 5 with accuracy: 0.4902
[Epoch 6] Training Loss: 1.2635
Accuracy: 50.98%, F1 Score: 0.4925, Recall: 0.5098, Precision: 0.4889

Detailed Report:
               precision    recall  f1-score   support

           0       0.40      0.24      0.30        89
           1       0.61      0.57      0.59        89
           2       0.56      0.64      0.60       102
           3       0.23      0.20      0.22        88
           4       0.64      0.67      0.65        70
           5       0.64      0.90      0.75        89
           6       0.36      0.36      0.36        87

    accuracy                           0.51       614
   macro avg       0.49      0.51      0.49       614
weighted avg       0.49      0.51      0.49       614

[Epoch 6] Validation Accuracy: 0.5098
Best model saved at cepoch 6 with accuracy: 0.5098
[Epoch 7] Training Loss: 1.2819
Accuracy: 52.44%, F1 Score: 0.5049, Recall: 0.5244, Precision: 0.6562

Detailed Report:
               precision    recall  f1-score   support

           0       0.33      0.69      0.44        89
           1       0.89      0.54      0.67        89
           2       0.54      0.56      0.55       102
           3       0.35      0.48      0.41        88
           4       0.62      0.57      0.59        70
           5       0.88      0.82      0.85        89
           6       1.00      0.01      0.02        87

    accuracy                           0.52       614
   macro avg       0.66      0.52      0.50       614
weighted avg       0.66      0.52      0.50       614

[Epoch 7] Validation Accuracy: 0.5244
Best model saved at cepoch 7 with accuracy: 0.5244
[Epoch 8] Training Loss: 1.2646
Accuracy: 54.72%, F1 Score: 0.5293, Recall: 0.5472, Precision: 0.5398

Detailed Report:
               precision    recall  f1-score   support

           0       0.39      0.48      0.43        89
           1       0.60      0.69      0.64        89
           2       0.76      0.51      0.61       102
           3       0.40      0.38      0.39        88
           4       0.55      0.77      0.64        70
           5       0.71      0.90      0.80        89
           6       0.33      0.15      0.21        87

    accuracy                           0.55       614
   macro avg       0.53      0.55      0.53       614
weighted avg       0.54      0.55      0.53       614

[Epoch 8] Validation Accuracy: 0.5472
Best model saved at cepoch 8 with accuracy: 0.5472
[Epoch 9] Training Loss: 1.1740
Accuracy: 56.51%, F1 Score: 0.5624, Recall: 0.5651, Precision: 0.5996

Detailed Report:
               precision    recall  f1-score   support

           0       0.54      0.25      0.34        89
           1       0.77      0.53      0.63        89
           2       0.77      0.58      0.66       102
           3       0.34      0.52      0.41        88
           4       0.70      0.66      0.68        70
           5       0.66      0.91      0.76        89
           6       0.42      0.53      0.47        87

    accuracy                           0.57       614
   macro avg       0.60      0.57      0.56       614
weighted avg       0.60      0.57      0.56       614

[Epoch 9] Validation Accuracy: 0.5651
Best model saved at cepoch 9 with accuracy: 0.5651
[Epoch 10] Training Loss: 1.1045
Accuracy: 58.63%, F1 Score: 0.5948, Recall: 0.5863, Precision: 0.6281

Detailed Report:
               precision    recall  f1-score   support

           0       0.53      0.35      0.42        89
           1       0.79      0.61      0.69        89
           2       0.82      0.60      0.69       102
           3       0.30      0.51      0.38        88
           4       0.62      0.76      0.68        70
           5       0.80      0.83      0.82        89
           6       0.48      0.48      0.48        87

    accuracy                           0.59       614
   macro avg       0.62      0.59      0.59       614
weighted avg       0.63      0.59      0.59       614

[Epoch 10] Validation Accuracy: 0.5863
Best model saved at cepoch 10 with accuracy: 0.5863
[Epoch 11] Training Loss: 1.0803
Accuracy: 58.31%, F1 Score: 0.5776, Recall: 0.5831, Precision: 0.6172

Detailed Report:
               precision    recall  f1-score   support

           0       0.59      0.26      0.36        89
           1       0.81      0.56      0.66        89
           2       0.73      0.62      0.67       102
           3       0.34      0.60      0.44        88
           4       0.57      0.73      0.64        70
           5       0.70      0.91      0.79        89
           6       0.54      0.43      0.48        87

    accuracy                           0.58       614
   macro avg       0.61      0.59      0.58       614
weighted avg       0.62      0.58      0.58       614

[Epoch 11] Validation Accuracy: 0.5831
[Epoch 12] Training Loss: 1.0762
Accuracy: 59.28%, F1 Score: 0.6011, Recall: 0.5928, Precision: 0.6464

Detailed Report:
               precision    recall  f1-score   support

           0       0.49      0.51      0.50        89
           1       0.82      0.55      0.66        89
           2       0.88      0.51      0.65       102
           3       0.34      0.58      0.42        88
           4       0.62      0.70      0.66        70
           5       0.76      0.88      0.81        89
           6       0.58      0.46      0.51        87

    accuracy                           0.59       614
   macro avg       0.64      0.60      0.60       614
weighted avg       0.65      0.59      0.60       614

[Epoch 12] Validation Accuracy: 0.5928
Best model saved at cepoch 12 with accuracy: 0.5928
[Epoch 13] Training Loss: 1.0881
Accuracy: 58.14%, F1 Score: 0.5633, Recall: 0.5814, Precision: 0.5823

Detailed Report:
               precision    recall  f1-score   support

           0       0.41      0.10      0.16        89
           1       0.72      0.62      0.67        89
           2       0.68      0.66      0.67       102
           3       0.38      0.49      0.43        88
           4       0.66      0.77      0.71        70
           5       0.79      0.82      0.81        89
           6       0.43      0.64      0.52        87

    accuracy                           0.58       614
   macro avg       0.58      0.59      0.57       614
weighted avg       0.58      0.58      0.56       614

[Epoch 13] Validation Accuracy: 0.5814
[Epoch 14] Training Loss: 1.0491
Accuracy: 61.89%, F1 Score: 0.6162, Recall: 0.6189, Precision: 0.6335

Detailed Report:
               precision    recall  f1-score   support

           0       0.51      0.46      0.49        89
           1       0.69      0.63      0.66        89
           2       0.82      0.52      0.63       102
           3       0.54      0.48      0.51        88
           4       0.60      0.81      0.69        70
           5       0.75      0.83      0.79        89
           6       0.49      0.66      0.56        87

    accuracy                           0.62       614
   macro avg       0.63      0.63      0.62       614
weighted avg       0.63      0.62      0.62       614

[Epoch 14] Validation Accuracy: 0.6189
Best model saved at cepoch 14 with accuracy: 0.6189
[Epoch 15] Training Loss: 1.0362
Accuracy: 59.45%, F1 Score: 0.5921, Recall: 0.5945, Precision: 0.6394

Detailed Report:
               precision    recall  f1-score   support

           0       0.51      0.20      0.29        89
           1       0.69      0.63      0.66        89
           2       0.86      0.53      0.65       102
           3       0.35      0.68      0.47        88
           4       0.68      0.66      0.67        70
           5       0.84      0.85      0.84        89
           6       0.52      0.63      0.57        87

    accuracy                           0.59       614
   macro avg       0.64      0.60      0.59       614
weighted avg       0.64      0.59      0.59       614

[Epoch 15] Validation Accuracy: 0.5945
[Epoch 16] Training Loss: 0.9853
Accuracy: 63.19%, F1 Score: 0.6326, Recall: 0.6319, Precision: 0.6474

Detailed Report:
               precision    recall  f1-score   support

           0       0.59      0.39      0.47        89
           1       0.64      0.73      0.68        89
           2       0.72      0.59      0.65       102
           3       0.41      0.59      0.48        88
           4       0.75      0.69      0.72        70
           5       0.85      0.87      0.86        89
           6       0.58      0.59      0.58        87

    accuracy                           0.63       614
   macro avg       0.65      0.63      0.63       614
weighted avg       0.65      0.63      0.63       614

[Epoch 16] Validation Accuracy: 0.6319
Best model saved at cepoch 16 with accuracy: 0.6319
[Epoch 17] Training Loss: 1.0068
Accuracy: 60.75%, F1 Score: 0.5983, Recall: 0.6075, Precision: 0.6133

Detailed Report:
               precision    recall  f1-score   support

           0       0.53      0.26      0.35        89
           1       0.54      0.81      0.65        89
           2       0.63      0.68      0.65       102
           3       0.45      0.51      0.48        88
           4       0.68      0.70      0.69        70
           5       0.89      0.80      0.84        89
           6       0.58      0.51      0.54        87

    accuracy                           0.61       614
   macro avg       0.61      0.61      0.60       614
weighted avg       0.61      0.61      0.60       614

[Epoch 17] Validation Accuracy: 0.6075
[Epoch 18] Training Loss: 1.0367
Accuracy: 58.63%, F1 Score: 0.5875, Recall: 0.5863, Precision: 0.6320

Detailed Report:
               precision    recall  f1-score   support

           0       0.53      0.35      0.42        89
           1       0.73      0.58      0.65        89
           2       0.86      0.53      0.65       102
           3       0.49      0.42      0.45        88
           4       0.47      0.81      0.59        70
           5       0.84      0.75      0.79        89
           6       0.43      0.71      0.53        87

    accuracy                           0.59       614
   macro avg       0.62      0.59      0.59       614
weighted avg       0.63      0.59      0.59       614

[Epoch 18] Validation Accuracy: 0.5863
[Epoch 19] Training Loss: 1.0548
Accuracy: 60.10%, F1 Score: 0.5981, Recall: 0.6010, Precision: 0.6216

Detailed Report:
               precision    recall  f1-score   support

           0       0.52      0.49      0.51        89
           1       0.60      0.69      0.64        89
           2       0.87      0.47      0.61       102
           3       0.46      0.41      0.43        88
           4       0.66      0.70      0.68        70
           5       0.72      0.84      0.78        89
           6       0.48      0.64      0.55        87

    accuracy                           0.60       614
   macro avg       0.62      0.61      0.60       614
weighted avg       0.62      0.60      0.60       614

[Epoch 19] Validation Accuracy: 0.6010
[Epoch 20] Training Loss: 1.0198
Accuracy: 61.40%, F1 Score: 0.6123, Recall: 0.6140, Precision: 0.6163

Detailed Report:
               precision    recall  f1-score   support

           0       0.53      0.40      0.46        89
           1       0.71      0.61      0.65        89
           2       0.66      0.65      0.65       102
           3       0.46      0.50      0.48        88
           4       0.64      0.67      0.65        70
           5       0.80      0.85      0.83        89
           6       0.51      0.62      0.56        87

    accuracy                           0.61       614
   macro avg       0.62      0.61      0.61       614
weighted avg       0.62      0.61      0.61       614

[Epoch 20] Validation Accuracy: 0.6140
[Epoch 21] Training Loss: 1.0030
Accuracy: 62.21%, F1 Score: 0.6185, Recall: 0.6221, Precision: 0.6217

Detailed Report:
               precision    recall  f1-score   support

           0       0.57      0.40      0.47        89
           1       0.60      0.72      0.66        89
           2       0.69      0.67      0.68       102
           3       0.45      0.45      0.45        88
           4       0.72      0.66      0.69        70
           5       0.76      0.82      0.79        89
           6       0.56      0.63      0.59        87

    accuracy                           0.62       614
   macro avg       0.62      0.62      0.62       614
weighted avg       0.62      0.62      0.62       614

[Epoch 21] Validation Accuracy: 0.6221
Early stopping at epoch 21

----- Starting Evaluation on Test Set -----

Accuracy: 61.93%, F1 Score: 0.6199, Recall: 0.6193, Precision: 0.6234

Detailed Report:
               precision    recall  f1-score   support

           0       0.54      0.47      0.50       205
           1       0.68      0.72      0.70       214
           2       0.65      0.57      0.61       215
           3       0.48      0.51      0.50       230
           4       0.76      0.71      0.73       227
           5       0.81      0.85      0.83       214
           6       0.44      0.51      0.48       229

    accuracy                           0.62      1534
   macro avg       0.62      0.62      0.62      1534
weighted avg       0.62      0.62      0.62      1534


🔁 Run 2/5
[Epoch 1] Training Loss: 1.8999
Accuracy: 26.87%, F1 Score: 0.1665, Recall: 0.2687, Precision: 0.1933

Detailed Report:
               precision    recall  f1-score   support

           0       0.18      0.72      0.29        87
           1       0.65      0.18      0.28        83
           2       0.00      0.00      0.00        75
           3       0.00      0.00      0.00        90
           4       0.00      0.00      0.00        95
           5       0.36      0.85      0.51       101
           6       0.14      0.01      0.02        83

    accuracy                           0.27       614
   macro avg       0.19      0.25      0.16       614
weighted avg       0.19      0.27      0.17       614

[Epoch 1] Validation Accuracy: 0.2687
Early stopping at epoch 1

----- Starting Evaluation on Test Set -----

Accuracy: 26.86%, F1 Score: 0.1627, Recall: 0.2686, Precision: 0.2013

Detailed Report:
               precision    recall  f1-score   support

           0       0.18      0.79      0.29       205
           1       0.64      0.20      0.31       214
           2       0.00      0.00      0.00       215
           3       0.00      0.00      0.00       230
           4       0.00      0.00      0.00       227
           5       0.37      0.95      0.54       214
           6       0.24      0.02      0.04       229

    accuracy                           0.27      1534
   macro avg       0.20      0.28      0.17      1534
weighted avg       0.20      0.27      0.16      1534


🔁 Run 3/5
[Epoch 1] Training Loss: 1.8716
Accuracy: 26.71%, F1 Score: 0.1853, Recall: 0.2671, Precision: 0.2699

Detailed Report:
               precision    recall  f1-score   support

           0       0.19      0.85      0.31        75
           1       0.41      0.13      0.20       101
           2       0.20      0.01      0.02        88
           3       0.16      0.09      0.12        95
           4       0.33      0.01      0.02        80
           5       0.49      0.90      0.63        81
           6       0.12      0.03      0.05        94

    accuracy                           0.27       614
   macro avg       0.27      0.29      0.19       614
weighted avg       0.27      0.27      0.19       614

[Epoch 1] Validation Accuracy: 0.2671
Early stopping at epoch 1

----- Starting Evaluation on Test Set -----

Accuracy: 27.64%, F1 Score: 0.1962, Recall: 0.2764, Precision: 0.3230

Detailed Report:
               precision    recall  f1-score   support

           0       0.19      0.80      0.30       205
           1       0.38      0.13      0.19       214
           2       0.33      0.01      0.03       215
           3       0.16      0.11      0.13       230
           4       0.50      0.01      0.02       227
           5       0.52      0.90      0.66       214
           6       0.18      0.04      0.07       229

    accuracy                           0.28      1534
   macro avg       0.32      0.29      0.20      1534
weighted avg       0.32      0.28      0.20      1534


🔁 Run 4/5
[Epoch 1] Training Loss: 1.9529
Accuracy: 12.21%, F1 Score: 0.0266, Recall: 0.1221, Precision: 0.0149

Detailed Report:
               precision    recall  f1-score   support

           0       0.00      0.00      0.00        92
           1       0.00      0.00      0.00        95
           2       0.00      0.00      0.00        94
           3       0.00      0.00      0.00        84
           4       0.00      0.00      0.00        89
           5       0.12      1.00      0.22        75
           6       0.00      0.00      0.00        85

    accuracy                           0.12       614
   macro avg       0.02      0.14      0.03       614
weighted avg       0.01      0.12      0.03       614

[Epoch 1] Validation Accuracy: 0.1221
Early stopping at epoch 1

----- Starting Evaluation on Test Set -----

Accuracy: 14.02%, F1 Score: 0.0355, Recall: 0.1402, Precision: 0.1596

Detailed Report:
               precision    recall  f1-score   support

           0       0.00      0.00      0.00       205
           1       0.00      0.00      0.00       214
           2       1.00      0.00      0.01       215
           3       0.00      0.00      0.00       230
           4       0.00      0.00      0.00       227
           5       0.14      1.00      0.25       214
           6       0.00      0.00      0.00       229

    accuracy                           0.14      1534
   macro avg       0.16      0.14      0.04      1534
weighted avg       0.16      0.14      0.04      1534


🔁 Run 5/5
[Epoch 1] Training Loss: 1.9598
Accuracy: 14.17%, F1 Score: 0.0352, Recall: 0.1417, Precision: 0.0201

Detailed Report:
               precision    recall  f1-score   support

           0       0.14      1.00      0.25        87
           1       0.00      0.00      0.00        90
           2       0.00      0.00      0.00        71
           3       0.00      0.00      0.00        85
           4       0.00      0.00      0.00       105
           5       0.00      0.00      0.00        88
           6       0.00      0.00      0.00        88

    accuracy                           0.14       614
   macro avg       0.02      0.14      0.04       614
weighted avg       0.02      0.14      0.04       614

[Epoch 1] Validation Accuracy: 0.1417
Early stopping at epoch 1

----- Starting Evaluation on Test Set -----

Accuracy: 13.36%, F1 Score: 0.0315, Recall: 0.1336, Precision: 0.0179

Detailed Report:
               precision    recall  f1-score   support

           0       0.13      1.00      0.24       205
           1       0.00      0.00      0.00       214
           2       0.00      0.00      0.00       215
           3       0.00      0.00      0.00       230
           4       0.00      0.00      0.00       227
           5       0.00      0.00      0.00       214
           6       0.00      0.00      0.00       229

    accuracy                           0.13      1534
   macro avg       0.02      0.14      0.03      1534
weighted avg       0.02      0.13      0.03      1534


Final Test Accuracy over 5 runs: 0.2876 ± 0.1766
Final Test Recall over 5 runs: 0.2876 ± 0.1766
Final Test Precision over 5 runs: 0.2650 ± 0.2040
Final Test F1 Score over 5 runs: 0.2092 ± 0.2158
