Activating environment
CUDA_HOME is set to: /tc1apps/cuda/11.8
Checking GPU availability
CUDA available: True
Current device: Tesla V100-PCIE-32GB
Downloading spaCy model
Collecting en-core-web-sm==3.8.0
  Downloading https://github.com/explosion/spacy-models/releases/download/en_core_web_sm-3.8.0/en_core_web_sm-3.8.0-py3-none-any.whl (12.8 MB)
     ━━━━━━━━━━━━━━━━━━━━━━━━━━━━━━━━━━━━━━━━ 12.8/12.8 MB 20.0 MB/s eta 0:00:00
[38;5;2m✔ Download and installation successful[0m
You can now load the package via spacy.load('en_core_web_sm')
Running script
Using device : cuda
Loading training data...
[Epoch 1] Training Loss: 1.9218
Accuracy: 34.03%, F1 Score: 0.2641

Detailed Report:
               precision    recall  f1-score   support

           0       0.00      0.00      0.00       159
           1       0.29      0.32      0.30       391
           2       0.00      0.00      0.00       116
           3       0.35      0.22      0.27       269
           4       0.35      0.70      0.46       709
           5       0.00      0.00      0.00       124
           6       0.00      0.00      0.00       388
           7       0.00      0.00      0.00       196
           8       0.36      0.52      0.42       628

    accuracy                           0.34      2980
   macro avg       0.15      0.20      0.16      2980
weighted avg       0.23      0.34      0.26      2980

[Epoch 1] Validation Accuracy: 0.3403
Best model saved at cepoch 1 with accuracy: 0.3403
[Epoch 2] Training Loss: 1.7841
Accuracy: 34.16%, F1 Score: 0.2715

Detailed Report:
               precision    recall  f1-score   support

           0       0.00      0.00      0.00       159
           1       0.29      0.40      0.34       391
           2       0.00      0.00      0.00       116
           3       0.39      0.30      0.34       269
           4       0.39      0.51      0.45       709
           5       0.00      0.00      0.00       124
           6       0.00      0.00      0.00       388
           7       0.00      0.00      0.00       196
           8       0.32      0.66      0.43       628

    accuracy                           0.34      2980
   macro avg       0.15      0.21      0.17      2980
weighted avg       0.23      0.34      0.27      2980

[Epoch 2] Validation Accuracy: 0.3416
Best model saved at cepoch 2 with accuracy: 0.3416
[Epoch 3] Training Loss: 1.7428
Accuracy: 36.38%, F1 Score: 0.3115

Detailed Report:
               precision    recall  f1-score   support

           0       0.00      0.00      0.00       159
           1       0.31      0.31      0.31       391
           2       0.00      0.00      0.00       116
           3       0.37      0.45      0.41       269
           4       0.39      0.60      0.47       709
           5       0.00      0.00      0.00       124
           6       0.40      0.17      0.24       388
           7       0.00      0.00      0.00       196
           8       0.35      0.56      0.43       628

    accuracy                           0.36      2980
   macro avg       0.20      0.23      0.21      2980
weighted avg       0.29      0.36      0.31      2980

[Epoch 3] Validation Accuracy: 0.3638
Best model saved at cepoch 3 with accuracy: 0.3638
[Epoch 4] Training Loss: 1.7094
Accuracy: 35.60%, F1 Score: 0.3152

Detailed Report:
               precision    recall  f1-score   support

           0       0.00      0.00      0.00       159
           1       0.33      0.46      0.38       391
           2       1.00      0.02      0.03       116
           3       0.40      0.45      0.42       269
           4       0.42      0.49      0.45       709
           5       0.00      0.00      0.00       124
           6       0.29      0.60      0.39       388
           7       0.00      0.00      0.00       196
           8       0.35      0.29      0.32       628

    accuracy                           0.36      2980
   macro avg       0.31      0.26      0.22      2980
weighted avg       0.33      0.36      0.32      2980

[Epoch 4] Validation Accuracy: 0.3560
[Epoch 5] Training Loss: 1.6997
Accuracy: 36.91%, F1 Score: 0.3132

Detailed Report:
               precision    recall  f1-score   support

           0       0.00      0.00      0.00       159
           1       0.33      0.39      0.36       391
           2       0.42      0.16      0.23       116
           3       0.35      0.48      0.41       269
           4       0.42      0.54      0.47       709
           5       0.00      0.00      0.00       124
           6       0.50      0.07      0.12       388
           7       0.00      0.00      0.00       196
           8       0.35      0.62      0.45       628

    accuracy                           0.37      2980
   macro avg       0.26      0.25      0.22      2980
weighted avg       0.33      0.37      0.31      2980

[Epoch 5] Validation Accuracy: 0.3691
Best model saved at cepoch 5 with accuracy: 0.3691
[Epoch 6] Training Loss: 1.6693
Accuracy: 38.15%, F1 Score: 0.3405

Detailed Report:
               precision    recall  f1-score   support

           0       0.00      0.00      0.00       159
           1       0.31      0.47      0.37       391
           2       0.44      0.17      0.25       116
           3       0.42      0.44      0.43       269
           4       0.40      0.61      0.48       709
           5       0.00      0.00      0.00       124
           6       0.41      0.24      0.31       388
           7       0.00      0.00      0.00       196
           8       0.39      0.46      0.42       628

    accuracy                           0.38      2980
   macro avg       0.26      0.27      0.25      2980
weighted avg       0.33      0.38      0.34      2980

[Epoch 6] Validation Accuracy: 0.3815
Best model saved at cepoch 6 with accuracy: 0.3815
[Epoch 7] Training Loss: 1.6494
Accuracy: 38.12%, F1 Score: 0.3433

Detailed Report:
               precision    recall  f1-score   support

           0       0.00      0.00      0.00       159
           1       0.33      0.41      0.37       391
           2       0.48      0.22      0.31       116
           3       0.44      0.41      0.43       269
           4       0.39      0.57      0.47       709
           5       0.00      0.00      0.00       124
           6       0.37      0.31      0.34       388
           7       0.00      0.00      0.00       196
           8       0.37      0.50      0.43       628

    accuracy                           0.38      2980
   macro avg       0.27      0.27      0.26      2980
weighted avg       0.32      0.38      0.34      2980

[Epoch 7] Validation Accuracy: 0.3812
[Epoch 8] Training Loss: 1.6337
Accuracy: 38.29%, F1 Score: 0.3481

Detailed Report:
               precision    recall  f1-score   support

           0       0.00      0.00      0.00       159
           1       0.33      0.48      0.39       391
           2       0.45      0.23      0.31       116
           3       0.42      0.46      0.44       269
           4       0.42      0.52      0.46       709
           5       0.00      0.00      0.00       124
           6       0.35      0.38      0.37       388
           7       0.00      0.00      0.00       196
           8       0.38      0.45      0.42       628

    accuracy                           0.38      2980
   macro avg       0.26      0.28      0.26      2980
weighted avg       0.32      0.38      0.35      2980

[Epoch 8] Validation Accuracy: 0.3829
Best model saved at cepoch 8 with accuracy: 0.3829
[Epoch 9] Training Loss: 1.6133
Accuracy: 37.95%, F1 Score: 0.3460

Detailed Report:
               precision    recall  f1-score   support

           0       0.27      0.03      0.05       159
           1       0.31      0.48      0.37       391
           2       0.39      0.37      0.38       116
           3       0.37      0.47      0.42       269
           4       0.40      0.56      0.47       709
           5       0.33      0.01      0.02       124
           6       0.43      0.27      0.33       388
           7       0.00      0.00      0.00       196
           8       0.40      0.42      0.41       628

    accuracy                           0.38      2980
   macro avg       0.32      0.29      0.27      2980
weighted avg       0.35      0.38      0.35      2980

[Epoch 9] Validation Accuracy: 0.3795
[Epoch 10] Training Loss: 1.6008
Accuracy: 38.02%, F1 Score: 0.3484

Detailed Report:
               precision    recall  f1-score   support

           0       0.16      0.02      0.03       159
           1       0.30      0.50      0.38       391
           2       0.41      0.34      0.37       116
           3       0.36      0.49      0.41       269
           4       0.42      0.55      0.48       709
           5       1.00      0.01      0.02       124
           6       0.40      0.33      0.36       388
           7       0.25      0.01      0.01       196
           8       0.41      0.38      0.40       628

    accuracy                           0.38      2980
   macro avg       0.41      0.29      0.27      2980
weighted avg       0.39      0.38      0.35      2980

[Epoch 10] Validation Accuracy: 0.3802
[Epoch 11] Training Loss: 1.5847
Accuracy: 38.15%, F1 Score: 0.3519

Detailed Report:
               precision    recall  f1-score   support

           0       0.14      0.01      0.01       159
           1       0.31      0.52      0.38       391
           2       0.39      0.33      0.36       116
           3       0.39      0.45      0.42       269
           4       0.43      0.50      0.46       709
           5       0.19      0.02      0.04       124
           6       0.36      0.41      0.38       388
           7       1.00      0.01      0.01       196
           8       0.41      0.42      0.41       628

    accuracy                           0.38      2980
   macro avg       0.40      0.29      0.28      2980
weighted avg       0.41      0.38      0.35      2980

[Epoch 11] Validation Accuracy: 0.3815
[Epoch 12] Training Loss: 1.5593
Accuracy: 37.92%, F1 Score: 0.3479

Detailed Report:
               precision    recall  f1-score   support

           0       0.23      0.02      0.03       159
           1       0.34      0.45      0.39       391
           2       0.36      0.33      0.34       116
           3       0.45      0.39      0.42       269
           4       0.45      0.44      0.44       709
           5       1.00      0.02      0.05       124
           6       0.34      0.33      0.34       388
           7       0.50      0.01      0.01       196
           8       0.35      0.58      0.44       628

    accuracy                           0.38      2980
   macro avg       0.45      0.29      0.27      2980
weighted avg       0.41      0.38      0.35      2980

[Epoch 12] Validation Accuracy: 0.3792
[Epoch 13] Training Loss: 1.5406
Accuracy: 38.02%, F1 Score: 0.3507

Detailed Report:
               precision    recall  f1-score   support

           0       0.21      0.03      0.05       159
           1       0.30      0.54      0.39       391
           2       0.40      0.34      0.36       116
           3       0.44      0.39      0.41       269
           4       0.42      0.55      0.47       709
           5       0.20      0.03      0.06       124
           6       0.37      0.32      0.35       388
           7       0.00      0.00      0.00       196
           8       0.41      0.40      0.41       628

    accuracy                           0.38      2980
   macro avg       0.30      0.29      0.28      2980
weighted avg       0.35      0.38      0.35      2980

[Epoch 13] Validation Accuracy: 0.3802
Early stopping at epoch 13

----- Starting Evaluation on Test Set -----

Accuracy: 39.83%, F1 Score: 0.3710

Detailed Report:
               precision    recall  f1-score   support

           0       0.16      0.03      0.05       352
           1       0.33      0.56      0.41      1015
           2       0.32      0.29      0.31       263
           3       0.50      0.45      0.47       735
           4       0.42      0.56      0.48      1666
           5       0.35      0.05      0.09       300
           6       0.39      0.32      0.35      1022
           7       0.10      0.00      0.00       430
           8       0.44      0.42      0.43      1667

    accuracy                           0.40      7450
   macro avg       0.33      0.30      0.29      7450
weighted avg       0.38      0.40      0.37      7450

