Activating environment
CUDA_HOME is set to: /tc1apps/cuda/11.8
Checking GPU availability
CUDA available: True
Current device: Tesla V100-PCIE-32GB
Downloading spaCy model
Collecting en-core-web-sm==3.8.0
  Downloading https://github.com/explosion/spacy-models/releases/download/en_core_web_sm-3.8.0/en_core_web_sm-3.8.0-py3-none-any.whl (12.8 MB)
     ━━━━━━━━━━━━━━━━━━━━━━━━━━━━━━━━━━━━━━━━ 12.8/12.8 MB 15.1 MB/s eta 0:00:00
[38;5;2m✔ Download and installation successful[0m
You can now load the package via spacy.load('en_core_web_sm')
Running script

🔁 Run 1/5
[Epoch 1] Training Loss: 1.7349
Accuracy: 40.07%, F1 Score: 0.3611, Recall: 0.4007, Precision: 0.3625

Detailed Report:
               precision    recall  f1-score   support

           0       0.32      0.13      0.19        89
           1       0.40      0.60      0.48        89
           2       0.45      0.48      0.46       102
           3       0.13      0.02      0.04        88
           4       0.24      0.44      0.31        70
           5       0.62      0.85      0.72        89
           6       0.34      0.26      0.30        87

    accuracy                           0.40       614
   macro avg       0.36      0.40      0.36       614
weighted avg       0.36      0.40      0.36       614

[Epoch 1] Validation Accuracy: 0.4007
Best model saved at cepoch 1 with accuracy: 0.4007
[Epoch 2] Training Loss: 1.5786
Accuracy: 42.83%, F1 Score: 0.3941, Recall: 0.4283, Precision: 0.5017

Detailed Report:
               precision    recall  f1-score   support

           0       0.35      0.21      0.27        89
           1       0.39      0.66      0.49        89
           2       0.49      0.53      0.51       102
           3       0.26      0.22      0.23        88
           4       0.31      0.50      0.38        70
           5       0.69      0.81      0.74        89
           6       1.00      0.06      0.11        87

    accuracy                           0.43       614
   macro avg       0.50      0.43      0.39       614
weighted avg       0.50      0.43      0.39       614

[Epoch 2] Validation Accuracy: 0.4283
Best model saved at cepoch 2 with accuracy: 0.4283
[Epoch 3] Training Loss: 1.5470
Accuracy: 42.51%, F1 Score: 0.3886, Recall: 0.4251, Precision: 0.3771

Detailed Report:
               precision    recall  f1-score   support

           0       0.29      0.35      0.31        89
           1       0.50      0.57      0.53        89
           2       0.49      0.31      0.38       102
           3       0.00      0.00      0.00        88
           4       0.29      0.61      0.40        70
           5       0.64      0.83      0.72        89
           6       0.39      0.34      0.37        87

    accuracy                           0.43       614
   macro avg       0.37      0.43      0.39       614
weighted avg       0.38      0.43      0.39       614

[Epoch 3] Validation Accuracy: 0.4251
[Epoch 4] Training Loss: 1.5075
Accuracy: 45.93%, F1 Score: 0.4365, Recall: 0.4593, Precision: 0.4361

Detailed Report:
               precision    recall  f1-score   support

           0       0.29      0.20      0.24        89
           1       0.59      0.54      0.56        89
           2       0.46      0.57      0.51       102
           3       0.18      0.07      0.10        88
           4       0.35      0.66      0.46        70
           5       0.76      0.81      0.78        89
           6       0.39      0.39      0.39        87

    accuracy                           0.46       614
   macro avg       0.43      0.46      0.43       614
weighted avg       0.44      0.46      0.44       614

[Epoch 4] Validation Accuracy: 0.4593
Best model saved at cepoch 4 with accuracy: 0.4593
[Epoch 5] Training Loss: 1.4758
Accuracy: 45.44%, F1 Score: 0.4354, Recall: 0.4544, Precision: 0.4586

Detailed Report:
               precision    recall  f1-score   support

           0       0.34      0.37      0.35        89
           1       0.49      0.60      0.54        89
           2       0.55      0.37      0.44       102
           3       0.30      0.18      0.23        88
           4       0.34      0.69      0.45        70
           5       0.69      0.83      0.76        89
           6       0.46      0.20      0.27        87

    accuracy                           0.45       614
   macro avg       0.45      0.46      0.43       614
weighted avg       0.46      0.45      0.44       614

[Epoch 5] Validation Accuracy: 0.4544
[Epoch 6] Training Loss: 1.4473
Accuracy: 48.05%, F1 Score: 0.4586, Recall: 0.4805, Precision: 0.4775

Detailed Report:
               precision    recall  f1-score   support

           0       0.32      0.38      0.35        89
           1       0.64      0.53      0.58        89
           2       0.62      0.38      0.47       102
           3       0.18      0.05      0.07        88
           4       0.37      0.76      0.49        70
           5       0.74      0.81      0.77        89
           6       0.43      0.53      0.47        87

    accuracy                           0.48       614
   macro avg       0.47      0.49      0.46       614
weighted avg       0.48      0.48      0.46       614

[Epoch 6] Validation Accuracy: 0.4805
Best model saved at cepoch 6 with accuracy: 0.4805
[Epoch 7] Training Loss: 1.4445
Accuracy: 49.84%, F1 Score: 0.4838, Recall: 0.4984, Precision: 0.5309

Detailed Report:
               precision    recall  f1-score   support

           0       0.32      0.54      0.40        89
           1       0.50      0.69      0.58        89
           2       0.70      0.34      0.46       102
           3       0.40      0.24      0.30        88
           4       0.45      0.69      0.55        70
           5       0.74      0.81      0.77        89
           6       0.55      0.24      0.34        87

    accuracy                           0.50       614
   macro avg       0.52      0.51      0.49       614
weighted avg       0.53      0.50      0.48       614

[Epoch 7] Validation Accuracy: 0.4984
Best model saved at cepoch 7 with accuracy: 0.4984
[Epoch 8] Training Loss: 1.4317
Accuracy: 49.35%, F1 Score: 0.4789, Recall: 0.4935, Precision: 0.5046

Detailed Report:
               precision    recall  f1-score   support

           0       0.46      0.21      0.29        89
           1       0.57      0.53      0.55        89
           2       0.59      0.53      0.56       102
           3       0.37      0.34      0.35        88
           4       0.36      0.80      0.49        70
           5       0.69      0.81      0.75        89
           6       0.45      0.29      0.35        87

    accuracy                           0.49       614
   macro avg       0.50      0.50      0.48       614
weighted avg       0.50      0.49      0.48       614

[Epoch 8] Validation Accuracy: 0.4935
[Epoch 9] Training Loss: 1.4170
Accuracy: 50.98%, F1 Score: 0.4956, Recall: 0.5098, Precision: 0.5031

Detailed Report:
               precision    recall  f1-score   support

           0       0.40      0.45      0.42        89
           1       0.54      0.61      0.57        89
           2       0.58      0.48      0.53       102
           3       0.37      0.28      0.32        88
           4       0.47      0.66      0.55        70
           5       0.65      0.85      0.74        89
           6       0.49      0.26      0.34        87

    accuracy                           0.51       614
   macro avg       0.50      0.51      0.50       614
weighted avg       0.50      0.51      0.50       614

[Epoch 9] Validation Accuracy: 0.5098
Best model saved at cepoch 9 with accuracy: 0.5098
[Epoch 10] Training Loss: 1.3854
Accuracy: 50.81%, F1 Score: 0.4930, Recall: 0.5081, Precision: 0.5148

Detailed Report:
               precision    recall  f1-score   support

           0       0.36      0.54      0.43        89
           1       0.54      0.63      0.58        89
           2       0.62      0.44      0.51       102
           3       0.41      0.23      0.29        88
           4       0.46      0.66      0.54        70
           5       0.67      0.83      0.74        89
           6       0.52      0.26      0.35        87

    accuracy                           0.51       614
   macro avg       0.51      0.51      0.49       614
weighted avg       0.51      0.51      0.49       614

[Epoch 10] Validation Accuracy: 0.5081
[Epoch 11] Training Loss: 1.3878
Accuracy: 51.30%, F1 Score: 0.5042, Recall: 0.5130, Precision: 0.5192

Detailed Report:
               precision    recall  f1-score   support

           0       0.40      0.48      0.44        89
           1       0.55      0.64      0.59        89
           2       0.59      0.47      0.52       102
           3       0.39      0.18      0.25        88
           4       0.42      0.70      0.52        70
           5       0.84      0.76      0.80        89
           6       0.42      0.39      0.40        87

    accuracy                           0.51       614
   macro avg       0.51      0.52      0.50       614
weighted avg       0.52      0.51      0.50       614

[Epoch 11] Validation Accuracy: 0.5130
Best model saved at cepoch 11 with accuracy: 0.5130
[Epoch 12] Training Loss: 1.3662
Accuracy: 53.26%, F1 Score: 0.5221, Recall: 0.5326, Precision: 0.5281

Detailed Report:
               precision    recall  f1-score   support

           0       0.43      0.30      0.36        89
           1       0.59      0.54      0.56        89
           2       0.52      0.71      0.60       102
           3       0.37      0.43      0.40        88
           4       0.57      0.63      0.60        70
           5       0.73      0.81      0.77        89
           6       0.49      0.30      0.37        87

    accuracy                           0.53       614
   macro avg       0.53      0.53      0.52       614
weighted avg       0.53      0.53      0.52       614

[Epoch 12] Validation Accuracy: 0.5326
Best model saved at cepoch 12 with accuracy: 0.5326
[Epoch 13] Training Loss: 1.3681
Accuracy: 52.28%, F1 Score: 0.5167, Recall: 0.5228, Precision: 0.5226

Detailed Report:
               precision    recall  f1-score   support

           0       0.41      0.36      0.38        89
           1       0.56      0.57      0.57        89
           2       0.63      0.52      0.57       102
           3       0.37      0.39      0.38        88
           4       0.46      0.67      0.54        70
           5       0.71      0.83      0.77        89
           6       0.49      0.34      0.41        87

    accuracy                           0.52       614
   macro avg       0.52      0.53      0.52       614
weighted avg       0.52      0.52      0.52       614

[Epoch 13] Validation Accuracy: 0.5228
[Epoch 14] Training Loss: 1.3666
Accuracy: 51.95%, F1 Score: 0.5114, Recall: 0.5195, Precision: 0.5215

Detailed Report:
               precision    recall  f1-score   support

           0       0.39      0.44      0.41        89
           1       0.52      0.63      0.57        89
           2       0.62      0.49      0.55       102
           3       0.40      0.33      0.36        88
           4       0.45      0.67      0.54        70
           5       0.75      0.82      0.78        89
           6       0.48      0.29      0.36        87

    accuracy                           0.52       614
   macro avg       0.52      0.52      0.51       614
weighted avg       0.52      0.52      0.51       614

[Epoch 14] Validation Accuracy: 0.5195
[Epoch 15] Training Loss: 1.3377
Accuracy: 52.61%, F1 Score: 0.5204, Recall: 0.5261, Precision: 0.5242

Detailed Report:
               precision    recall  f1-score   support

           0       0.42      0.36      0.39        89
           1       0.59      0.54      0.56        89
           2       0.61      0.53      0.57       102
           3       0.38      0.31      0.34        88
           4       0.45      0.70      0.55        70
           5       0.73      0.81      0.77        89
           6       0.46      0.47      0.47        87

    accuracy                           0.53       614
   macro avg       0.52      0.53      0.52       614
weighted avg       0.52      0.53      0.52       614

[Epoch 15] Validation Accuracy: 0.5261
[Epoch 16] Training Loss: 1.3357
Accuracy: 53.75%, F1 Score: 0.5325, Recall: 0.5375, Precision: 0.5502

Detailed Report:
               precision    recall  f1-score   support

           0       0.39      0.49      0.44        89
           1       0.72      0.52      0.60        89
           2       0.70      0.48      0.57       102
           3       0.39      0.27      0.32        88
           4       0.49      0.66      0.56        70
           5       0.68      0.87      0.76        89
           6       0.44      0.51      0.47        87

    accuracy                           0.54       614
   macro avg       0.54      0.54      0.53       614
weighted avg       0.55      0.54      0.53       614

[Epoch 16] Validation Accuracy: 0.5375
Best model saved at cepoch 16 with accuracy: 0.5375
[Epoch 17] Training Loss: 1.3441
Accuracy: 49.51%, F1 Score: 0.4858, Recall: 0.4951, Precision: 0.5310

Detailed Report:
               precision    recall  f1-score   support

           0       0.38      0.39      0.39        89
           1       0.61      0.52      0.56        89
           2       0.72      0.32      0.45       102
           3       0.38      0.40      0.39        88
           4       0.37      0.81      0.51        70
           5       0.70      0.82      0.75        89
           6       0.50      0.29      0.36        87

    accuracy                           0.50       614
   macro avg       0.52      0.51      0.49       614
weighted avg       0.53      0.50      0.49       614

[Epoch 17] Validation Accuracy: 0.4951
[Epoch 18] Training Loss: 1.3331
Accuracy: 53.75%, F1 Score: 0.5355, Recall: 0.5375, Precision: 0.5464

Detailed Report:
               precision    recall  f1-score   support

           0       0.43      0.46      0.44        89
           1       0.60      0.55      0.57        89
           2       0.69      0.50      0.58       102
           3       0.39      0.30      0.34        88
           4       0.46      0.67      0.55        70
           5       0.77      0.80      0.78        89
           6       0.44      0.52      0.48        87

    accuracy                           0.54       614
   macro avg       0.54      0.54      0.53       614
weighted avg       0.55      0.54      0.54       614

[Epoch 18] Validation Accuracy: 0.5375
[Epoch 19] Training Loss: 1.3284
Accuracy: 50.81%, F1 Score: 0.5053, Recall: 0.5081, Precision: 0.5289

Detailed Report:
               precision    recall  f1-score   support

           0       0.50      0.31      0.39        89
           1       0.58      0.55      0.57        89
           2       0.68      0.45      0.54       102
           3       0.33      0.35      0.34        88
           4       0.41      0.77      0.53        70
           5       0.77      0.79      0.78        89
           6       0.38      0.39      0.39        87

    accuracy                           0.51       614
   macro avg       0.52      0.52      0.50       614
weighted avg       0.53      0.51      0.51       614

[Epoch 19] Validation Accuracy: 0.5081
[Epoch 20] Training Loss: 1.3229
Accuracy: 53.75%, F1 Score: 0.5361, Recall: 0.5375, Precision: 0.5451

Detailed Report:
               precision    recall  f1-score   support

           0       0.48      0.33      0.39        89
           1       0.61      0.57      0.59        89
           2       0.66      0.56      0.61       102
           3       0.34      0.41      0.37        88
           4       0.49      0.69      0.57        70
           5       0.76      0.79      0.77        89
           6       0.44      0.45      0.45        87

    accuracy                           0.54       614
   macro avg       0.54      0.54      0.54       614
weighted avg       0.55      0.54      0.54       614

[Epoch 20] Validation Accuracy: 0.5375
[Epoch 21] Training Loss: 1.3158
Accuracy: 54.56%, F1 Score: 0.5394, Recall: 0.5456, Precision: 0.5477

Detailed Report:
               precision    recall  f1-score   support

           0       0.48      0.33      0.39        89
           1       0.65      0.52      0.57        89
           2       0.65      0.56      0.60       102
           3       0.37      0.36      0.37        88
           4       0.51      0.71      0.59        70
           5       0.71      0.84      0.77        89
           6       0.45      0.53      0.48        87

    accuracy                           0.55       614
   macro avg       0.54      0.55      0.54       614
weighted avg       0.55      0.55      0.54       614

[Epoch 21] Validation Accuracy: 0.5456
Best model saved at cepoch 21 with accuracy: 0.5456
[Epoch 22] Training Loss: 1.3043
Accuracy: 53.26%, F1 Score: 0.5280, Recall: 0.5326, Precision: 0.5402

Detailed Report:
               precision    recall  f1-score   support

           0       0.40      0.48      0.44        89
           1       0.58      0.60      0.59        89
           2       0.65      0.52      0.58       102
           3       0.39      0.41      0.40        88
           4       0.48      0.69      0.56        70
           5       0.78      0.80      0.79        89
           6       0.48      0.26      0.34        87

    accuracy                           0.53       614
   macro avg       0.54      0.54      0.53       614
weighted avg       0.54      0.53      0.53       614

[Epoch 22] Validation Accuracy: 0.5326
[Epoch 23] Training Loss: 1.3184
Accuracy: 53.26%, F1 Score: 0.5307, Recall: 0.5326, Precision: 0.5444

Detailed Report:
               precision    recall  f1-score   support

           0       0.44      0.43      0.43        89
           1       0.60      0.56      0.58        89
           2       0.66      0.51      0.57       102
           3       0.37      0.50      0.43        88
           4       0.47      0.67      0.55        70
           5       0.77      0.79      0.78        89
           6       0.47      0.30      0.37        87

    accuracy                           0.53       614
   macro avg       0.54      0.54      0.53       614
weighted avg       0.54      0.53      0.53       614

[Epoch 23] Validation Accuracy: 0.5326
[Epoch 24] Training Loss: 1.3098
Accuracy: 55.21%, F1 Score: 0.5452, Recall: 0.5521, Precision: 0.5429

Detailed Report:
               precision    recall  f1-score   support

           0       0.47      0.37      0.42        89
           1       0.57      0.57      0.57        89
           2       0.59      0.65      0.62       102
           3       0.40      0.40      0.40        88
           4       0.58      0.60      0.59        70
           5       0.72      0.85      0.78        89
           6       0.48      0.41      0.44        87

    accuracy                           0.55       614
   macro avg       0.54      0.55      0.54       614
weighted avg       0.54      0.55      0.55       614

[Epoch 24] Validation Accuracy: 0.5521
Best model saved at cepoch 24 with accuracy: 0.5521
[Epoch 25] Training Loss: 1.2978
Accuracy: 52.93%, F1 Score: 0.5206, Recall: 0.5293, Precision: 0.5542

Detailed Report:
               precision    recall  f1-score   support

           0       0.43      0.53      0.47        89
           1       0.71      0.53      0.61        89
           2       0.74      0.41      0.53       102
           3       0.37      0.19      0.25        88
           4       0.43      0.77      0.55        70
           5       0.74      0.82      0.78        89
           6       0.41      0.52      0.46        87

    accuracy                           0.53       614
   macro avg       0.55      0.54      0.52       614
weighted avg       0.55      0.53      0.52       614

[Epoch 25] Validation Accuracy: 0.5293
[Epoch 26] Training Loss: 1.3039
Accuracy: 52.61%, F1 Score: 0.5159, Recall: 0.5261, Precision: 0.5586

Detailed Report:
               precision    recall  f1-score   support

           0       0.37      0.66      0.47        89
           1       0.60      0.56      0.58        89
           2       0.76      0.40      0.53       102
           3       0.46      0.19      0.27        88
           4       0.46      0.70      0.55        70
           5       0.77      0.82      0.79        89
           6       0.44      0.39      0.41        87

    accuracy                           0.53       614
   macro avg       0.55      0.53      0.52       614
weighted avg       0.56      0.53      0.52       614

[Epoch 26] Validation Accuracy: 0.5261
[Epoch 27] Training Loss: 1.2915
Accuracy: 53.26%, F1 Score: 0.5278, Recall: 0.5326, Precision: 0.5396

Detailed Report:
               precision    recall  f1-score   support

           0       0.41      0.49      0.45        89
           1       0.60      0.54      0.57        89
           2       0.66      0.51      0.57       102
           3       0.41      0.28      0.34        88
           4       0.45      0.74      0.56        70
           5       0.74      0.79      0.77        89
           6       0.46      0.41      0.44        87

    accuracy                           0.53       614
   macro avg       0.53      0.54      0.53       614
weighted avg       0.54      0.53      0.53       614

[Epoch 27] Validation Accuracy: 0.5326
[Epoch 28] Training Loss: 1.2814
Accuracy: 54.89%, F1 Score: 0.5474, Recall: 0.5489, Precision: 0.5488

Detailed Report:
               precision    recall  f1-score   support

           0       0.46      0.43      0.44        89
           1       0.57      0.62      0.59        89
           2       0.66      0.57      0.61       102
           3       0.36      0.39      0.37        88
           4       0.53      0.59      0.55        70
           5       0.77      0.83      0.80        89
           6       0.47      0.43      0.45        87

    accuracy                           0.55       614
   macro avg       0.55      0.55      0.55       614
weighted avg       0.55      0.55      0.55       614

[Epoch 28] Validation Accuracy: 0.5489
[Epoch 29] Training Loss: 1.2835
Accuracy: 54.40%, F1 Score: 0.5361, Recall: 0.5440, Precision: 0.5474

Detailed Report:
               precision    recall  f1-score   support

           0       0.46      0.46      0.46        89
           1       0.59      0.57      0.58        89
           2       0.72      0.55      0.62       102
           3       0.38      0.47      0.42        88
           4       0.49      0.71      0.58        70
           5       0.74      0.84      0.79        89
           6       0.43      0.23      0.30        87

    accuracy                           0.54       614
   macro avg       0.54      0.55      0.53       614
weighted avg       0.55      0.54      0.54       614

[Epoch 29] Validation Accuracy: 0.5440
Early stopping at epoch 29

----- Starting Evaluation on Test Set -----

Accuracy: 55.87%, F1 Score: 0.5499, Recall: 0.5587, Precision: 0.5539

Detailed Report:
               precision    recall  f1-score   support

           0       0.45      0.48      0.46       205
           1       0.65      0.66      0.66       214
           2       0.60      0.47      0.52       215
           3       0.38      0.45      0.41       230
           4       0.60      0.70      0.65       227
           5       0.75      0.88      0.81       214
           6       0.46      0.28      0.35       229

    accuracy                           0.56      1534
   macro avg       0.56      0.56      0.55      1534
weighted avg       0.55      0.56      0.55      1534


🔁 Run 2/5
[Epoch 1] Training Loss: 1.7650
Accuracy: 35.99%, F1 Score: 0.3328, Recall: 0.3599, Precision: 0.3384

Detailed Report:
               precision    recall  f1-score   support

           0       0.33      0.33      0.33        87
           1       0.44      0.57      0.50        83
           2       0.31      0.23      0.26        75
           3       0.00      0.00      0.00        90
           4       0.36      0.17      0.23        95
           5       0.68      0.70      0.69       101
           6       0.19      0.49      0.27        83

    accuracy                           0.36       614
   macro avg       0.33      0.36      0.33       614
weighted avg       0.34      0.36      0.33       614

[Epoch 1] Validation Accuracy: 0.3599
Early stopping at epoch 1

----- Starting Evaluation on Test Set -----

Accuracy: 38.85%, F1 Score: 0.3570, Recall: 0.3885, Precision: 0.3526

Detailed Report:
               precision    recall  f1-score   support

           0       0.32      0.34      0.33       205
           1       0.49      0.57      0.53       214
           2       0.40      0.33      0.36       215
           3       0.00      0.00      0.00       230
           4       0.40      0.22      0.29       227
           5       0.65      0.77      0.71       214
           6       0.23      0.52      0.32       229

    accuracy                           0.39      1534
   macro avg       0.36      0.39      0.36      1534
weighted avg       0.35      0.39      0.36      1534


🔁 Run 3/5
[Epoch 1] Training Loss: 1.7610
Accuracy: 39.09%, F1 Score: 0.3497, Recall: 0.3909, Precision: 0.3638

Detailed Report:
               precision    recall  f1-score   support

           0       0.29      0.48      0.36        75
           1       0.45      0.53      0.49       101
           2       0.60      0.17      0.27        88
           3       0.23      0.40      0.29        95
           4       0.38      0.31      0.34        80
           5       0.63      0.89      0.73        81
           6       0.00      0.00      0.00        94

    accuracy                           0.39       614
   macro avg       0.37      0.40      0.36       614
weighted avg       0.36      0.39      0.35       614

[Epoch 1] Validation Accuracy: 0.3909
Early stopping at epoch 1

----- Starting Evaluation on Test Set -----

Accuracy: 40.29%, F1 Score: 0.3683, Recall: 0.4029, Precision: 0.3758

Detailed Report:
               precision    recall  f1-score   support

           0       0.29      0.42      0.34       205
           1       0.52      0.55      0.53       214
           2       0.51      0.20      0.29       215
           3       0.21      0.40      0.28       230
           4       0.55      0.40      0.46       227
           5       0.58      0.88      0.70       214
           6       0.00      0.00      0.00       229

    accuracy                           0.40      1534
   macro avg       0.38      0.41      0.37      1534
weighted avg       0.38      0.40      0.37      1534


🔁 Run 4/5
[Epoch 1] Training Loss: 1.7641
Accuracy: 35.99%, F1 Score: 0.3058, Recall: 0.3599, Precision: 0.2906

Detailed Report:
               precision    recall  f1-score   support

           0       0.25      0.47      0.33        92
           1       0.41      0.61      0.49        95
           2       0.30      0.19      0.23        94
           3       0.00      0.00      0.00        84
           4       0.33      0.39      0.36        89
           5       0.58      0.85      0.69        75
           6       0.18      0.04      0.06        85

    accuracy                           0.36       614
   macro avg       0.29      0.36      0.31       614
weighted avg       0.29      0.36      0.31       614

[Epoch 1] Validation Accuracy: 0.3599
Early stopping at epoch 1

----- Starting Evaluation on Test Set -----

Accuracy: 40.09%, F1 Score: 0.3460, Recall: 0.4009, Precision: 0.3643

Detailed Report:
               precision    recall  f1-score   support

           0       0.27      0.48      0.35       205
           1       0.41      0.65      0.50       214
           2       0.38      0.33      0.35       215
           3       0.14      0.02      0.04       230
           4       0.38      0.48      0.43       227
           5       0.61      0.86      0.71       214
           6       0.37      0.05      0.08       229

    accuracy                           0.40      1534
   macro avg       0.37      0.41      0.35      1534
weighted avg       0.36      0.40      0.35      1534


🔁 Run 5/5
[Epoch 1] Training Loss: 1.7858
Accuracy: 36.97%, F1 Score: 0.3171, Recall: 0.3697, Precision: 0.3401

Detailed Report:
               precision    recall  f1-score   support

           0       0.21      0.33      0.26        87
           1       0.48      0.60      0.53        90
           2       0.31      0.49      0.38        71
           3       0.50      0.02      0.04        85
           4       0.31      0.40      0.35       105
           5       0.57      0.74      0.64        88
           6       0.00      0.00      0.00        88

    accuracy                           0.37       614
   macro avg       0.34      0.37      0.32       614
weighted avg       0.34      0.37      0.32       614

[Epoch 1] Validation Accuracy: 0.3697
Early stopping at epoch 1

----- Starting Evaluation on Test Set -----

Accuracy: 39.37%, F1 Score: 0.3315, Recall: 0.3937, Precision: 0.4619

Detailed Report:
               precision    recall  f1-score   support

           0       0.20      0.32      0.25       205
           1       0.46      0.59      0.52       214
           2       0.36      0.52      0.42       215
           3       0.21      0.01      0.02       230
           4       0.37      0.51      0.43       227
           5       0.60      0.85      0.70       214
           6       1.00      0.00      0.01       229

    accuracy                           0.39      1534
   macro avg       0.46      0.40      0.34      1534
weighted avg       0.46      0.39      0.33      1534


Final Test Accuracy over 5 runs: 0.4289 ± 0.0651
Final Test Recall over 5 runs: 0.4289 ± 0.0651
Final Test Precision over 5 runs: 0.4217 ± 0.0765
Final Test F1 Score over 5 runs: 0.3905 ± 0.0806
