Activating environment
CUDA_HOME is set to: /tc1apps/cuda/11.8
Checking GPU availability
CUDA available: True
Current device: Tesla V100-PCIE-32GB
Downloading spaCy model
Collecting en-core-web-sm==3.8.0
  Downloading https://github.com/explosion/spacy-models/releases/download/en_core_web_sm-3.8.0/en_core_web_sm-3.8.0-py3-none-any.whl (12.8 MB)
     ━━━━━━━━━━━━━━━━━━━━━━━━━━━━━━━━━━━━━━━━ 12.8/12.8 MB 19.6 MB/s eta 0:00:00
[38;5;2m✔ Download and installation successful[0m
You can now load the package via spacy.load('en_core_web_sm')
Running script
Using device : cuda
Loading training data...
[Epoch 1] Training Loss: 1.9981
Accuracy: 30.37%, F1 Score: 0.2198

Detailed Report:
               precision    recall  f1-score   support

           0       0.00      0.00      0.00       159
           1       0.24      0.34      0.28       391
           2       0.00      0.00      0.00       116
           3       0.00      0.00      0.00       269
           4       0.31      0.68      0.43       709
           5       0.00      0.00      0.00       124
           6       0.00      0.00      0.00       388
           7       0.00      0.00      0.00       196
           8       0.34      0.46      0.39       628

    accuracy                           0.30      2980
   macro avg       0.10      0.16      0.12      2980
weighted avg       0.18      0.30      0.22      2980

[Epoch 1] Validation Accuracy: 0.3037
Best model saved at cepoch 1 with accuracy: 0.3037
[Epoch 2] Training Loss: 1.8351
Accuracy: 33.86%, F1 Score: 0.2697

Detailed Report:
               precision    recall  f1-score   support

           0       0.00      0.00      0.00       159
           1       0.27      0.46      0.34       391
           2       0.00      0.00      0.00       116
           3       0.30      0.32      0.31       269
           4       0.37      0.63      0.46       709
           5       0.00      0.00      0.00       124
           6       0.00      0.00      0.00       388
           7       0.00      0.00      0.00       196
           8       0.37      0.47      0.41       628

    accuracy                           0.34      2980
   macro avg       0.15      0.21      0.17      2980
weighted avg       0.23      0.34      0.27      2980

[Epoch 2] Validation Accuracy: 0.3386
Best model saved at cepoch 2 with accuracy: 0.3386
[Epoch 3] Training Loss: 1.7806
Accuracy: 34.77%, F1 Score: 0.2804

Detailed Report:
               precision    recall  f1-score   support

           0       0.00      0.00      0.00       159
           1       0.28      0.43      0.34       391
           2       0.00      0.00      0.00       116
           3       0.34      0.35      0.34       269
           4       0.38      0.61      0.47       709
           5       0.00      0.00      0.00       124
           6       0.50      0.02      0.03       388
           7       0.00      0.00      0.00       196
           8       0.35      0.53      0.42       628

    accuracy                           0.35      2980
   macro avg       0.21      0.22      0.18      2980
weighted avg       0.30      0.35      0.28      2980

[Epoch 3] Validation Accuracy: 0.3477
Best model saved at cepoch 3 with accuracy: 0.3477
[Epoch 4] Training Loss: 1.7464
Accuracy: 35.47%, F1 Score: 0.3019

Detailed Report:
               precision    recall  f1-score   support

           0       0.00      0.00      0.00       159
           1       0.31      0.40      0.35       391
           2       0.00      0.00      0.00       116
           3       0.35      0.40      0.37       269
           4       0.43      0.47      0.45       709
           5       0.00      0.00      0.00       124
           6       0.36      0.12      0.18       388
           7       0.00      0.00      0.00       196
           8       0.33      0.66      0.44       628

    accuracy                           0.35      2980
   macro avg       0.20      0.23      0.20      2980
weighted avg       0.29      0.35      0.30      2980

[Epoch 4] Validation Accuracy: 0.3547
Best model saved at cepoch 4 with accuracy: 0.3547
[Epoch 5] Training Loss: 1.7222
Accuracy: 36.58%, F1 Score: 0.3132

Detailed Report:
               precision    recall  f1-score   support

           0       0.00      0.00      0.00       159
           1       0.31      0.40      0.35       391
           2       0.00      0.00      0.00       116
           3       0.35      0.50      0.41       269
           4       0.40      0.61      0.48       709
           5       0.00      0.00      0.00       124
           6       0.40      0.15      0.21       388
           7       0.00      0.00      0.00       196
           8       0.37      0.50      0.42       628

    accuracy                           0.37      2980
   macro avg       0.20      0.24      0.21      2980
weighted avg       0.29      0.37      0.31      2980

[Epoch 5] Validation Accuracy: 0.3658
Best model saved at cepoch 5 with accuracy: 0.3658
[Epoch 6] Training Loss: 1.7039
Accuracy: 36.48%, F1 Score: 0.2979

Detailed Report:
               precision    recall  f1-score   support

           0       0.00      0.00      0.00       159
           1       0.29      0.58      0.39       391
           2       0.00      0.00      0.00       116
           3       0.54      0.32      0.40       269
           4       0.42      0.50      0.46       709
           5       0.00      0.00      0.00       124
           6       0.38      0.03      0.05       388
           7       0.00      0.00      0.00       196
           8       0.34      0.66      0.45       628

    accuracy                           0.36      2980
   macro avg       0.22      0.23      0.19      2980
weighted avg       0.31      0.36      0.30      2980

[Epoch 6] Validation Accuracy: 0.3648
[Epoch 7] Training Loss: 1.6835
Accuracy: 36.68%, F1 Score: 0.3288

Detailed Report:
               precision    recall  f1-score   support

           0       0.00      0.00      0.00       159
           1       0.28      0.54      0.37       391
           2       0.33      0.03      0.05       116
           3       0.38      0.48      0.42       269
           4       0.45      0.43      0.44       709
           5       0.00      0.00      0.00       124
           6       0.35      0.33      0.34       388
           7       0.00      0.00      0.00       196
           8       0.38      0.50      0.43       628

    accuracy                           0.37      2980
   macro avg       0.24      0.26      0.23      2980
weighted avg       0.32      0.37      0.33      2980

[Epoch 7] Validation Accuracy: 0.3668
Best model saved at cepoch 7 with accuracy: 0.3668
[Epoch 8] Training Loss: 1.6644
Accuracy: 38.02%, F1 Score: 0.3395

Detailed Report:
               precision    recall  f1-score   support

           0       0.00      0.00      0.00       159
           1       0.32      0.50      0.39       391
           2       0.48      0.22      0.30       116
           3       0.45      0.41      0.43       269
           4       0.37      0.65      0.48       709
           5       0.00      0.00      0.00       124
           6       0.36      0.35      0.36       388
           7       0.00      0.00      0.00       196
           8       0.44      0.32      0.37       628

    accuracy                           0.38      2980
   macro avg       0.27      0.27      0.26      2980
weighted avg       0.33      0.38      0.34      2980

[Epoch 8] Validation Accuracy: 0.3802
Best model saved at cepoch 8 with accuracy: 0.3802
[Epoch 9] Training Loss: 1.6504
Accuracy: 37.85%, F1 Score: 0.3344

Detailed Report:
               precision    recall  f1-score   support

           0       0.00      0.00      0.00       159
           1       0.34      0.39      0.36       391
           2       0.51      0.18      0.27       116
           3       0.35      0.48      0.41       269
           4       0.41      0.54      0.46       709
           5       0.00      0.00      0.00       124
           6       0.44      0.19      0.27       388
           7       0.00      0.00      0.00       196
           8       0.37      0.58      0.45       628

    accuracy                           0.38      2980
   macro avg       0.27      0.26      0.25      2980
weighted avg       0.33      0.38      0.33      2980

[Epoch 9] Validation Accuracy: 0.3785
[Epoch 10] Training Loss: 1.6352
Accuracy: 38.36%, F1 Score: 0.3473

Detailed Report:
               precision    recall  f1-score   support

           0       0.00      0.00      0.00       159
           1       0.36      0.42      0.39       391
           2       0.44      0.20      0.27       116
           3       0.42      0.41      0.41       269
           4       0.41      0.56      0.47       709
           5       0.00      0.00      0.00       124
           6       0.34      0.46      0.39       388
           7       0.00      0.00      0.00       196
           8       0.39      0.44      0.41       628

    accuracy                           0.38      2980
   macro avg       0.26      0.27      0.26      2980
weighted avg       0.32      0.38      0.35      2980

[Epoch 10] Validation Accuracy: 0.3836
Best model saved at cepoch 10 with accuracy: 0.3836
[Epoch 11] Training Loss: 1.6191
Accuracy: 38.26%, F1 Score: 0.3386

Detailed Report:
               precision    recall  f1-score   support

           0       0.00      0.00      0.00       159
           1       0.32      0.47      0.38       391
           2       0.50      0.21      0.29       116
           3       0.39      0.46      0.43       269
           4       0.41      0.52      0.46       709
           5       0.00      0.00      0.00       124
           6       0.43      0.18      0.25       388
           7       0.00      0.00      0.00       196
           8       0.38      0.59      0.46       628

    accuracy                           0.38      2980
   macro avg       0.27      0.27      0.25      2980
weighted avg       0.33      0.38      0.34      2980

[Epoch 11] Validation Accuracy: 0.3826
[Epoch 12] Training Loss: 1.6018
Accuracy: 38.36%, F1 Score: 0.3426

Detailed Report:
               precision    recall  f1-score   support

           0       0.20      0.01      0.01       159
           1       0.32      0.49      0.39       391
           2       0.48      0.22      0.30       116
           3       0.50      0.38      0.43       269
           4       0.38      0.62      0.47       709
           5       0.00      0.00      0.00       124
           6       0.40      0.22      0.29       388
           7       0.00      0.00      0.00       196
           8       0.39      0.47      0.43       628

    accuracy                           0.38      2980
   macro avg       0.30      0.27      0.26      2980
weighted avg       0.34      0.38      0.34      2980

[Epoch 12] Validation Accuracy: 0.3836
[Epoch 13] Training Loss: 1.5876
Accuracy: 37.79%, F1 Score: 0.3447

Detailed Report:
               precision    recall  f1-score   support

           0       0.08      0.01      0.01       159
           1       0.32      0.44      0.37       391
           2       0.40      0.28      0.33       116
           3       0.37      0.51      0.43       269
           4       0.43      0.45      0.44       709
           5       0.50      0.01      0.02       124
           6       0.38      0.33      0.35       388
           7       0.00      0.00      0.00       196
           8       0.38      0.54      0.45       628

    accuracy                           0.38      2980
   macro avg       0.32      0.28      0.26      2980
weighted avg       0.35      0.38      0.34      2980

[Epoch 13] Validation Accuracy: 0.3779
[Epoch 14] Training Loss: 1.5669
Accuracy: 38.29%, F1 Score: 0.3412

Detailed Report:
               precision    recall  f1-score   support

           0       0.29      0.01      0.02       159
           1       0.34      0.42      0.38       391
           2       0.48      0.20      0.28       116
           3       0.39      0.43      0.41       269
           4       0.39      0.56      0.46       709
           5       0.50      0.02      0.03       124
           6       0.41      0.20      0.27       388
           7       0.00      0.00      0.00       196
           8       0.38      0.57      0.46       628

    accuracy                           0.38      2980
   macro avg       0.35      0.27      0.26      2980
weighted avg       0.36      0.38      0.34      2980

[Epoch 14] Validation Accuracy: 0.3829
[Epoch 15] Training Loss: 1.5504
Accuracy: 37.89%, F1 Score: 0.3473

Detailed Report:
               precision    recall  f1-score   support

           0       0.17      0.01      0.02       159
           1       0.35      0.44      0.39       391
           2       0.41      0.24      0.30       116
           3       0.38      0.45      0.41       269
           4       0.42      0.49      0.45       709
           5       0.50      0.02      0.03       124
           6       0.36      0.38      0.37       388
           7       0.17      0.01      0.01       196
           8       0.37      0.49      0.42       628

    accuracy                           0.38      2980
   macro avg       0.35      0.28      0.27      2980
weighted avg       0.36      0.38      0.35      2980

[Epoch 15] Validation Accuracy: 0.3789
Early stopping at epoch 15

----- Starting Evaluation on Test Set -----

Accuracy: 40.15%, F1 Score: 0.3705

Detailed Report:
               precision    recall  f1-score   support

           0       0.20      0.01      0.03       352
           1       0.38      0.46      0.41      1015
           2       0.44      0.23      0.30       263
           3       0.46      0.50      0.48       735
           4       0.44      0.50      0.47      1666
           5       0.44      0.01      0.03       300
           6       0.36      0.37      0.36      1022
           7       0.20      0.00      0.00       430
           8       0.38      0.52      0.44      1667

    accuracy                           0.40      7450
   macro avg       0.37      0.29      0.28      7450
weighted avg       0.38      0.40      0.37      7450

