2025-04-10 07:01:56.881919: I tensorflow/core/platform/cpu_feature_guard.cc:193] This TensorFlow binary is optimized with oneAPI Deep Neural Network Library (oneDNN) to use the following CPU instructions in performance-critical operations:  SSE4.1 SSE4.2 AVX AVX2 AVX512F AVX512_VNNI FMA
To enable them in other operations, rebuild TensorFlow with the appropriate compiler flags.
2025-04-10 07:01:57.052141: I tensorflow/core/util/port.cc:104] oneDNN custom operations are on. You may see slightly different numerical results due to floating-point round-off errors from different computation orders. To turn them off, set the environment variable `TF_ENABLE_ONEDNN_OPTS=0`.
[Main] Loading and processing WASSA 2021 dataset...
[Main] Dataset already preprocessed. Skipping...
[Main] Done.
2025-04-10 07:02:11.839509: I tensorflow/core/platform/cpu_feature_guard.cc:193] This TensorFlow binary is optimized with oneAPI Deep Neural Network Library (oneDNN) to use the following CPU instructions in performance-critical operations:  SSE4.1 SSE4.2 AVX AVX2 AVX512F AVX512_VNNI FMA
To enable them in other operations, rebuild TensorFlow with the appropriate compiler flags.
2025-04-10 07:02:11.914308: I tensorflow/core/util/port.cc:104] oneDNN custom operations are on. You may see slightly different numerical results due to floating-point round-off errors from different computation orders. To turn them off, set the environment variable `TF_ENABLE_ONEDNN_OPTS=0`.

 游游 Model Configuration : {'name': 'bilstm_bert', 'bert_model_name': 'bert-large-uncased', 'hidden_dim': 256, 'dropout_rate': 0.3, 'lstm_layers': 1, 'num_epochs': 30, 'learning_rate': 6e-05, 'finetune_learning_rate': 6e-05, 'batch_size': 1024, 'finetune_batch_size': 32, 'device': device(type='cuda'), 'model_save_path': 'results/bilstm_bert/bilstm_bert.pt', 'isear_finetune_save_path': 'results/bilstm_bert/isear_finetune_bilstm_bert.pt', 'wassa21_finetune_save_path': 'results/bilstm_bert/wassa21_finetune_bilstm_bert.pt'}, Finetune Mode : 2, Dataset :  WASSA

游대 Run 1/5
[Split] Train size: 1062, Test size: 118
[Finetune mode] : finetune mode is 2
[Epoch 1] Training Loss: 1.5192
Accuracy: 50.8475%, F1 Score: 0.2959

Detailed Report:
               precision    recall  f1-score   support

           0       0.42      0.36      0.38        14
           1       0.54      0.95      0.69        39
           2       0.00      0.00      0.00         3
           3       0.00      0.00      0.00        15
           4       0.50      0.09      0.15        22
           5       0.48      0.64      0.55        25

    accuracy                           0.51       118
   macro avg       0.32      0.34      0.30       118
weighted avg       0.42      0.51      0.42       118

[Epoch 1] Validation Accuracy: 0.5085
Best model saved at epoch 1 with accuracy: 0.5085
[Epoch 2] Training Loss: 1.1793
Accuracy: 60.1695%, F1 Score: 0.4117

Detailed Report:
               precision    recall  f1-score   support

           0       0.53      0.71      0.61        14
           1       0.61      0.95      0.74        39
           2       0.00      0.00      0.00         3
           3       0.00      0.00      0.00        15
           4       0.53      0.45      0.49        22
           5       0.74      0.56      0.64        25

    accuracy                           0.60       118
   macro avg       0.40      0.45      0.41       118
weighted avg       0.52      0.60      0.54       118

[Epoch 2] Validation Accuracy: 0.6017
Best model saved at epoch 2 with accuracy: 0.6017
[Epoch 3] Training Loss: 0.9666
Accuracy: 65.2542%, F1 Score: 0.4579

Detailed Report:
               precision    recall  f1-score   support

           0       0.46      0.43      0.44        14
           1       0.61      0.97      0.75        39
           2       0.00      0.00      0.00         3
           3       1.00      0.07      0.12        15
           4       0.72      0.59      0.65        22
           5       0.79      0.76      0.78        25

    accuracy                           0.65       118
   macro avg       0.60      0.47      0.46       118
weighted avg       0.69      0.65      0.60       118

[Epoch 3] Validation Accuracy: 0.6525
Best model saved at epoch 3 with accuracy: 0.6525
[Epoch 4] Training Loss: 0.7825
Accuracy: 72.0339%, F1 Score: 0.5807

Detailed Report:
               precision    recall  f1-score   support

           0       0.50      0.93      0.65        14
           1       0.77      0.85      0.80        39
           2       0.00      0.00      0.00         3
           3       0.86      0.40      0.55        15
           4       0.77      0.77      0.77        22
           5       0.80      0.64      0.71        25

    accuracy                           0.72       118
   macro avg       0.62      0.60      0.58       118
weighted avg       0.74      0.72      0.71       118

[Epoch 4] Validation Accuracy: 0.7203
Best model saved at epoch 4 with accuracy: 0.7203
[Epoch 5] Training Loss: 0.5932
Accuracy: 73.7288%, F1 Score: 0.5947

Detailed Report:
               precision    recall  f1-score   support

           0       0.48      0.86      0.62        14
           1       0.83      0.87      0.85        39
           2       0.00      0.00      0.00         3
           3       0.88      0.47      0.61        15
           4       0.76      0.73      0.74        22
           5       0.78      0.72      0.75        25

    accuracy                           0.74       118
   macro avg       0.62      0.61      0.59       118
weighted avg       0.75      0.74      0.73       118

[Epoch 5] Validation Accuracy: 0.7373
Best model saved at epoch 5 with accuracy: 0.7373
[Epoch 6] Training Loss: 0.4323
Accuracy: 72.8814%, F1 Score: 0.5815

Detailed Report:
               precision    recall  f1-score   support

           0       0.45      0.64      0.53        14
           1       0.80      0.92      0.86        39
           2       0.00      0.00      0.00         3
           3       0.69      0.60      0.64        15
           4       0.81      0.59      0.68        22
           5       0.79      0.76      0.78        25

    accuracy                           0.73       118
   macro avg       0.59      0.59      0.58       118
weighted avg       0.73      0.73      0.72       118

[Epoch 6] Validation Accuracy: 0.7288
[Epoch 7] Training Loss: 0.3021
Accuracy: 71.1864%, F1 Score: 0.6557

Detailed Report:
               precision    recall  f1-score   support

           0       0.50      0.79      0.61        14
           1       0.86      0.82      0.84        39
           2       1.00      0.33      0.50         3
           3       0.89      0.53      0.67        15
           4       0.67      0.55      0.60        22
           5       0.65      0.80      0.71        25

    accuracy                           0.71       118
   macro avg       0.76      0.64      0.66       118
weighted avg       0.74      0.71      0.71       118

[Epoch 7] Validation Accuracy: 0.7119
Best model saved at epoch 7 with accuracy: 0.7119
[Epoch 8] Training Loss: 0.2205
Accuracy: 74.5763%, F1 Score: 0.7596

Detailed Report:
               precision    recall  f1-score   support

           0       0.73      0.57      0.64        14
           1       0.77      0.87      0.82        39
           2       1.00      1.00      1.00         3
           3       0.82      0.60      0.69        15
           4       0.67      0.64      0.65        22
           5       0.71      0.80      0.75        25

    accuracy                           0.75       118
   macro avg       0.78      0.75      0.76       118
weighted avg       0.75      0.75      0.74       118

[Epoch 8] Validation Accuracy: 0.7458
Best model saved at epoch 8 with accuracy: 0.7458
[Epoch 9] Training Loss: 0.2020
Accuracy: 67.7966%, F1 Score: 0.6635

Detailed Report:
               precision    recall  f1-score   support

           0       0.67      0.57      0.62        14
           1       0.73      0.90      0.80        39
           2       0.75      1.00      0.86         3
           3       0.86      0.40      0.55        15
           4       0.69      0.41      0.51        22
           5       0.56      0.76      0.64        25

    accuracy                           0.68       118
   macro avg       0.71      0.67      0.66       118
weighted avg       0.70      0.68      0.66       118

[Epoch 9] Validation Accuracy: 0.6780
[Epoch 10] Training Loss: 0.1438
Accuracy: 71.1864%, F1 Score: 0.6837

Detailed Report:
               precision    recall  f1-score   support

           0       0.67      0.57      0.62        14
           1       0.73      0.90      0.80        39
           2       0.60      1.00      0.75         3
           3       0.67      0.53      0.59        15
           4       0.65      0.50      0.56        22
           5       0.79      0.76      0.78        25

    accuracy                           0.71       118
   macro avg       0.68      0.71      0.68       118
weighted avg       0.71      0.71      0.70       118

[Epoch 10] Validation Accuracy: 0.7119
[Epoch 11] Training Loss: 0.0977
Accuracy: 75.4237%, F1 Score: 0.7372

Detailed Report:
               precision    recall  f1-score   support

           0       0.75      0.86      0.80        14
           1       0.84      0.82      0.83        39
           2       0.60      1.00      0.75         3
           3       0.73      0.53      0.62        15
           4       0.68      0.68      0.68        22
           5       0.73      0.76      0.75        25

    accuracy                           0.75       118
   macro avg       0.72      0.78      0.74       118
weighted avg       0.76      0.75      0.75       118

[Epoch 11] Validation Accuracy: 0.7542
[Epoch 12] Training Loss: 0.0747
Accuracy: 72.0339%, F1 Score: 0.6886

Detailed Report:
               precision    recall  f1-score   support

           0       0.75      0.64      0.69        14
           1       0.73      0.90      0.80        39
           2       0.60      1.00      0.75         3
           3       0.67      0.40      0.50        15
           4       0.71      0.55      0.62        22
           5       0.74      0.80      0.77        25

    accuracy                           0.72       118
   macro avg       0.70      0.71      0.69       118
weighted avg       0.72      0.72      0.71       118

[Epoch 12] Validation Accuracy: 0.7203
[Epoch 13] Training Loss: 0.1005
Accuracy: 72.0339%, F1 Score: 0.7004

Detailed Report:
               precision    recall  f1-score   support

           0       0.71      0.86      0.77        14
           1       0.85      0.74      0.79        39
           2       0.50      1.00      0.67         3
           3       0.73      0.53      0.62        15
           4       0.72      0.59      0.65        22
           5       0.62      0.80      0.70        25

    accuracy                           0.72       118
   macro avg       0.69      0.75      0.70       118
weighted avg       0.74      0.72      0.72       118

[Epoch 13] Validation Accuracy: 0.7203
Early stopping at epoch 13

----- Starting Evaluation on Test Set -----

Accuracy: 72.9730%, F1 Score: 0.6729

Detailed Report:
               precision    recall  f1-score   support

           0       0.73      0.61      0.67        36
           1       0.76      0.90      0.82        96
           2       1.00      0.33      0.50         9
           3       0.64      0.78      0.70        36
           4       0.71      0.52      0.60        56
           5       0.74      0.76      0.75        63

    accuracy                           0.73       296
   macro avg       0.76      0.65      0.67       296
weighted avg       0.73      0.73      0.72       296


游대 Run 2/5
[Split] Train size: 1062, Test size: 118
[Finetune mode] : finetune mode is 2
[Epoch 1] Training Loss: 1.4041
Accuracy: 53.3898%, F1 Score: 0.2941

Detailed Report:
               precision    recall  f1-score   support

           0       0.00      0.00      0.00        14
           1       0.57      0.92      0.71        39
           2       0.00      0.00      0.00         3
           3       0.00      0.00      0.00        15
           4       0.55      0.73      0.63        22
           5       0.42      0.44      0.43        25

    accuracy                           0.53       118
   macro avg       0.26      0.35      0.29       118
weighted avg       0.38      0.53      0.44       118

[Epoch 1] Validation Accuracy: 0.5339
Best model saved at epoch 1 with accuracy: 0.5339
[Epoch 2] Training Loss: 1.1021
Accuracy: 49.1525%, F1 Score: 0.2771

Detailed Report:
               precision    recall  f1-score   support

           0       0.00      0.00      0.00        14
           1       0.44      0.95      0.60        39
           2       0.00      0.00      0.00         3
           3       0.00      0.00      0.00        15
           4       0.79      0.50      0.61        22
           5       0.53      0.40      0.45        25

    accuracy                           0.49       118
   macro avg       0.29      0.31      0.28       118
weighted avg       0.40      0.49      0.41       118

[Epoch 2] Validation Accuracy: 0.4915
[Epoch 3] Training Loss: 0.8828
Accuracy: 72.0339%, F1 Score: 0.5897

Detailed Report:
               precision    recall  f1-score   support

           0       0.73      0.79      0.76        14
           1       0.71      0.87      0.78        39
           2       0.00      0.00      0.00         3
           3       0.70      0.47      0.56        15
           4       0.76      0.73      0.74        22
           5       0.71      0.68      0.69        25

    accuracy                           0.72       118
   macro avg       0.60      0.59      0.59       118
weighted avg       0.70      0.72      0.71       118

[Epoch 3] Validation Accuracy: 0.7203
Best model saved at epoch 3 with accuracy: 0.7203
[Epoch 4] Training Loss: 0.6894
Accuracy: 72.8814%, F1 Score: 0.6020

Detailed Report:
               precision    recall  f1-score   support

           0       0.75      0.64      0.69        14
           1       0.73      0.85      0.79        39
           2       0.00      0.00      0.00         3
           3       0.82      0.60      0.69        15
           4       0.63      0.86      0.73        22
           5       0.80      0.64      0.71        25

    accuracy                           0.73       118
   macro avg       0.62      0.60      0.60       118
weighted avg       0.72      0.73      0.72       118

[Epoch 4] Validation Accuracy: 0.7288
Best model saved at epoch 4 with accuracy: 0.7288
[Epoch 5] Training Loss: 0.5811
Accuracy: 76.2712%, F1 Score: 0.6378

Detailed Report:
               precision    recall  f1-score   support

           0       0.71      0.86      0.77        14
           1       0.73      0.90      0.80        39
           2       0.00      0.00      0.00         3
           3       0.79      0.73      0.76        15
           4       0.83      0.68      0.75        22
           5       0.81      0.68      0.74        25

    accuracy                           0.76       118
   macro avg       0.64      0.64      0.64       118
weighted avg       0.75      0.76      0.75       118

[Epoch 5] Validation Accuracy: 0.7627
Best model saved at epoch 5 with accuracy: 0.7627
[Epoch 6] Training Loss: 0.4263
Accuracy: 77.9661%, F1 Score: 0.6511

Detailed Report:
               precision    recall  f1-score   support

           0       0.72      0.93      0.81        14
           1       0.80      0.85      0.82        39
           2       0.00      0.00      0.00         3
           3       0.75      0.80      0.77        15
           4       0.87      0.59      0.70        22
           5       0.75      0.84      0.79        25

    accuracy                           0.78       118
   macro avg       0.65      0.67      0.65       118
weighted avg       0.77      0.78      0.77       118

[Epoch 6] Validation Accuracy: 0.7797
Best model saved at epoch 6 with accuracy: 0.7797
[Epoch 7] Training Loss: 0.3264
Accuracy: 77.1186%, F1 Score: 0.6469

Detailed Report:
               precision    recall  f1-score   support

           0       0.75      0.86      0.80        14
           1       0.82      0.82      0.82        39
           2       0.00      0.00      0.00         3
           3       0.73      0.73      0.73        15
           4       0.83      0.68      0.75        22
           5       0.72      0.84      0.78        25

    accuracy                           0.77       118
   macro avg       0.64      0.66      0.65       118
weighted avg       0.76      0.77      0.76       118

[Epoch 7] Validation Accuracy: 0.7712
[Epoch 8] Training Loss: 0.2127
Accuracy: 82.2034%, F1 Score: 0.7928

Detailed Report:
               precision    recall  f1-score   support

           0       0.80      0.86      0.83        14
           1       0.85      0.87      0.86        39
           2       0.67      0.67      0.67         3
           3       0.80      0.80      0.80        15
           4       0.80      0.73      0.76        22
           5       0.84      0.84      0.84        25

    accuracy                           0.82       118
   macro avg       0.79      0.79      0.79       118
weighted avg       0.82      0.82      0.82       118

[Epoch 8] Validation Accuracy: 0.8220
Best model saved at epoch 8 with accuracy: 0.8220
[Epoch 9] Training Loss: 0.1442
Accuracy: 81.3559%, F1 Score: 0.7820

Detailed Report:
               precision    recall  f1-score   support

           0       0.65      0.93      0.76        14
           1       0.81      0.90      0.85        39
           2       0.67      0.67      0.67         3
           3       1.00      0.67      0.80        15
           4       0.83      0.68      0.75        22
           5       0.88      0.84      0.86        25

    accuracy                           0.81       118
   macro avg       0.81      0.78      0.78       118
weighted avg       0.83      0.81      0.81       118

[Epoch 9] Validation Accuracy: 0.8136
[Epoch 10] Training Loss: 0.1525
Accuracy: 78.8136%, F1 Score: 0.7659

Detailed Report:
               precision    recall  f1-score   support

           0       0.85      0.79      0.81        14
           1       0.82      0.85      0.84        39
           2       0.67      0.67      0.67         3
           3       0.75      0.80      0.77        15
           4       0.76      0.73      0.74        22
           5       0.76      0.76      0.76        25

    accuracy                           0.79       118
   macro avg       0.77      0.76      0.77       118
weighted avg       0.79      0.79      0.79       118

[Epoch 10] Validation Accuracy: 0.7881
[Epoch 11] Training Loss: 0.0890
Accuracy: 78.8136%, F1 Score: 0.7626

Detailed Report:
               precision    recall  f1-score   support

           0       0.75      0.86      0.80        14
           1       0.82      0.85      0.84        39
           2       0.67      0.67      0.67         3
           3       0.71      0.80      0.75        15
           4       0.79      0.68      0.73        22
           5       0.83      0.76      0.79        25

    accuracy                           0.79       118
   macro avg       0.76      0.77      0.76       118
weighted avg       0.79      0.79      0.79       118

[Epoch 11] Validation Accuracy: 0.7881
[Epoch 12] Training Loss: 0.0906
Accuracy: 77.9661%, F1 Score: 0.7524

Detailed Report:
               precision    recall  f1-score   support

           0       0.85      0.79      0.81        14
           1       0.78      0.90      0.83        39
           2       0.67      0.67      0.67         3
           3       0.83      0.67      0.74        15
           4       0.76      0.59      0.67        22
           5       0.75      0.84      0.79        25

    accuracy                           0.78       118
   macro avg       0.77      0.74      0.75       118
weighted avg       0.78      0.78      0.78       118

[Epoch 12] Validation Accuracy: 0.7797
[Epoch 13] Training Loss: 0.0939
Accuracy: 80.5085%, F1 Score: 0.7469

Detailed Report:
               precision    recall  f1-score   support

           0       0.86      0.86      0.86        14
           1       0.80      0.82      0.81        39
           2       0.50      0.33      0.40         3
           3       0.76      0.87      0.81        15
           4       0.80      0.73      0.76        22
           5       0.84      0.84      0.84        25

    accuracy                           0.81       118
   macro avg       0.76      0.74      0.75       118
weighted avg       0.80      0.81      0.80       118

[Epoch 13] Validation Accuracy: 0.8051
Early stopping at epoch 13

----- Starting Evaluation on Test Set -----

Accuracy: 73.9865%, F1 Score: 0.7215

Detailed Report:
               precision    recall  f1-score   support

           0       0.74      0.72      0.73        36
           1       0.79      0.88      0.83        96
           2       1.00      0.56      0.71         9
           3       0.62      0.78      0.69        36
           4       0.71      0.70      0.70        56
           5       0.76      0.59      0.66        63

    accuracy                           0.74       296
   macro avg       0.77      0.70      0.72       296
weighted avg       0.75      0.74      0.74       296


游대 Run 3/5
[Split] Train size: 1062, Test size: 118
[Finetune mode] : finetune mode is 2
[Epoch 1] Training Loss: 1.4273
Accuracy: 50.0000%, F1 Score: 0.2786

Detailed Report:
               precision    recall  f1-score   support

           0       0.00      0.00      0.00        14
           1       0.65      0.87      0.75        39
           2       0.00      0.00      0.00         3
           3       0.00      0.00      0.00        15
           4       0.69      0.41      0.51        22
           5       0.30      0.64      0.41        25

    accuracy                           0.50       118
   macro avg       0.27      0.32      0.28       118
weighted avg       0.41      0.50      0.43       118

[Epoch 1] Validation Accuracy: 0.5000
Best model saved at epoch 1 with accuracy: 0.5000
[Epoch 2] Training Loss: 1.1557
Accuracy: 61.0169%, F1 Score: 0.4222

Detailed Report:
               precision    recall  f1-score   support

           0       0.54      0.50      0.52        14
           1       0.72      0.85      0.78        39
           2       0.00      0.00      0.00         3
           3       0.00      0.00      0.00        15
           4       0.62      0.68      0.65        22
           5       0.52      0.68      0.59        25

    accuracy                           0.61       118
   macro avg       0.40      0.45      0.42       118
weighted avg       0.53      0.61      0.56       118

[Epoch 2] Validation Accuracy: 0.6102
Best model saved at epoch 2 with accuracy: 0.6102
[Epoch 3] Training Loss: 0.9195
Accuracy: 60.1695%, F1 Score: 0.4616

Detailed Report:
               precision    recall  f1-score   support

           0       0.57      0.57      0.57        14
           1       0.60      0.85      0.70        39
           2       0.00      0.00      0.00         3
           3       0.33      0.20      0.25        15
           4       0.72      0.59      0.65        22
           5       0.64      0.56      0.60        25

    accuracy                           0.60       118
   macro avg       0.48      0.46      0.46       118
weighted avg       0.58      0.60      0.58       118

[Epoch 3] Validation Accuracy: 0.6017
Best model saved at epoch 3 with accuracy: 0.6017
[Epoch 4] Training Loss: 0.7023
Accuracy: 65.2542%, F1 Score: 0.5254

Detailed Report:
               precision    recall  f1-score   support

           0       0.43      0.64      0.51        14
           1       0.72      0.79      0.76        39
           2       0.00      0.00      0.00         3
           3       0.47      0.53      0.50        15
           4       0.78      0.64      0.70        22
           5       0.79      0.60      0.68        25

    accuracy                           0.65       118
   macro avg       0.53      0.53      0.53       118
weighted avg       0.66      0.65      0.65       118

[Epoch 4] Validation Accuracy: 0.6525
Best model saved at epoch 4 with accuracy: 0.6525
[Epoch 5] Training Loss: 0.4966
Accuracy: 69.4915%, F1 Score: 0.5506

Detailed Report:
               precision    recall  f1-score   support

           0       0.44      0.57      0.50        14
           1       0.80      0.82      0.81        39
           2       0.00      0.00      0.00         3
           3       0.67      0.53      0.59        15
           4       0.92      0.50      0.65        22
           5       0.64      0.92      0.75        25

    accuracy                           0.69       118
   macro avg       0.58      0.56      0.55       118
weighted avg       0.71      0.69      0.68       118

[Epoch 5] Validation Accuracy: 0.6949
Best model saved at epoch 5 with accuracy: 0.6949
[Epoch 6] Training Loss: 0.4192
Accuracy: 71.1864%, F1 Score: 0.5761

Detailed Report:
               precision    recall  f1-score   support

           0       0.56      0.71      0.62        14
           1       0.81      0.77      0.79        39
           2       0.00      0.00      0.00         3
           3       0.57      0.53      0.55        15
           4       0.65      0.68      0.67        22
           5       0.81      0.84      0.82        25

    accuracy                           0.71       118
   macro avg       0.57      0.59      0.58       118
weighted avg       0.70      0.71      0.70       118

[Epoch 6] Validation Accuracy: 0.7119
Best model saved at epoch 6 with accuracy: 0.7119
[Epoch 7] Training Loss: 0.2683
Accuracy: 72.0339%, F1 Score: 0.6672

Detailed Report:
               precision    recall  f1-score   support

           0       0.60      0.64      0.62        14
           1       0.76      0.79      0.78        39
           2       1.00      0.33      0.50         3
           3       0.64      0.60      0.62        15
           4       0.70      0.73      0.71        22
           5       0.79      0.76      0.78        25

    accuracy                           0.72       118
   macro avg       0.75      0.64      0.67       118
weighted avg       0.73      0.72      0.72       118

[Epoch 7] Validation Accuracy: 0.7203
Best model saved at epoch 7 with accuracy: 0.7203
[Epoch 8] Training Loss: 0.1971
Accuracy: 76.2712%, F1 Score: 0.7578

Detailed Report:
               precision    recall  f1-score   support

           0       0.71      0.71      0.71        14
           1       0.83      0.77      0.80        39
           2       1.00      0.67      0.80         3
           3       0.57      0.87      0.68        15
           4       0.79      0.68      0.73        22
           5       0.83      0.80      0.82        25

    accuracy                           0.76       118
   macro avg       0.79      0.75      0.76       118
weighted avg       0.78      0.76      0.77       118

[Epoch 8] Validation Accuracy: 0.7627
Best model saved at epoch 8 with accuracy: 0.7627
[Epoch 9] Training Loss: 0.1279
Accuracy: 73.7288%, F1 Score: 0.7243

Detailed Report:
               precision    recall  f1-score   support

           0       0.75      0.86      0.80        14
           1       0.81      0.77      0.79        39
           2       0.60      1.00      0.75         3
           3       0.53      0.53      0.53        15
           4       0.71      0.68      0.70        22
           5       0.79      0.76      0.78        25

    accuracy                           0.74       118
   macro avg       0.70      0.77      0.72       118
weighted avg       0.74      0.74      0.74       118

[Epoch 9] Validation Accuracy: 0.7373
[Epoch 10] Training Loss: 0.1101
Accuracy: 73.7288%, F1 Score: 0.7110

Detailed Report:
               precision    recall  f1-score   support

           0       0.67      0.86      0.75        14
           1       0.80      0.82      0.81        39
           2       0.50      1.00      0.67         3
           3       0.60      0.60      0.60        15
           4       0.78      0.64      0.70        22
           5       0.81      0.68      0.74        25

    accuracy                           0.74       118
   macro avg       0.69      0.77      0.71       118
weighted avg       0.75      0.74      0.74       118

[Epoch 10] Validation Accuracy: 0.7373
[Epoch 11] Training Loss: 0.1064
Accuracy: 68.6441%, F1 Score: 0.6881

Detailed Report:
               precision    recall  f1-score   support

           0       0.69      0.79      0.73        14
           1       0.72      0.85      0.78        39
           2       0.75      1.00      0.86         3
           3       0.47      0.53      0.50        15
           4       0.71      0.68      0.70        22
           5       0.79      0.44      0.56        25

    accuracy                           0.69       118
   macro avg       0.69      0.71      0.69       118
weighted avg       0.70      0.69      0.68       118

[Epoch 11] Validation Accuracy: 0.6864
[Epoch 12] Training Loss: 0.0998
Accuracy: 73.7288%, F1 Score: 0.7515

Detailed Report:
               precision    recall  f1-score   support

           0       1.00      0.79      0.88        14
           1       0.69      0.87      0.77        39
           2       0.75      1.00      0.86         3
           3       0.64      0.60      0.62        15
           4       0.67      0.73      0.70        22
           5       0.88      0.56      0.68        25

    accuracy                           0.74       118
   macro avg       0.77      0.76      0.75       118
weighted avg       0.76      0.74      0.73       118

[Epoch 12] Validation Accuracy: 0.7373
[Epoch 13] Training Loss: 0.0753
Accuracy: 74.5763%, F1 Score: 0.7133

Detailed Report:
               precision    recall  f1-score   support

           0       0.86      0.86      0.86        14
           1       0.82      0.82      0.82        39
           2       0.50      1.00      0.67         3
           3       0.60      0.40      0.48        15
           4       0.67      0.73      0.70        22
           5       0.76      0.76      0.76        25

    accuracy                           0.75       118
   macro avg       0.70      0.76      0.71       118
weighted avg       0.75      0.75      0.74       118

[Epoch 13] Validation Accuracy: 0.7458
Early stopping at epoch 13

----- Starting Evaluation on Test Set -----

Accuracy: 68.5811%, F1 Score: 0.6512

Detailed Report:
               precision    recall  f1-score   support

           0       0.69      0.56      0.62        36
           1       0.81      0.81      0.81        96
           2       1.00      0.44      0.62         9
           3       0.45      0.78      0.57        36
           4       0.74      0.52      0.61        56
           5       0.67      0.70      0.68        63

    accuracy                           0.69       296
   macro avg       0.73      0.63      0.65       296
weighted avg       0.72      0.69      0.69       296


游대 Run 4/5
[Split] Train size: 1062, Test size: 118
[Finetune mode] : finetune mode is 2
[Epoch 1] Training Loss: 1.4785
Accuracy: 55.0847%, F1 Score: 0.4216

Detailed Report:
               precision    recall  f1-score   support

           0       0.64      0.50      0.56        14
           1       0.65      0.87      0.75        39
           2       0.00      0.00      0.00         3
           3       0.35      0.40      0.38        15
           4       0.64      0.32      0.42        22
           5       0.41      0.44      0.42        25

    accuracy                           0.55       118
   macro avg       0.45      0.42      0.42       118
weighted avg       0.54      0.55      0.53       118

[Epoch 1] Validation Accuracy: 0.5508
Best model saved at epoch 1 with accuracy: 0.5508
[Epoch 2] Training Loss: 1.1648
Accuracy: 57.6271%, F1 Score: 0.4509

Detailed Report:
               precision    recall  f1-score   support

           0       0.64      0.50      0.56        14
           1       0.69      0.85      0.76        39
           2       0.00      0.00      0.00         3
           3       0.41      0.47      0.44        15
           4       0.56      0.45      0.50        22
           5       0.46      0.44      0.45        25

    accuracy                           0.58       118
   macro avg       0.46      0.45      0.45       118
weighted avg       0.56      0.58      0.56       118

[Epoch 2] Validation Accuracy: 0.5763
Best model saved at epoch 2 with accuracy: 0.5763
[Epoch 3] Training Loss: 0.9499
Accuracy: 68.6441%, F1 Score: 0.5538

Detailed Report:
               precision    recall  f1-score   support

           0       0.52      0.93      0.67        14
           1       0.76      0.87      0.81        39
           2       0.00      0.00      0.00         3
           3       0.67      0.53      0.59        15
           4       0.75      0.55      0.63        22
           5       0.70      0.56      0.62        25

    accuracy                           0.69       118
   macro avg       0.57      0.57      0.55       118
weighted avg       0.68      0.69      0.67       118

[Epoch 3] Validation Accuracy: 0.6864
Best model saved at epoch 3 with accuracy: 0.6864
[Epoch 4] Training Loss: 0.8098
Accuracy: 71.1864%, F1 Score: 0.5996

Detailed Report:
               precision    recall  f1-score   support

           0       0.54      0.93      0.68        14
           1       0.84      0.69      0.76        39
           2       0.00      0.00      0.00         3
           3       0.76      0.87      0.81        15
           4       0.68      0.59      0.63        22
           5       0.69      0.72      0.71        25

    accuracy                           0.71       118
   macro avg       0.59      0.63      0.60       118
weighted avg       0.71      0.71      0.70       118

[Epoch 4] Validation Accuracy: 0.7119
Best model saved at epoch 4 with accuracy: 0.7119
[Epoch 5] Training Loss: 0.6192
Accuracy: 71.1864%, F1 Score: 0.5871

Detailed Report:
               precision    recall  f1-score   support

           0       0.71      0.86      0.77        14
           1       0.76      0.79      0.78        39
           2       0.00      0.00      0.00         3
           3       0.58      0.73      0.65        15
           4       0.77      0.45      0.57        22
           5       0.71      0.80      0.75        25

    accuracy                           0.71       118
   macro avg       0.59      0.61      0.59       118
weighted avg       0.70      0.71      0.70       118

[Epoch 5] Validation Accuracy: 0.7119
[Epoch 6] Training Loss: 0.4402
Accuracy: 71.1864%, F1 Score: 0.5969

Detailed Report:
               precision    recall  f1-score   support

           0       0.75      0.86      0.80        14
           1       0.90      0.69      0.78        39
           2       0.00      0.00      0.00         3
           3       0.63      0.80      0.71        15
           4       0.73      0.50      0.59        22
           5       0.58      0.88      0.70        25

    accuracy                           0.71       118
   macro avg       0.60      0.62      0.60       118
weighted avg       0.73      0.71      0.70       118

[Epoch 6] Validation Accuracy: 0.7119
[Epoch 7] Training Loss: 0.3004
Accuracy: 73.7288%, F1 Score: 0.6756

Detailed Report:
               precision    recall  f1-score   support

           0       0.65      0.93      0.76        14
           1       0.77      0.77      0.77        39
           2       0.50      0.33      0.40         3
           3       0.75      0.80      0.77        15
           4       0.82      0.41      0.55        22
           5       0.73      0.88      0.80        25

    accuracy                           0.74       118
   macro avg       0.70      0.69      0.68       118
weighted avg       0.75      0.74      0.72       118

[Epoch 7] Validation Accuracy: 0.7373
Best model saved at epoch 7 with accuracy: 0.7373
[Epoch 8] Training Loss: 0.2097
Accuracy: 80.5085%, F1 Score: 0.7848

Detailed Report:
               precision    recall  f1-score   support

           0       0.76      0.93      0.84        14
           1       0.81      0.77      0.79        39
           2       0.67      0.67      0.67         3
           3       0.73      0.73      0.73        15
           4       0.90      0.82      0.86        22
           5       0.81      0.84      0.82        25

    accuracy                           0.81       118
   macro avg       0.78      0.79      0.78       118
weighted avg       0.81      0.81      0.80       118

[Epoch 8] Validation Accuracy: 0.8051
Best model saved at epoch 8 with accuracy: 0.8051
[Epoch 9] Training Loss: 0.1449
Accuracy: 77.1186%, F1 Score: 0.7441

Detailed Report:
               precision    recall  f1-score   support

           0       0.87      0.93      0.90        14
           1       0.88      0.77      0.82        39
           2       0.50      0.67      0.57         3
           3       0.76      0.87      0.81        15
           4       0.85      0.50      0.63        22
           5       0.63      0.88      0.73        25

    accuracy                           0.77       118
   macro avg       0.75      0.77      0.74       118
weighted avg       0.80      0.77      0.77       118

[Epoch 9] Validation Accuracy: 0.7712
[Epoch 10] Training Loss: 0.1297
Accuracy: 72.8814%, F1 Score: 0.7223

Detailed Report:
               precision    recall  f1-score   support

           0       0.86      0.86      0.86        14
           1       0.67      0.85      0.75        39
           2       0.67      0.67      0.67         3
           3       0.80      0.80      0.80        15
           4       1.00      0.41      0.58        22
           5       0.64      0.72      0.68        25

    accuracy                           0.73       118
   macro avg       0.77      0.72      0.72       118
weighted avg       0.77      0.73      0.72       118

[Epoch 10] Validation Accuracy: 0.7288
[Epoch 11] Training Loss: 0.1197
Accuracy: 74.5763%, F1 Score: 0.7262

Detailed Report:
               precision    recall  f1-score   support

           0       0.79      0.79      0.79        14
           1       0.79      0.79      0.79        39
           2       0.67      0.67      0.67         3
           3       0.82      0.60      0.69        15
           4       0.81      0.59      0.68        22
           5       0.63      0.88      0.73        25

    accuracy                           0.75       118
   macro avg       0.75      0.72      0.73       118
weighted avg       0.76      0.75      0.74       118

[Epoch 11] Validation Accuracy: 0.7458
[Epoch 12] Training Loss: 0.1097
Accuracy: 72.0339%, F1 Score: 0.7038

Detailed Report:
               precision    recall  f1-score   support

           0       0.92      0.79      0.85        14
           1       0.87      0.67      0.75        39
           2       0.50      0.67      0.57         3
           3       0.77      0.67      0.71        15
           4       0.75      0.55      0.63        22
           5       0.56      0.96      0.71        25

    accuracy                           0.72       118
   macro avg       0.73      0.72      0.70       118
weighted avg       0.76      0.72      0.72       118

[Epoch 12] Validation Accuracy: 0.7203
[Epoch 13] Training Loss: 0.0818
Accuracy: 77.9661%, F1 Score: 0.7596

Detailed Report:
               precision    recall  f1-score   support

           0       0.85      0.79      0.81        14
           1       0.83      0.77      0.80        39
           2       0.67      0.67      0.67         3
           3       0.69      0.73      0.71        15
           4       0.84      0.73      0.78        22
           5       0.71      0.88      0.79        25

    accuracy                           0.78       118
   macro avg       0.76      0.76      0.76       118
weighted avg       0.79      0.78      0.78       118

[Epoch 13] Validation Accuracy: 0.7797
Early stopping at epoch 13

----- Starting Evaluation on Test Set -----

Accuracy: 69.2568%, F1 Score: 0.6781

Detailed Report:
               precision    recall  f1-score   support

           0       0.69      0.56      0.62        36
           1       0.76      0.82      0.79        96
           2       0.70      0.78      0.74         9
           3       0.58      0.69      0.63        36
           4       0.59      0.70      0.64        56
           5       0.80      0.56      0.65        63

    accuracy                           0.69       296
   macro avg       0.69      0.68      0.68       296
weighted avg       0.70      0.69      0.69       296


游대 Run 5/5
[Split] Train size: 1062, Test size: 118
[Finetune mode] : finetune mode is 2
[Epoch 1] Training Loss: 1.5472
Accuracy: 55.0847%, F1 Score: 0.3459

Detailed Report:
               precision    recall  f1-score   support

           0       0.00      0.00      0.00        14
           1       0.67      0.90      0.77        39
           2       0.00      0.00      0.00         3
           3       0.62      0.33      0.43        15
           4       0.71      0.23      0.34        22
           5       0.39      0.80      0.53        25

    accuracy                           0.55       118
   macro avg       0.40      0.38      0.35       118
weighted avg       0.52      0.55      0.49       118

[Epoch 1] Validation Accuracy: 0.5508
Best model saved at epoch 1 with accuracy: 0.5508
[Epoch 2] Training Loss: 1.1660
Accuracy: 59.3220%, F1 Score: 0.4011

Detailed Report:
               precision    recall  f1-score   support

           0       0.00      0.00      0.00        14
           1       0.72      0.85      0.78        39
           2       0.00      0.00      0.00         3
           3       0.33      0.53      0.41        15
           4       0.52      0.59      0.55        22
           5       0.70      0.64      0.67        25

    accuracy                           0.59       118
   macro avg       0.38      0.44      0.40       118
weighted avg       0.52      0.59      0.55       118

[Epoch 2] Validation Accuracy: 0.5932
Best model saved at epoch 2 with accuracy: 0.5932
[Epoch 3] Training Loss: 0.9404
Accuracy: 68.6441%, F1 Score: 0.5058

Detailed Report:
               precision    recall  f1-score   support

           0       0.50      0.14      0.22        14
           1       0.72      0.92      0.81        39
           2       0.00      0.00      0.00         3
           3       0.60      0.60      0.60        15
           4       0.76      0.59      0.67        22
           5       0.66      0.84      0.74        25

    accuracy                           0.69       118
   macro avg       0.54      0.52      0.51       118
weighted avg       0.66      0.69      0.65       118

[Epoch 3] Validation Accuracy: 0.6864
Best model saved at epoch 3 with accuracy: 0.6864
[Epoch 4] Training Loss: 0.6819
Accuracy: 69.4915%, F1 Score: 0.5627

Detailed Report:
               precision    recall  f1-score   support

           0       0.46      0.43      0.44        14
           1       0.64      0.87      0.74        39
           2       0.00      0.00      0.00         3
           3       0.77      0.67      0.71        15
           4       0.87      0.59      0.70        22
           5       0.79      0.76      0.78        25

    accuracy                           0.69       118
   macro avg       0.59      0.55      0.56       118
weighted avg       0.69      0.69      0.68       118

[Epoch 4] Validation Accuracy: 0.6949
Best model saved at epoch 4 with accuracy: 0.6949
[Epoch 5] Training Loss: 0.5716
Accuracy: 71.1864%, F1 Score: 0.6894

Detailed Report:
               precision    recall  f1-score   support

           0       0.50      0.36      0.42        14
           1       0.66      0.90      0.76        39
           2       1.00      0.67      0.80         3
           3       0.77      0.67      0.71        15
           4       1.00      0.50      0.67        22
           5       0.72      0.84      0.78        25

    accuracy                           0.71       118
   macro avg       0.78      0.65      0.69       118
weighted avg       0.74      0.71      0.70       118

[Epoch 5] Validation Accuracy: 0.7119
Best model saved at epoch 5 with accuracy: 0.7119
[Epoch 6] Training Loss: 0.4118
Accuracy: 72.8814%, F1 Score: 0.6809

Detailed Report:
               precision    recall  f1-score   support

           0       0.56      0.64      0.60        14
           1       0.72      0.79      0.76        39
           2       1.00      0.33      0.50         3
           3       0.75      0.80      0.77        15
           4       0.75      0.55      0.63        22
           5       0.81      0.84      0.82        25

    accuracy                           0.73       118
   macro avg       0.77      0.66      0.68       118
weighted avg       0.74      0.73      0.72       118

[Epoch 6] Validation Accuracy: 0.7288
[Epoch 7] Training Loss: 0.2825
Accuracy: 75.4237%, F1 Score: 0.7502

Detailed Report:
               precision    recall  f1-score   support

           0       0.60      0.64      0.62        14
           1       0.74      0.82      0.78        39
           2       1.00      0.67      0.80         3
           3       0.80      0.80      0.80        15
           4       0.70      0.64      0.67        22
           5       0.87      0.80      0.83        25

    accuracy                           0.75       118
   macro avg       0.79      0.73      0.75       118
weighted avg       0.76      0.75      0.75       118

[Epoch 7] Validation Accuracy: 0.7542
Best model saved at epoch 7 with accuracy: 0.7542
[Epoch 8] Training Loss: 0.1887
Accuracy: 75.4237%, F1 Score: 0.7410

Detailed Report:
               precision    recall  f1-score   support

           0       0.60      0.64      0.62        14
           1       0.77      0.85      0.80        39
           2       1.00      0.67      0.80         3
           3       0.79      0.73      0.76        15
           4       0.71      0.55      0.62        22
           5       0.81      0.88      0.85        25

    accuracy                           0.75       118
   macro avg       0.78      0.72      0.74       118
weighted avg       0.75      0.75      0.75       118

[Epoch 8] Validation Accuracy: 0.7542
[Epoch 9] Training Loss: 0.1471
Accuracy: 74.5763%, F1 Score: 0.7175

Detailed Report:
               precision    recall  f1-score   support

           0       0.56      0.64      0.60        14
           1       0.75      0.85      0.80        39
           2       0.67      0.67      0.67         3
           3       0.92      0.80      0.86        15
           4       0.77      0.45      0.57        22
           5       0.76      0.88      0.81        25

    accuracy                           0.75       118
   macro avg       0.74      0.72      0.72       118
weighted avg       0.75      0.75      0.74       118

[Epoch 9] Validation Accuracy: 0.7458
[Epoch 10] Training Loss: 0.1229
Accuracy: 72.0339%, F1 Score: 0.6988

Detailed Report:
               precision    recall  f1-score   support

           0       0.56      0.36      0.43        14
           1       0.69      0.87      0.77        39
           2       1.00      0.67      0.80         3
           3       0.79      0.73      0.76        15
           4       0.80      0.55      0.65        22
           5       0.72      0.84      0.78        25

    accuracy                           0.72       118
   macro avg       0.76      0.67      0.70       118
weighted avg       0.72      0.72      0.71       118

[Epoch 10] Validation Accuracy: 0.7203
[Epoch 11] Training Loss: 0.0777
Accuracy: 72.8814%, F1 Score: 0.7550

Detailed Report:
               precision    recall  f1-score   support

           0       0.57      0.57      0.57        14
           1       0.67      0.79      0.73        39
           2       1.00      1.00      1.00         3
           3       0.67      0.80      0.73        15
           4       0.92      0.55      0.69        22
           5       0.83      0.80      0.82        25

    accuracy                           0.73       118
   macro avg       0.78      0.75      0.76       118
weighted avg       0.75      0.73      0.73       118

[Epoch 11] Validation Accuracy: 0.7288
Best model saved at epoch 11 with accuracy: 0.7288
[Epoch 12] Training Loss: 0.0625
Accuracy: 72.8814%, F1 Score: 0.6701

Detailed Report:
               precision    recall  f1-score   support

           0       0.50      0.43      0.46        14
           1       0.70      0.85      0.77        39
           2       1.00      0.33      0.50         3
           3       0.80      0.80      0.80        15
           4       0.81      0.59      0.68        22
           5       0.78      0.84      0.81        25

    accuracy                           0.73       118
   macro avg       0.77      0.64      0.67       118
weighted avg       0.73      0.73      0.72       118

[Epoch 12] Validation Accuracy: 0.7288
[Epoch 13] Training Loss: 0.0830
Accuracy: 70.3390%, F1 Score: 0.6449

Detailed Report:
               precision    recall  f1-score   support

           0       0.43      0.43      0.43        14
           1       0.70      0.82      0.75        39
           2       1.00      0.33      0.50         3
           3       0.77      0.67      0.71        15
           4       0.72      0.59      0.65        22
           5       0.81      0.84      0.82        25

    accuracy                           0.70       118
   macro avg       0.74      0.61      0.64       118
weighted avg       0.71      0.70      0.70       118

[Epoch 13] Validation Accuracy: 0.7034
[Epoch 14] Training Loss: 0.0955
Accuracy: 72.8814%, F1 Score: 0.7018

Detailed Report:
               precision    recall  f1-score   support

           0       0.60      0.43      0.50        14
           1       0.73      0.92      0.82        39
           2       1.00      0.67      0.80         3
           3       0.83      0.67      0.74        15
           4       0.91      0.45      0.61        22
           5       0.65      0.88      0.75        25

    accuracy                           0.73       118
   macro avg       0.79      0.67      0.70       118
weighted avg       0.75      0.73      0.72       118

[Epoch 14] Validation Accuracy: 0.7288
[Epoch 15] Training Loss: 0.1110
Accuracy: 69.4915%, F1 Score: 0.6826

Detailed Report:
               precision    recall  f1-score   support

           0       0.53      0.57      0.55        14
           1       0.70      0.82      0.75        39
           2       0.75      1.00      0.86         3
           3       0.67      0.80      0.73        15
           4       1.00      0.27      0.43        22
           5       0.72      0.84      0.78        25

    accuracy                           0.69       118
   macro avg       0.73      0.72      0.68       118
weighted avg       0.74      0.69      0.67       118

[Epoch 15] Validation Accuracy: 0.6949
[Epoch 16] Training Loss: 0.0826
Accuracy: 73.7288%, F1 Score: 0.7254

Detailed Report:
               precision    recall  f1-score   support

           0       0.62      0.57      0.59        14
           1       0.78      0.82      0.80        39
           2       1.00      0.67      0.80         3
           3       0.73      0.73      0.73        15
           4       0.65      0.59      0.62        22
           5       0.78      0.84      0.81        25

    accuracy                           0.74       118
   macro avg       0.76      0.70      0.73       118
weighted avg       0.74      0.74      0.73       118

[Epoch 16] Validation Accuracy: 0.7373
Early stopping at epoch 16

----- Starting Evaluation on Test Set -----

Accuracy: 69.5946%, F1 Score: 0.6774

Detailed Report:
               precision    recall  f1-score   support

           0       0.67      0.72      0.69        36
           1       0.74      0.88      0.80        96
           2       0.75      0.67      0.71         9
           3       0.56      0.78      0.65        36
           4       0.71      0.54      0.61        56
           5       0.73      0.51      0.60        63

    accuracy                           0.70       296
   macro avg       0.69      0.68      0.68       296
weighted avg       0.70      0.70      0.69       296


Final Test Accuracy over 5 runs: 0.7088 췀 0.0217
Final Test F1 Score over 5 runs: 0.6802 췀 0.0228
