2025-04-10 02:42:33.980718: I tensorflow/core/platform/cpu_feature_guard.cc:193] This TensorFlow binary is optimized with oneAPI Deep Neural Network Library (oneDNN) to use the following CPU instructions in performance-critical operations:  SSE4.1 SSE4.2 AVX AVX2 AVX512F AVX512_VNNI FMA
To enable them in other operations, rebuild TensorFlow with the appropriate compiler flags.
2025-04-10 02:42:35.814478: I tensorflow/core/util/port.cc:104] oneDNN custom operations are on. You may see slightly different numerical results due to floating-point round-off errors from different computation orders. To turn them off, set the environment variable `TF_ENABLE_ONEDNN_OPTS=0`.
[Main] Loading and processing WASSA 2021 dataset...
[Main] Preprocessing Dataset.
Loading TSV from: data/WASSA2021/wassa_2021.tsv
Original dataset shape: (1860, 22)
Columns in dataset: ['message_id', 'response_id', 'empathy', 'distress', 'empathy_bin', 'distress_bin', 'emotion_label', 'essay', 'gender', 'education', 'race', 'age', 'income', 'personality_conscientiousness', 'personality_openess', 'personality_extraversion', 'personality_agreeableness', 'personality_stability', 'iri_perspective_taking', 'iri_personal_distress', 'iri_fantasy', 'iri_empathatic_concern']
Labels tensor shape: torch.Size([1477])
Unique label mapping: {'anger': 0, 'sadness': 1, 'disgust': 2, 'fear': 3, 'joy': 4, 'surprise': 5}
WASSA 2021 dataset loaded: 1477 samples
[Main] Splitting dataset into train and test...
[Split] Train size: 1180, Test size: 296
[Main] Saving datasets to disk...
[Main] Done.
2025-04-10 02:43:12.949788: I tensorflow/core/platform/cpu_feature_guard.cc:193] This TensorFlow binary is optimized with oneAPI Deep Neural Network Library (oneDNN) to use the following CPU instructions in performance-critical operations:  SSE4.1 SSE4.2 AVX AVX2 AVX512F AVX512_VNNI FMA
To enable them in other operations, rebuild TensorFlow with the appropriate compiler flags.
2025-04-10 02:43:13.053847: I tensorflow/core/util/port.cc:104] oneDNN custom operations are on. You may see slightly different numerical results due to floating-point round-off errors from different computation orders. To turn them off, set the environment variable `TF_ENABLE_ONEDNN_OPTS=0`.

 游游 Model Configuration : {'name': 'bilstm_bert', 'bert_model_name': 'bert-large-uncased', 'hidden_dim': 256, 'dropout_rate': 0.3, 'lstm_layers': 1, 'num_epochs': 30, 'learning_rate': 6e-05, 'finetune_learning_rate': 6e-05, 'batch_size': 1024, 'finetune_batch_size': 32, 'device': device(type='cuda'), 'model_save_path': 'results/bilstm_bert/bilstm_bert.pt', 'isear_finetune_save_path': 'results/bilstm_bert/isear_finetune_bilstm_bert.pt', 'wassa21_finetune_save_path': 'results/bilstm_bert/wassa21_finetune_bilstm_bert.pt'}, Finetune Mode : 1, Dataset :  WASSA

游대 Run 1/5
[Split] Train size: 1062, Test size: 118
[Finetune mode] : finetune mode is 1
[Epoch 1] Training Loss: 1.6950
Accuracy: 44.9153%, F1 Score: 0.2619

Detailed Report:
               precision    recall  f1-score   support

           0       0.50      0.21      0.30        14
           1       0.40      0.97      0.57        39
           2       0.00      0.00      0.00         3
           3       0.00      0.00      0.00        15
           4       0.75      0.14      0.23        22
           5       0.69      0.36      0.47        25

    accuracy                           0.45       118
   macro avg       0.39      0.28      0.26       118
weighted avg       0.48      0.45      0.37       118

[Epoch 1] Validation Accuracy: 0.4492
Best model saved at epoch 1 with accuracy: 0.4492
[Epoch 2] Training Loss: 1.4791
Accuracy: 44.9153%, F1 Score: 0.2569

Detailed Report:
               precision    recall  f1-score   support

           0       0.60      0.21      0.32        14
           1       0.42      0.92      0.58        39
           2       0.00      0.00      0.00         3
           3       0.00      0.00      0.00        15
           4       0.67      0.09      0.16        22
           5       0.50      0.48      0.49        25

    accuracy                           0.45       118
   macro avg       0.36      0.28      0.26       118
weighted avg       0.44      0.45      0.36       118

[Epoch 2] Validation Accuracy: 0.4492
[Epoch 3] Training Loss: 1.4164
Accuracy: 47.4576%, F1 Score: 0.2883

Detailed Report:
               precision    recall  f1-score   support

           0       0.50      0.21      0.30        14
           1       0.45      0.92      0.61        39
           2       0.00      0.00      0.00         3
           3       0.00      0.00      0.00        15
           4       0.71      0.23      0.34        22
           5       0.48      0.48      0.48        25

    accuracy                           0.47       118
   macro avg       0.36      0.31      0.29       118
weighted avg       0.44      0.47      0.40       118

[Epoch 3] Validation Accuracy: 0.4746
Best model saved at epoch 3 with accuracy: 0.4746
[Epoch 4] Training Loss: 1.3428
Accuracy: 49.1525%, F1 Score: 0.3141

Detailed Report:
               precision    recall  f1-score   support

           0       0.44      0.29      0.35        14
           1       0.47      0.90      0.62        39
           2       0.00      0.00      0.00         3
           3       0.00      0.00      0.00        15
           4       0.70      0.32      0.44        22
           5       0.48      0.48      0.48        25

    accuracy                           0.49       118
   macro avg       0.35      0.33      0.31       118
weighted avg       0.44      0.49      0.43       118

[Epoch 4] Validation Accuracy: 0.4915
Best model saved at epoch 4 with accuracy: 0.4915
[Epoch 5] Training Loss: 1.3284
Accuracy: 51.6949%, F1 Score: 0.3385

Detailed Report:
               precision    recall  f1-score   support

           0       0.40      0.29      0.33        14
           1       0.49      0.90      0.64        39
           2       0.00      0.00      0.00         3
           3       0.00      0.00      0.00        15
           4       0.77      0.45      0.57        22
           5       0.50      0.48      0.49        25

    accuracy                           0.52       118
   macro avg       0.36      0.35      0.34       118
weighted avg       0.46      0.52      0.46       118

[Epoch 5] Validation Accuracy: 0.5169
Best model saved at epoch 5 with accuracy: 0.5169
[Epoch 6] Training Loss: 1.2933
Accuracy: 53.3898%, F1 Score: 0.3550

Detailed Report:
               precision    recall  f1-score   support

           0       0.42      0.36      0.38        14
           1       0.54      0.87      0.67        39
           2       0.00      0.00      0.00         3
           3       0.00      0.00      0.00        15
           4       0.69      0.50      0.58        22
           5       0.48      0.52      0.50        25

    accuracy                           0.53       118
   macro avg       0.35      0.37      0.36       118
weighted avg       0.46      0.53      0.48       118

[Epoch 6] Validation Accuracy: 0.5339
Best model saved at epoch 6 with accuracy: 0.5339
[Epoch 7] Training Loss: 1.2856
Accuracy: 53.3898%, F1 Score: 0.3500

Detailed Report:
               precision    recall  f1-score   support

           0       0.36      0.29      0.32        14
           1       0.54      0.87      0.67        39
           2       0.00      0.00      0.00         3
           3       0.00      0.00      0.00        15
           4       0.73      0.50      0.59        22
           5       0.48      0.56      0.52        25

    accuracy                           0.53       118
   macro avg       0.35      0.37      0.35       118
weighted avg       0.46      0.53      0.48       118

[Epoch 7] Validation Accuracy: 0.5339
[Epoch 8] Training Loss: 1.2541
Accuracy: 53.3898%, F1 Score: 0.3538

Detailed Report:
               precision    recall  f1-score   support

           0       0.38      0.36      0.37        14
           1       0.55      0.87      0.67        39
           2       0.00      0.00      0.00         3
           3       0.00      0.00      0.00        15
           4       0.69      0.50      0.58        22
           5       0.48      0.52      0.50        25

    accuracy                           0.53       118
   macro avg       0.35      0.37      0.35       118
weighted avg       0.46      0.53      0.48       118

[Epoch 8] Validation Accuracy: 0.5339
[Epoch 9] Training Loss: 1.2288
Accuracy: 52.5424%, F1 Score: 0.3452

Detailed Report:
               precision    recall  f1-score   support

           0       0.36      0.36      0.36        14
           1       0.55      0.87      0.67        39
           2       0.00      0.00      0.00         3
           3       0.00      0.00      0.00        15
           4       0.67      0.45      0.54        22
           5       0.48      0.52      0.50        25

    accuracy                           0.53       118
   macro avg       0.34      0.37      0.35       118
weighted avg       0.45      0.53      0.47       118

[Epoch 9] Validation Accuracy: 0.5254
[Epoch 10] Training Loss: 1.2179
Accuracy: 53.3898%, F1 Score: 0.3514

Detailed Report:
               precision    recall  f1-score   support

           0       0.36      0.36      0.36        14
           1       0.57      0.87      0.69        39
           2       0.00      0.00      0.00         3
           3       0.00      0.00      0.00        15
           4       0.65      0.50      0.56        22
           5       0.48      0.52      0.50        25

    accuracy                           0.53       118
   macro avg       0.34      0.37      0.35       118
weighted avg       0.45      0.53      0.48       118

[Epoch 10] Validation Accuracy: 0.5339
[Epoch 11] Training Loss: 1.2170
Accuracy: 53.3898%, F1 Score: 0.3514

Detailed Report:
               precision    recall  f1-score   support

           0       0.36      0.36      0.36        14
           1       0.57      0.87      0.69        39
           2       0.00      0.00      0.00         3
           3       0.00      0.00      0.00        15
           4       0.65      0.50      0.56        22
           5       0.48      0.52      0.50        25

    accuracy                           0.53       118
   macro avg       0.34      0.37      0.35       118
weighted avg       0.45      0.53      0.48       118

[Epoch 11] Validation Accuracy: 0.5339
Early stopping at epoch 11

----- Starting Evaluation on Test Set -----

Accuracy: 55.0676%, F1 Score: 0.3634

Detailed Report:
               precision    recall  f1-score   support

           0       0.48      0.44      0.46        36
           1       0.56      0.95      0.70        96
           2       0.00      0.00      0.00         9
           3       0.00      0.00      0.00        36
           4       0.61      0.39      0.48        56
           5       0.53      0.54      0.54        63

    accuracy                           0.55       296
   macro avg       0.36      0.39      0.36       296
weighted avg       0.47      0.55      0.49       296


游대 Run 2/5
[Split] Train size: 1062, Test size: 118
[Finetune mode] : finetune mode is 1
[Epoch 1] Training Loss: 1.5735
Accuracy: 44.9153%, F1 Score: 0.2372

Detailed Report:
               precision    recall  f1-score   support

           0       0.00      0.00      0.00        14
           1       0.42      0.97      0.58        39
           2       0.00      0.00      0.00         3
           3       0.00      0.00      0.00        15
           4       1.00      0.32      0.48        22
           5       0.40      0.32      0.36        25

    accuracy                           0.45       118
   macro avg       0.30      0.27      0.24       118
weighted avg       0.41      0.45      0.36       118

[Epoch 1] Validation Accuracy: 0.4492
Best model saved at epoch 1 with accuracy: 0.4492
[Epoch 2] Training Loss: 1.4555
Accuracy: 45.7627%, F1 Score: 0.2501

Detailed Report:
               precision    recall  f1-score   support

           0       0.00      0.00      0.00        14
           1       0.42      0.95      0.58        39
           2       0.00      0.00      0.00         3
           3       0.00      0.00      0.00        15
           4       0.90      0.41      0.56        22
           5       0.40      0.32      0.36        25

    accuracy                           0.46       118
   macro avg       0.29      0.28      0.25       118
weighted avg       0.39      0.46      0.37       118

[Epoch 2] Validation Accuracy: 0.4576
Best model saved at epoch 2 with accuracy: 0.4576
[Epoch 3] Training Loss: 1.4123
Accuracy: 47.4576%, F1 Score: 0.2741

Detailed Report:
               precision    recall  f1-score   support

           0       0.50      0.07      0.12        14
           1       0.45      0.95      0.61        39
           2       0.00      0.00      0.00         3
           3       0.00      0.00      0.00        15
           4       0.80      0.36      0.50        22
           5       0.42      0.40      0.41        25

    accuracy                           0.47       118
   macro avg       0.36      0.30      0.27       118
weighted avg       0.45      0.47      0.40       118

[Epoch 3] Validation Accuracy: 0.4746
Best model saved at epoch 3 with accuracy: 0.4746
[Epoch 4] Training Loss: 1.3628
Accuracy: 51.6949%, F1 Score: 0.3510

Detailed Report:
               precision    recall  f1-score   support

           0       0.83      0.36      0.50        14
           1       0.45      0.95      0.61        39
           2       0.00      0.00      0.00         3
           3       0.00      0.00      0.00        15
           4       0.89      0.36      0.52        22
           5       0.52      0.44      0.48        25

    accuracy                           0.52       118
   macro avg       0.45      0.35      0.35       118
weighted avg       0.52      0.52      0.46       118

[Epoch 4] Validation Accuracy: 0.5169
Best model saved at epoch 4 with accuracy: 0.5169
[Epoch 5] Training Loss: 1.3178
Accuracy: 55.0847%, F1 Score: 0.3948

Detailed Report:
               precision    recall  f1-score   support

           0       0.89      0.57      0.70        14
           1       0.47      0.90      0.62        39
           2       0.00      0.00      0.00         3
           3       0.00      0.00      0.00        15
           4       0.67      0.36      0.47        22
           5       0.61      0.56      0.58        25

    accuracy                           0.55       118
   macro avg       0.44      0.40      0.39       118
weighted avg       0.52      0.55      0.50       118

[Epoch 5] Validation Accuracy: 0.5508
Best model saved at epoch 5 with accuracy: 0.5508
[Epoch 6] Training Loss: 1.2954
Accuracy: 56.7797%, F1 Score: 0.4067

Detailed Report:
               precision    recall  f1-score   support

           0       0.75      0.64      0.69        14
           1       0.50      0.90      0.64        39
           2       0.00      0.00      0.00         3
           3       0.00      0.00      0.00        15
           4       0.67      0.45      0.54        22
           5       0.62      0.52      0.57        25

    accuracy                           0.57       118
   macro avg       0.42      0.42      0.41       118
weighted avg       0.51      0.57      0.51       118

[Epoch 6] Validation Accuracy: 0.5678
Best model saved at epoch 6 with accuracy: 0.5678
[Epoch 7] Training Loss: 1.2727
Accuracy: 55.0847%, F1 Score: 0.3910

Detailed Report:
               precision    recall  f1-score   support

           0       0.69      0.64      0.67        14
           1       0.47      0.92      0.63        39
           2       0.00      0.00      0.00         3
           3       0.00      0.00      0.00        15
           4       0.75      0.41      0.53        22
           5       0.65      0.44      0.52        25

    accuracy                           0.55       118
   macro avg       0.43      0.40      0.39       118
weighted avg       0.52      0.55      0.50       118

[Epoch 7] Validation Accuracy: 0.5508
[Epoch 8] Training Loss: 1.2681
Accuracy: 55.0847%, F1 Score: 0.3901

Detailed Report:
               precision    recall  f1-score   support

           0       0.64      0.64      0.64        14
           1       0.50      0.87      0.64        39
           2       0.00      0.00      0.00         3
           3       0.00      0.00      0.00        15
           4       0.67      0.45      0.54        22
           5       0.57      0.48      0.52        25

    accuracy                           0.55       118
   macro avg       0.40      0.41      0.39       118
weighted avg       0.49      0.55      0.50       118

[Epoch 8] Validation Accuracy: 0.5508
[Epoch 9] Training Loss: 1.2193
Accuracy: 56.7797%, F1 Score: 0.4044

Detailed Report:
               precision    recall  f1-score   support

           0       0.69      0.64      0.67        14
           1       0.49      0.92      0.64        39
           2       0.00      0.00      0.00         3
           3       0.00      0.00      0.00        15
           4       0.77      0.45      0.57        22
           5       0.63      0.48      0.55        25

    accuracy                           0.57       118
   macro avg       0.43      0.42      0.40       118
weighted avg       0.52      0.57      0.51       118

[Epoch 9] Validation Accuracy: 0.5678
[Epoch 10] Training Loss: 1.2164
Accuracy: 54.2373%, F1 Score: 0.3847

Detailed Report:
               precision    recall  f1-score   support

           0       0.64      0.64      0.64        14
           1       0.50      0.85      0.63        39
           2       0.00      0.00      0.00         3
           3       0.00      0.00      0.00        15
           4       0.62      0.45      0.53        22
           5       0.55      0.48      0.51        25

    accuracy                           0.54       118
   macro avg       0.39      0.40      0.38       118
weighted avg       0.47      0.54      0.49       118

[Epoch 10] Validation Accuracy: 0.5424
[Epoch 11] Training Loss: 1.2291
Accuracy: 56.7797%, F1 Score: 0.4014

Detailed Report:
               precision    recall  f1-score   support

           0       0.64      0.64      0.64        14
           1       0.50      0.92      0.65        39
           2       0.00      0.00      0.00         3
           3       0.00      0.00      0.00        15
           4       0.77      0.45      0.57        22
           5       0.63      0.48      0.55        25

    accuracy                           0.57       118
   macro avg       0.42      0.42      0.40       118
weighted avg       0.52      0.57      0.51       118

[Epoch 11] Validation Accuracy: 0.5678
Early stopping at epoch 11

----- Starting Evaluation on Test Set -----

Accuracy: 53.7162%, F1 Score: 0.3433

Detailed Report:
               precision    recall  f1-score   support

           0       0.38      0.28      0.32        36
           1       0.55      0.95      0.70        96
           2       0.00      0.00      0.00         9
           3       0.00      0.00      0.00        36
           4       0.61      0.48      0.54        56
           5       0.51      0.49      0.50        63

    accuracy                           0.54       296
   macro avg       0.34      0.37      0.34       296
weighted avg       0.45      0.54      0.47       296


游대 Run 3/5
[Split] Train size: 1062, Test size: 118
[Finetune mode] : finetune mode is 1
[Epoch 1] Training Loss: 1.6046
Accuracy: 37.2881%, F1 Score: 0.1486

Detailed Report:
               precision    recall  f1-score   support

           0       0.00      0.00      0.00        14
           1       0.40      1.00      0.57        39
           2       0.00      0.00      0.00         3
           3       0.00      0.00      0.00        15
           4       0.60      0.14      0.22        22
           5       0.13      0.08      0.10        25

    accuracy                           0.37       118
   macro avg       0.19      0.20      0.15       118
weighted avg       0.27      0.37      0.25       118

[Epoch 1] Validation Accuracy: 0.3729
Best model saved at epoch 1 with accuracy: 0.3729
[Epoch 2] Training Loss: 1.4740
Accuracy: 39.8305%, F1 Score: 0.1801

Detailed Report:
               precision    recall  f1-score   support

           0       0.00      0.00      0.00        14
           1       0.45      0.95      0.61        39
           2       0.00      0.00      0.00         3
           3       0.00      0.00      0.00        15
           4       0.50      0.14      0.21        22
           5       0.23      0.28      0.25        25

    accuracy                           0.40       118
   macro avg       0.20      0.23      0.18       118
weighted avg       0.29      0.40      0.30       118

[Epoch 2] Validation Accuracy: 0.3983
Best model saved at epoch 2 with accuracy: 0.3983
[Epoch 3] Training Loss: 1.4211
Accuracy: 50.0000%, F1 Score: 0.3100

Detailed Report:
               precision    recall  f1-score   support

           0       0.50      0.21      0.30        14
           1       0.49      0.95      0.65        39
           2       0.00      0.00      0.00         3
           3       0.00      0.00      0.00        15
           4       0.88      0.32      0.47        22
           5       0.41      0.48      0.44        25

    accuracy                           0.50       118
   macro avg       0.38      0.33      0.31       118
weighted avg       0.47      0.50      0.43       118

[Epoch 3] Validation Accuracy: 0.5000
Best model saved at epoch 3 with accuracy: 0.5000
[Epoch 4] Training Loss: 1.3867
Accuracy: 50.8475%, F1 Score: 0.3298

Detailed Report:
               precision    recall  f1-score   support

           0       0.56      0.36      0.43        14
           1       0.49      0.95      0.64        39
           2       0.00      0.00      0.00         3
           3       0.00      0.00      0.00        15
           4       0.78      0.32      0.45        22
           5       0.46      0.44      0.45        25

    accuracy                           0.51       118
   macro avg       0.38      0.34      0.33       118
weighted avg       0.47      0.51      0.44       118

[Epoch 4] Validation Accuracy: 0.5085
Best model saved at epoch 4 with accuracy: 0.5085
[Epoch 5] Training Loss: 1.3189
Accuracy: 51.6949%, F1 Score: 0.3371

Detailed Report:
               precision    recall  f1-score   support

           0       0.45      0.36      0.40        14
           1       0.51      0.95      0.66        39
           2       0.00      0.00      0.00         3
           3       0.00      0.00      0.00        15
           4       0.82      0.41      0.55        22
           5       0.43      0.40      0.42        25

    accuracy                           0.52       118
   macro avg       0.37      0.35      0.34       118
weighted avg       0.47      0.52      0.46       118

[Epoch 5] Validation Accuracy: 0.5169
Best model saved at epoch 5 with accuracy: 0.5169
[Epoch 6] Training Loss: 1.3130
Accuracy: 52.5424%, F1 Score: 0.3509

Detailed Report:
               precision    recall  f1-score   support

           0       0.46      0.43      0.44        14
           1       0.51      0.92      0.65        39
           2       0.00      0.00      0.00         3
           3       0.00      0.00      0.00        15
           4       0.77      0.45      0.57        22
           5       0.48      0.40      0.43        25

    accuracy                           0.53       118
   macro avg       0.37      0.37      0.35       118
weighted avg       0.47      0.53      0.47       118

[Epoch 6] Validation Accuracy: 0.5254
Best model saved at epoch 6 with accuracy: 0.5254
[Epoch 7] Training Loss: 1.2599
Accuracy: 53.3898%, F1 Score: 0.3617

Detailed Report:
               precision    recall  f1-score   support

           0       0.50      0.50      0.50        14
           1       0.51      0.92      0.65        39
           2       0.00      0.00      0.00         3
           3       0.00      0.00      0.00        15
           4       0.77      0.45      0.57        22
           5       0.50      0.40      0.44        25

    accuracy                           0.53       118
   macro avg       0.38      0.38      0.36       118
weighted avg       0.48      0.53      0.48       118

[Epoch 7] Validation Accuracy: 0.5339
Best model saved at epoch 7 with accuracy: 0.5339
[Epoch 8] Training Loss: 1.2367
Accuracy: 55.0847%, F1 Score: 0.3896

Detailed Report:
               precision    recall  f1-score   support

           0       0.50      0.50      0.50        14
           1       0.53      0.92      0.67        39
           2       0.00      0.00      0.00         3
           3       1.00      0.07      0.12        15
           4       0.77      0.45      0.57        22
           5       0.50      0.44      0.47        25

    accuracy                           0.55       118
   macro avg       0.55      0.40      0.39       118
weighted avg       0.61      0.55      0.50       118

[Epoch 8] Validation Accuracy: 0.5508
Best model saved at epoch 8 with accuracy: 0.5508
[Epoch 9] Training Loss: 1.2162
Accuracy: 54.2373%, F1 Score: 0.3782

Detailed Report:
               precision    recall  f1-score   support

           0       0.46      0.43      0.44        14
           1       0.54      0.92      0.68        39
           2       0.00      0.00      0.00         3
           3       1.00      0.07      0.12        15
           4       0.77      0.45      0.57        22
           5       0.46      0.44      0.45        25

    accuracy                           0.54       118
   macro avg       0.54      0.39      0.38       118
weighted avg       0.60      0.54      0.49       118

[Epoch 9] Validation Accuracy: 0.5424
[Epoch 10] Training Loss: 1.2256
Accuracy: 50.8475%, F1 Score: 0.3388

Detailed Report:
               precision    recall  f1-score   support

           0       0.43      0.43      0.43        14
           1       0.54      0.85      0.66        39
           2       0.00      0.00      0.00         3
           3       0.00      0.00      0.00        15
           4       0.64      0.41      0.50        22
           5       0.41      0.48      0.44        25

    accuracy                           0.51       118
   macro avg       0.34      0.36      0.34       118
weighted avg       0.44      0.51      0.46       118

[Epoch 10] Validation Accuracy: 0.5085
[Epoch 11] Training Loss: 1.2065
Accuracy: 56.7797%, F1 Score: 0.4196

Detailed Report:
               precision    recall  f1-score   support

           0       0.53      0.57      0.55        14
           1       0.53      0.92      0.67        39
           2       0.00      0.00      0.00         3
           3       0.67      0.13      0.22        15
           4       0.73      0.50      0.59        22
           5       0.59      0.40      0.48        25

    accuracy                           0.57       118
   macro avg       0.51      0.42      0.42       118
weighted avg       0.58      0.57      0.53       118

[Epoch 11] Validation Accuracy: 0.5678
Best model saved at epoch 11 with accuracy: 0.5678
[Epoch 12] Training Loss: 1.2082
Accuracy: 56.7797%, F1 Score: 0.4092

Detailed Report:
               precision    recall  f1-score   support

           0       0.53      0.57      0.55        14
           1       0.54      0.90      0.67        39
           2       0.00      0.00      0.00         3
           3       1.00      0.07      0.12        15
           4       0.73      0.50      0.59        22
           5       0.55      0.48      0.51        25

    accuracy                           0.57       118
   macro avg       0.56      0.42      0.41       118
weighted avg       0.62      0.57      0.52       118

[Epoch 12] Validation Accuracy: 0.5678
[Epoch 13] Training Loss: 1.1665
Accuracy: 55.9322%, F1 Score: 0.4044

Detailed Report:
               precision    recall  f1-score   support

           0       0.53      0.57      0.55        14
           1       0.53      0.87      0.66        39
           2       0.00      0.00      0.00         3
           3       1.00      0.07      0.12        15
           4       0.69      0.50      0.58        22
           5       0.55      0.48      0.51        25

    accuracy                           0.56       118
   macro avg       0.55      0.41      0.40       118
weighted avg       0.61      0.56      0.52       118

[Epoch 13] Validation Accuracy: 0.5593
[Epoch 14] Training Loss: 1.1740
Accuracy: 55.9322%, F1 Score: 0.4040

Detailed Report:
               precision    recall  f1-score   support

           0       0.50      0.57      0.53        14
           1       0.53      0.87      0.66        39
           2       0.00      0.00      0.00         3
           3       1.00      0.07      0.12        15
           4       0.73      0.50      0.59        22
           5       0.55      0.48      0.51        25

    accuracy                           0.56       118
   macro avg       0.55      0.41      0.40       118
weighted avg       0.61      0.56      0.52       118

[Epoch 14] Validation Accuracy: 0.5593
[Epoch 15] Training Loss: 1.1876
Accuracy: 55.9322%, F1 Score: 0.4040

Detailed Report:
               precision    recall  f1-score   support

           0       0.50      0.57      0.53        14
           1       0.53      0.87      0.66        39
           2       0.00      0.00      0.00         3
           3       1.00      0.07      0.12        15
           4       0.73      0.50      0.59        22
           5       0.55      0.48      0.51        25

    accuracy                           0.56       118
   macro avg       0.55      0.41      0.40       118
weighted avg       0.61      0.56      0.52       118

[Epoch 15] Validation Accuracy: 0.5593
[Epoch 16] Training Loss: 1.1637
Accuracy: 56.7797%, F1 Score: 0.4251

Detailed Report:
               precision    recall  f1-score   support

           0       0.50      0.57      0.53        14
           1       0.55      0.85      0.67        39
           2       0.00      0.00      0.00         3
           3       1.00      0.13      0.24        15
           4       0.71      0.55      0.62        22
           5       0.52      0.48      0.50        25

    accuracy                           0.57       118
   macro avg       0.55      0.43      0.43       118
weighted avg       0.61      0.57      0.53       118

[Epoch 16] Validation Accuracy: 0.5678
Best model saved at epoch 16 with accuracy: 0.5678
[Epoch 17] Training Loss: 1.1578
Accuracy: 55.9322%, F1 Score: 0.4033

Detailed Report:
               precision    recall  f1-score   support

           0       0.50      0.57      0.53        14
           1       0.54      0.87      0.67        39
           2       0.00      0.00      0.00         3
           3       1.00      0.07      0.12        15
           4       0.73      0.50      0.59        22
           5       0.52      0.48      0.50        25

    accuracy                           0.56       118
   macro avg       0.55      0.41      0.40       118
weighted avg       0.61      0.56      0.52       118

[Epoch 17] Validation Accuracy: 0.5593
[Epoch 18] Training Loss: 1.1635
Accuracy: 58.4746%, F1 Score: 0.4463

Detailed Report:
               precision    recall  f1-score   support

           0       0.50      0.57      0.53        14
           1       0.56      0.87      0.68        39
           2       0.00      0.00      0.00         3
           3       0.75      0.20      0.32        15
           4       0.71      0.55      0.62        22
           5       0.60      0.48      0.53        25

    accuracy                           0.58       118
   macro avg       0.52      0.44      0.45       118
weighted avg       0.60      0.58      0.56       118

[Epoch 18] Validation Accuracy: 0.5847
Best model saved at epoch 18 with accuracy: 0.5847
[Epoch 19] Training Loss: 1.1499
Accuracy: 56.7797%, F1 Score: 0.4227

Detailed Report:
               precision    recall  f1-score   support

           0       0.50      0.57      0.53        14
           1       0.54      0.87      0.67        39
           2       0.00      0.00      0.00         3
           3       1.00      0.13      0.24        15
           4       0.69      0.50      0.58        22
           5       0.57      0.48      0.52        25

    accuracy                           0.57       118
   macro avg       0.55      0.43      0.42       118
weighted avg       0.61      0.57      0.53       118

[Epoch 19] Validation Accuracy: 0.5678
[Epoch 20] Training Loss: 1.1759
Accuracy: 57.6271%, F1 Score: 0.4400

Detailed Report:
               precision    recall  f1-score   support

           0       0.50      0.57      0.53        14
           1       0.54      0.87      0.67        39
           2       0.00      0.00      0.00         3
           3       0.75      0.20      0.32        15
           4       0.69      0.50      0.58        22
           5       0.63      0.48      0.55        25

    accuracy                           0.58       118
   macro avg       0.52      0.44      0.44       118
weighted avg       0.60      0.58      0.55       118

[Epoch 20] Validation Accuracy: 0.5763
[Epoch 21] Training Loss: 1.1426
Accuracy: 56.7797%, F1 Score: 0.4318

Detailed Report:
               precision    recall  f1-score   support

           0       0.50      0.57      0.53        14
           1       0.54      0.87      0.67        39
           2       0.00      0.00      0.00         3
           3       0.60      0.20      0.30        15
           4       0.69      0.50      0.58        22
           5       0.61      0.44      0.51        25

    accuracy                           0.57       118
   macro avg       0.49      0.43      0.43       118
weighted avg       0.57      0.57      0.54       118

[Epoch 21] Validation Accuracy: 0.5678
[Epoch 22] Training Loss: 1.1300
Accuracy: 55.9322%, F1 Score: 0.4234

Detailed Report:
               precision    recall  f1-score   support

           0       0.50      0.57      0.53        14
           1       0.54      0.87      0.67        39
           2       0.00      0.00      0.00         3
           3       0.60      0.20      0.30        15
           4       0.67      0.45      0.54        22
           5       0.58      0.44      0.50        25

    accuracy                           0.56       118
   macro avg       0.48      0.42      0.42       118
weighted avg       0.56      0.56      0.53       118

[Epoch 22] Validation Accuracy: 0.5593
[Epoch 23] Training Loss: 1.1418
Accuracy: 59.3220%, F1 Score: 0.4595

Detailed Report:
               precision    recall  f1-score   support

           0       0.50      0.57      0.53        14
           1       0.58      0.87      0.69        39
           2       0.00      0.00      0.00         3
           3       0.67      0.27      0.38        15
           4       0.71      0.55      0.62        22
           5       0.60      0.48      0.53        25

    accuracy                           0.59       118
   macro avg       0.51      0.46      0.46       118
weighted avg       0.59      0.59      0.57       118

[Epoch 23] Validation Accuracy: 0.5932
Best model saved at epoch 23 with accuracy: 0.5932
[Epoch 24] Training Loss: 1.1510
Accuracy: 58.4746%, F1 Score: 0.4544

Detailed Report:
               precision    recall  f1-score   support

           0       0.50      0.57      0.53        14
           1       0.57      0.85      0.68        39
           2       0.00      0.00      0.00         3
           3       0.57      0.27      0.36        15
           4       0.71      0.55      0.62        22
           5       0.60      0.48      0.53        25

    accuracy                           0.58       118
   macro avg       0.49      0.45      0.45       118
weighted avg       0.58      0.58      0.56       118

[Epoch 24] Validation Accuracy: 0.5847
[Epoch 25] Training Loss: 1.1390
Accuracy: 58.4746%, F1 Score: 0.4491

Detailed Report:
               precision    recall  f1-score   support

           0       0.47      0.50      0.48        14
           1       0.58      0.87      0.69        39
           2       0.00      0.00      0.00         3
           3       0.67      0.27      0.38        15
           4       0.71      0.55      0.62        22
           5       0.57      0.48      0.52        25

    accuracy                           0.58       118
   macro avg       0.50      0.44      0.45       118
weighted avg       0.58      0.58      0.56       118

[Epoch 25] Validation Accuracy: 0.5847
[Epoch 26] Training Loss: 1.1320
Accuracy: 57.6271%, F1 Score: 0.4377

Detailed Report:
               precision    recall  f1-score   support

           0       0.50      0.57      0.53        14
           1       0.56      0.87      0.68        39
           2       0.00      0.00      0.00         3
           3       0.50      0.20      0.29        15
           4       0.71      0.55      0.62        22
           5       0.61      0.44      0.51        25

    accuracy                           0.58       118
   macro avg       0.48      0.44      0.44       118
weighted avg       0.57      0.58      0.55       118

[Epoch 26] Validation Accuracy: 0.5763
[Epoch 27] Training Loss: 1.1330
Accuracy: 56.7797%, F1 Score: 0.4346

Detailed Report:
               precision    recall  f1-score   support

           0       0.47      0.50      0.48        14
           1       0.58      0.85      0.69        39
           2       0.00      0.00      0.00         3
           3       0.50      0.27      0.35        15
           4       0.69      0.50      0.58        22
           5       0.55      0.48      0.51        25

    accuracy                           0.57       118
   macro avg       0.46      0.43      0.43       118
weighted avg       0.55      0.57      0.54       118

[Epoch 27] Validation Accuracy: 0.5678
[Epoch 28] Training Loss: 1.1143
Accuracy: 57.6271%, F1 Score: 0.4419

Detailed Report:
               precision    recall  f1-score   support

           0       0.47      0.50      0.48        14
           1       0.57      0.87      0.69        39
           2       0.00      0.00      0.00         3
           3       0.67      0.27      0.38        15
           4       0.69      0.50      0.58        22
           5       0.57      0.48      0.52        25

    accuracy                           0.58       118
   macro avg       0.49      0.44      0.44       118
weighted avg       0.58      0.58      0.55       118

[Epoch 28] Validation Accuracy: 0.5763
Early stopping at epoch 28

----- Starting Evaluation on Test Set -----

Accuracy: 60.4730%, F1 Score: 0.4435

Detailed Report:
               precision    recall  f1-score   support

           0       0.50      0.50      0.50        36
           1       0.62      0.92      0.74        96
           2       0.00      0.00      0.00         9
           3       0.50      0.14      0.22        36
           4       0.70      0.55      0.62        56
           5       0.59      0.59      0.59        63

    accuracy                           0.60       296
   macro avg       0.48      0.45      0.44       296
weighted avg       0.58      0.60      0.57       296


游대 Run 4/5
[Split] Train size: 1062, Test size: 118
[Finetune mode] : finetune mode is 1
[Epoch 1] Training Loss: 1.6491
Accuracy: 44.9153%, F1 Score: 0.2643

Detailed Report:
               precision    recall  f1-score   support

           0       1.00      0.21      0.35        14
           1       0.41      1.00      0.59        39
           2       0.00      0.00      0.00         3
           3       0.00      0.00      0.00        15
           4       0.80      0.18      0.30        22
           5       0.47      0.28      0.35        25

    accuracy                           0.45       118
   macro avg       0.45      0.28      0.26       118
weighted avg       0.50      0.45      0.37       118

[Epoch 1] Validation Accuracy: 0.4492
Best model saved at epoch 1 with accuracy: 0.4492
[Epoch 2] Training Loss: 1.4955
Accuracy: 47.4576%, F1 Score: 0.2939

Detailed Report:
               precision    recall  f1-score   support

           0       0.67      0.29      0.40        14
           1       0.43      1.00      0.60        39
           2       0.00      0.00      0.00         3
           3       0.00      0.00      0.00        15
           4       0.75      0.27      0.40        22
           5       0.50      0.28      0.36        25

    accuracy                           0.47       118
   macro avg       0.39      0.31      0.29       118
weighted avg       0.47      0.47      0.40       118

[Epoch 2] Validation Accuracy: 0.4746
Best model saved at epoch 2 with accuracy: 0.4746
[Epoch 3] Training Loss: 1.4095
Accuracy: 50.0000%, F1 Score: 0.3214

Detailed Report:
               precision    recall  f1-score   support

           0       0.67      0.29      0.40        14
           1       0.46      0.97      0.62        39
           2       0.00      0.00      0.00         3
           3       0.00      0.00      0.00        15
           4       0.71      0.45      0.56        22
           5       0.47      0.28      0.35        25

    accuracy                           0.50       118
   macro avg       0.38      0.33      0.32       118
weighted avg       0.46      0.50      0.43       118

[Epoch 3] Validation Accuracy: 0.5000
Best model saved at epoch 3 with accuracy: 0.5000
[Epoch 4] Training Loss: 1.3884
Accuracy: 53.3898%, F1 Score: 0.3572

Detailed Report:
               precision    recall  f1-score   support

           0       0.71      0.36      0.48        14
           1       0.48      0.97      0.64        39
           2       0.00      0.00      0.00         3
           3       0.00      0.00      0.00        15
           4       0.73      0.50      0.59        22
           5       0.53      0.36      0.43        25

    accuracy                           0.53       118
   macro avg       0.41      0.37      0.36       118
weighted avg       0.49      0.53      0.47       118

[Epoch 4] Validation Accuracy: 0.5339
Best model saved at epoch 4 with accuracy: 0.5339
[Epoch 5] Training Loss: 1.3570
Accuracy: 53.3898%, F1 Score: 0.3569

Detailed Report:
               precision    recall  f1-score   support

           0       0.71      0.36      0.48        14
           1       0.49      0.97      0.65        39
           2       0.00      0.00      0.00         3
           3       0.00      0.00      0.00        15
           4       0.77      0.45      0.57        22
           5       0.50      0.40      0.44        25

    accuracy                           0.53       118
   macro avg       0.41      0.36      0.36       118
weighted avg       0.50      0.53      0.47       118

[Epoch 5] Validation Accuracy: 0.5339
[Epoch 6] Training Loss: 1.3108
Accuracy: 54.2373%, F1 Score: 0.3635

Detailed Report:
               precision    recall  f1-score   support

           0       0.71      0.36      0.48        14
           1       0.49      0.97      0.66        39
           2       0.00      0.00      0.00         3
           3       0.00      0.00      0.00        15
           4       0.77      0.45      0.57        22
           5       0.52      0.44      0.48        25

    accuracy                           0.54       118
   macro avg       0.42      0.37      0.36       118
weighted avg       0.50      0.54      0.48       118

[Epoch 6] Validation Accuracy: 0.5424
Best model saved at epoch 6 with accuracy: 0.5424
[Epoch 7] Training Loss: 1.2820
Accuracy: 57.6271%, F1 Score: 0.3897

Detailed Report:
               precision    recall  f1-score   support

           0       0.71      0.36      0.48        14
           1       0.53      0.95      0.68        39
           2       0.00      0.00      0.00         3
           3       0.00      0.00      0.00        15
           4       0.73      0.50      0.59        22
           5       0.58      0.60      0.59        25

    accuracy                           0.58       118
   macro avg       0.43      0.40      0.39       118
weighted avg       0.52      0.58      0.52       118

[Epoch 7] Validation Accuracy: 0.5763
Best model saved at epoch 7 with accuracy: 0.5763
[Epoch 8] Training Loss: 1.2737
Accuracy: 56.7797%, F1 Score: 0.3819

Detailed Report:
               precision    recall  f1-score   support

           0       0.71      0.36      0.48        14
           1       0.51      0.97      0.67        39
           2       0.00      0.00      0.00         3
           3       0.00      0.00      0.00        15
           4       0.77      0.45      0.57        22
           5       0.58      0.56      0.57        25

    accuracy                           0.57       118
   macro avg       0.43      0.39      0.38       118
weighted avg       0.52      0.57      0.51       118

[Epoch 8] Validation Accuracy: 0.5678
[Epoch 9] Training Loss: 1.2527
Accuracy: 56.7797%, F1 Score: 0.3793

Detailed Report:
               precision    recall  f1-score   support

           0       0.56      0.36      0.43        14
           1       0.54      0.95      0.69        39
           2       0.00      0.00      0.00         3
           3       0.00      0.00      0.00        15
           4       0.79      0.50      0.61        22
           5       0.52      0.56      0.54        25

    accuracy                           0.57       118
   macro avg       0.40      0.39      0.38       118
weighted avg       0.50      0.57      0.51       118

[Epoch 9] Validation Accuracy: 0.5678
[Epoch 10] Training Loss: 1.2195
Accuracy: 56.7797%, F1 Score: 0.3832

Detailed Report:
               precision    recall  f1-score   support

           0       0.55      0.43      0.48        14
           1       0.55      0.95      0.70        39
           2       0.00      0.00      0.00         3
           3       0.00      0.00      0.00        15
           4       0.79      0.50      0.61        22
           5       0.50      0.52      0.51        25

    accuracy                           0.57       118
   macro avg       0.40      0.40      0.38       118
weighted avg       0.50      0.57      0.51       118

[Epoch 10] Validation Accuracy: 0.5678
[Epoch 11] Training Loss: 1.2218
Accuracy: 56.7797%, F1 Score: 0.3826

Detailed Report:
               precision    recall  f1-score   support

           0       0.55      0.43      0.48        14
           1       0.56      0.95      0.70        39
           2       0.00      0.00      0.00         3
           3       0.00      0.00      0.00        15
           4       0.79      0.50      0.61        22
           5       0.48      0.52      0.50        25

    accuracy                           0.57       118
   macro avg       0.40      0.40      0.38       118
weighted avg       0.50      0.57      0.51       118

[Epoch 11] Validation Accuracy: 0.5678
[Epoch 12] Training Loss: 1.2055
Accuracy: 55.9322%, F1 Score: 0.3715

Detailed Report:
               precision    recall  f1-score   support

           0       0.50      0.36      0.42        14
           1       0.54      0.95      0.69        39
           2       0.00      0.00      0.00         3
           3       0.00      0.00      0.00        15
           4       0.79      0.50      0.61        22
           5       0.50      0.52      0.51        25

    accuracy                           0.56       118
   macro avg       0.39      0.39      0.37       118
weighted avg       0.49      0.56      0.50       118

[Epoch 12] Validation Accuracy: 0.5593
Early stopping at epoch 12

----- Starting Evaluation on Test Set -----

Accuracy: 55.7432%, F1 Score: 0.3652

Detailed Report:
               precision    recall  f1-score   support

           0       0.45      0.36      0.40        36
           1       0.55      0.96      0.70        96
           2       0.00      0.00      0.00         9
           3       0.00      0.00      0.00        36
           4       0.59      0.48      0.53        56
           5       0.60      0.52      0.56        63

    accuracy                           0.56       296
   macro avg       0.36      0.39      0.37       296
weighted avg       0.47      0.56      0.50       296


游대 Run 5/5
[Split] Train size: 1062, Test size: 118
[Finetune mode] : finetune mode is 1
[Epoch 1] Training Loss: 1.7880
Accuracy: 38.1356%, F1 Score: 0.1611

Detailed Report:
               precision    recall  f1-score   support

           0       0.00      0.00      0.00        14
           1       0.35      1.00      0.52        39
           2       0.00      0.00      0.00         3
           3       0.00      0.00      0.00        15
           4       1.00      0.14      0.24        22
           5       0.75      0.12      0.21        25

    accuracy                           0.38       118
   macro avg       0.35      0.21      0.16       118
weighted avg       0.46      0.38      0.26       118

[Epoch 1] Validation Accuracy: 0.3814
Best model saved at epoch 1 with accuracy: 0.3814
[Epoch 2] Training Loss: 1.5460
Accuracy: 43.2203%, F1 Score: 0.2187

Detailed Report:
               precision    recall  f1-score   support

           0       0.00      0.00      0.00        14
           1       0.38      1.00      0.55        39
           2       0.00      0.00      0.00         3
           3       0.00      0.00      0.00        15
           4       1.00      0.23      0.37        22
           5       0.64      0.28      0.39        25

    accuracy                           0.43       118
   macro avg       0.34      0.25      0.22       118
weighted avg       0.45      0.43      0.33       118

[Epoch 2] Validation Accuracy: 0.4322
Best model saved at epoch 2 with accuracy: 0.4322
[Epoch 3] Training Loss: 1.4576
Accuracy: 44.9153%, F1 Score: 0.2319

Detailed Report:
               precision    recall  f1-score   support

           0       0.00      0.00      0.00        14
           1       0.41      1.00      0.58        39
           2       0.00      0.00      0.00         3
           3       0.00      0.00      0.00        15
           4       1.00      0.27      0.43        22
           5       0.47      0.32      0.38        25

    accuracy                           0.45       118
   macro avg       0.31      0.27      0.23       118
weighted avg       0.42      0.45      0.35       118

[Epoch 3] Validation Accuracy: 0.4492
Best model saved at epoch 3 with accuracy: 0.4492
[Epoch 4] Training Loss: 1.4043
Accuracy: 47.4576%, F1 Score: 0.2638

Detailed Report:
               precision    recall  f1-score   support

           0       1.00      0.07      0.13        14
           1       0.45      1.00      0.62        39
           2       0.00      0.00      0.00         3
           3       0.00      0.00      0.00        15
           4       0.86      0.27      0.41        22
           5       0.43      0.40      0.42        25

    accuracy                           0.47       118
   macro avg       0.46      0.29      0.26       118
weighted avg       0.52      0.47      0.39       118

[Epoch 4] Validation Accuracy: 0.4746
Best model saved at epoch 4 with accuracy: 0.4746
[Epoch 5] Training Loss: 1.3589
Accuracy: 50.8475%, F1 Score: 0.3047

Detailed Report:
               precision    recall  f1-score   support

           0       1.00      0.14      0.25        14
           1       0.48      1.00      0.65        39
           2       0.00      0.00      0.00         3
           3       0.00      0.00      0.00        15
           4       0.88      0.32      0.47        22
           5       0.44      0.48      0.46        25

    accuracy                           0.51       118
   macro avg       0.47      0.32      0.30       118
weighted avg       0.54      0.51      0.43       118

[Epoch 5] Validation Accuracy: 0.5085
Best model saved at epoch 5 with accuracy: 0.5085
[Epoch 6] Training Loss: 1.3275
Accuracy: 51.6949%, F1 Score: 0.3276

Detailed Report:
               precision    recall  f1-score   support

           0       0.50      0.29      0.36        14
           1       0.49      0.97      0.66        39
           2       0.00      0.00      0.00         3
           3       0.00      0.00      0.00        15
           4       0.88      0.32      0.47        22
           5       0.48      0.48      0.48        25

    accuracy                           0.52       118
   macro avg       0.39      0.34      0.33       118
weighted avg       0.49      0.52      0.45       118

[Epoch 6] Validation Accuracy: 0.5169
Best model saved at epoch 6 with accuracy: 0.5169
[Epoch 7] Training Loss: 1.2936
Accuracy: 53.3898%, F1 Score: 0.3479

Detailed Report:
               precision    recall  f1-score   support

           0       0.44      0.29      0.35        14
           1       0.49      0.97      0.66        39
           2       0.00      0.00      0.00         3
           3       0.00      0.00      0.00        15
           4       0.91      0.45      0.61        22
           5       0.52      0.44      0.48        25

    accuracy                           0.53       118
   macro avg       0.40      0.36      0.35       118
weighted avg       0.50      0.53      0.47       118

[Epoch 7] Validation Accuracy: 0.5339
Best model saved at epoch 7 with accuracy: 0.5339
[Epoch 8] Training Loss: 1.2843
Accuracy: 52.5424%, F1 Score: 0.3343

Detailed Report:
               precision    recall  f1-score   support

           0       0.50      0.29      0.36        14
           1       0.51      0.95      0.67        39
           2       0.00      0.00      0.00         3
           3       0.00      0.00      0.00        15
           4       0.88      0.32      0.47        22
           5       0.47      0.56      0.51        25

    accuracy                           0.53       118
   macro avg       0.39      0.35      0.33       118
weighted avg       0.49      0.53      0.46       118

[Epoch 8] Validation Accuracy: 0.5254
[Epoch 9] Training Loss: 1.2472
Accuracy: 54.2373%, F1 Score: 0.3538

Detailed Report:
               precision    recall  f1-score   support

           0       0.44      0.29      0.35        14
           1       0.51      0.95      0.67        39
           2       0.00      0.00      0.00         3
           3       0.00      0.00      0.00        15
           4       0.83      0.45      0.59        22
           5       0.52      0.52      0.52        25

    accuracy                           0.54       118
   macro avg       0.39      0.37      0.35       118
weighted avg       0.49      0.54      0.48       118

[Epoch 9] Validation Accuracy: 0.5424
Best model saved at epoch 9 with accuracy: 0.5424
[Epoch 10] Training Loss: 1.2331
Accuracy: 51.6949%, F1 Score: 0.3285

Detailed Report:
               precision    recall  f1-score   support

           0       0.36      0.29      0.32        14
           1       0.51      0.97      0.67        39
           2       0.00      0.00      0.00         3
           3       0.00      0.00      0.00        15
           4       0.89      0.36      0.52        22
           5       0.50      0.44      0.47        25

    accuracy                           0.52       118
   macro avg       0.38      0.34      0.33       118
weighted avg       0.48      0.52      0.45       118

[Epoch 10] Validation Accuracy: 0.5169
[Epoch 11] Training Loss: 1.2214
Accuracy: 54.2373%, F1 Score: 0.3702

Detailed Report:
               precision    recall  f1-score   support

           0       0.36      0.29      0.32        14
           1       0.51      0.95      0.67        39
           2       0.00      0.00      0.00         3
           3       0.50      0.07      0.12        15
           4       0.91      0.45      0.61        22
           5       0.55      0.48      0.51        25

    accuracy                           0.54       118
   macro avg       0.47      0.37      0.37       118
weighted avg       0.56      0.54      0.49       118

[Epoch 11] Validation Accuracy: 0.5424
Best model saved at epoch 11 with accuracy: 0.5424
[Epoch 12] Training Loss: 1.2020
Accuracy: 53.3898%, F1 Score: 0.3637

Detailed Report:
               precision    recall  f1-score   support

           0       0.36      0.29      0.32        14
           1       0.51      0.95      0.67        39
           2       0.00      0.00      0.00         3
           3       0.33      0.07      0.11        15
           4       0.91      0.45      0.61        22
           5       0.52      0.44      0.48        25

    accuracy                           0.53       118
   macro avg       0.44      0.37      0.36       118
weighted avg       0.54      0.53      0.49       118

[Epoch 12] Validation Accuracy: 0.5339
[Epoch 13] Training Loss: 1.1632
Accuracy: 52.5424%, F1 Score: 0.3588

Detailed Report:
               precision    recall  f1-score   support

           0       0.31      0.29      0.30        14
           1       0.51      0.92      0.65        39
           2       0.00      0.00      0.00         3
           3       0.50      0.07      0.12        15
           4       0.91      0.45      0.61        22
           5       0.52      0.44      0.48        25

    accuracy                           0.53       118
   macro avg       0.46      0.36      0.36       118
weighted avg       0.55      0.53      0.48       118

[Epoch 13] Validation Accuracy: 0.5254
[Epoch 14] Training Loss: 1.2026
Accuracy: 52.5424%, F1 Score: 0.3553

Detailed Report:
               precision    recall  f1-score   support

           0       0.36      0.29      0.32        14
           1       0.51      0.92      0.66        39
           2       0.00      0.00      0.00         3
           3       0.50      0.07      0.12        15
           4       1.00      0.36      0.53        22
           5       0.48      0.52      0.50        25

    accuracy                           0.53       118
   macro avg       0.48      0.36      0.36       118
weighted avg       0.57      0.53      0.48       118

[Epoch 14] Validation Accuracy: 0.5254
[Epoch 15] Training Loss: 1.1794
Accuracy: 57.6271%, F1 Score: 0.4154

Detailed Report:
               precision    recall  f1-score   support

           0       0.42      0.36      0.38        14
           1       0.56      0.92      0.70        39
           2       0.00      0.00      0.00         3
           3       0.67      0.13      0.22        15
           4       0.86      0.55      0.67        22
           5       0.52      0.52      0.52        25

    accuracy                           0.58       118
   macro avg       0.50      0.41      0.42       118
weighted avg       0.59      0.58      0.54       118

[Epoch 15] Validation Accuracy: 0.5763
Best model saved at epoch 15 with accuracy: 0.5763
[Epoch 16] Training Loss: 1.1702
Accuracy: 54.2373%, F1 Score: 0.3921

Detailed Report:
               precision    recall  f1-score   support

           0       0.36      0.29      0.32        14
           1       0.53      0.92      0.67        39
           2       0.00      0.00      0.00         3
           3       0.50      0.20      0.29        15
           4       0.91      0.45      0.61        22
           5       0.50      0.44      0.47        25

    accuracy                           0.54       118
   macro avg       0.47      0.38      0.39       118
weighted avg       0.56      0.54      0.51       118

[Epoch 16] Validation Accuracy: 0.5424
[Epoch 17] Training Loss: 1.1914
Accuracy: 54.2373%, F1 Score: 0.3921

Detailed Report:
               precision    recall  f1-score   support

           0       0.36      0.29      0.32        14
           1       0.53      0.92      0.67        39
           2       0.00      0.00      0.00         3
           3       0.50      0.20      0.29        15
           4       0.91      0.45      0.61        22
           5       0.50      0.44      0.47        25

    accuracy                           0.54       118
   macro avg       0.47      0.38      0.39       118
weighted avg       0.56      0.54      0.51       118

[Epoch 17] Validation Accuracy: 0.5424
[Epoch 18] Training Loss: 1.1650
Accuracy: 54.2373%, F1 Score: 0.3860

Detailed Report:
               precision    recall  f1-score   support

           0       0.36      0.29      0.32        14
           1       0.51      0.92      0.66        39
           2       0.00      0.00      0.00         3
           3       0.50      0.13      0.21        15
           4       1.00      0.45      0.62        22
           5       0.52      0.48      0.50        25

    accuracy                           0.54       118
   macro avg       0.48      0.38      0.39       118
weighted avg       0.57      0.54      0.51       118

[Epoch 18] Validation Accuracy: 0.5424
[Epoch 19] Training Loss: 1.1548
Accuracy: 54.2373%, F1 Score: 0.3982

Detailed Report:
               precision    recall  f1-score   support

           0       0.36      0.29      0.32        14
           1       0.53      0.92      0.67        39
           2       0.00      0.00      0.00         3
           3       0.50      0.27      0.35        15
           4       1.00      0.41      0.58        22
           5       0.50      0.44      0.47        25

    accuracy                           0.54       118
   macro avg       0.48      0.39      0.40       118
weighted avg       0.57      0.54      0.51       118

[Epoch 19] Validation Accuracy: 0.5424
[Epoch 20] Training Loss: 1.1529
Accuracy: 53.3898%, F1 Score: 0.3762

Detailed Report:
               precision    recall  f1-score   support

           0       0.36      0.29      0.32        14
           1       0.52      0.92      0.67        39
           2       0.00      0.00      0.00         3
           3       0.40      0.13      0.20        15
           4       1.00      0.41      0.58        22
           5       0.50      0.48      0.49        25

    accuracy                           0.53       118
   macro avg       0.46      0.37      0.38       118
weighted avg       0.56      0.53      0.50       118

[Epoch 20] Validation Accuracy: 0.5339
Early stopping at epoch 20

----- Starting Evaluation on Test Set -----

Accuracy: 59.4595%, F1 Score: 0.4137

Detailed Report:
               precision    recall  f1-score   support

           0       0.49      0.56      0.52        36
           1       0.61      0.92      0.73        96
           2       0.00      0.00      0.00         9
           3       0.50      0.03      0.05        36
           4       0.67      0.54      0.59        56
           5       0.58      0.59      0.58        63

    accuracy                           0.59       296
   macro avg       0.47      0.44      0.41       296
weighted avg       0.57      0.59      0.54       296


Final Test Accuracy over 5 runs: 0.5689 췀 0.0261
Final Test F1 Score over 5 runs: 0.3858 췀 0.0370
